0dBFS level = 32768.0
--Csound version 6.14 (double samples) 2020-11-20
[commit: none]
libsndfile-1.0.31
UnifiedCSD:  oscilla.csd
STARTING FILE
Creating options
Creating orchestra
closing tag
Creating score
rtaudio: ALSA module enabled
rtmidi: ALSA Raw MIDI module enabled
instr room uses instrument number 10
instr mixer uses instrument number 11
instr loopback uses instrument number 12
instr dom uses instrument number 13
instr tak uses instrument number 14
instr sak uses instrument number 15
instr sik uses instrument number 16
instr sagat uses instrument number 17
instr tin uses instrument number 18
Elapsed time at end of orchestra compile: real: 0.015s, CPU: 0.015s
sorting score ...
Warp_factor = 8.000000
Warp_factor = 8.000000
Warp_factor = 8.000000
Warp_factor = 8.000000
Warp_factor = 4.000000
Clockbase = 4.000000
Warp_factor = 8.000000
Warp_factor = 4.000000
Clockbase = 4.000000
Warp_factor = 8.000000
Warp_factor = 4.000000
Clockbase = 4.000000
Warp_factor = 8.000000
Warp_factor = 4.000000
Clockbase = 4.000000
	... done
Elapsed time at end of score sort: real: 0.028s, CPU: 0.028s
graphics suppressed, ascii substituted
0dBFS level = 1.0
ftable 101:
WARNING: prerequisites/marmstk1.wav sr = 22050, orch sr = 48000.0
audio sr = 22050, monaural
opening WAV infile prerequisites/marmstk1.wav
ftable 101:	256 points, scalemax 1.000
      _

           _



                    .
     _            .
   -      .    _           _             -      _
 -                       '      . - -  _    _        -
__._'____.______'_____-_______.____________-__.___.-___'________
             .       .         .   - .  .      _    .
                       '  ' .                '   -    _
                        '        .    .   '
              '  . .
            -

       _
        _
ftable 102:
ftable 102:	128 points, scalemax 1.000
                _
            _-'' ''-_
          .'         '.
        _-             -_
       .                 .
      -                   -
     -                     -
    '                       '
   '                         '
  '                           '
_'_____________________________'________________________________
                                 _                             _
                                  _                           _
                                   _                         _
                                    _                       _
                                     .                     .
                                      .                   .
                                       -                 -
                                        '.             .'
                                          -_         _-
                                            '._____.'
orch now loaded
audio buffered in 256 sample-frame blocks
ALSA output: total buffer size: 1024, period size: 256
writing 512 sample blks of 64-bit floats to dac
SECTION 1:
new alloc for instr room:
new alloc for instr room:
new alloc for instr mixer:
new alloc for instr tin:
new alloc for instr tin:
new alloc for instr tin:
 i 9.000000 0.031250 0.031250 16.000000 8.000000 9.000000 "drone" 8.000000 3.000000 
B  0.000 ..  0.125 T  0.063 TT  0.063 M:  0.00484  0.00396
 i 9.000000 0.031250 0.031250 16.000000 8.000000 0.000000 "drone" 8.000000 3.000000 
B  0.125 ..  0.250 T  0.125 TT  0.125 M:  0.01103  0.01116
 i 9.000000 0.015625 0.015625 16.000000 8.000000 0.000000 "drone" 8.000000 3.000000 
 i 9.000000 0.031250 0.015625 16.000000 8.000000 0.000000 "drone" 8.000000 3.000000 
 i 9.000000 0.046875 0.015625 16.000000 8.000000 0.000000 "drone" 8.000000 3.000000 
 i 9.000000 0.015625 0.015625 16.000000 8.000000 5.000000 "drone" 8.000000 3.000000 
 i 9.000000 0.031250 0.015625 16.000000 8.000000 5.000000 "drone" 8.000000 3.000000 
 i 9.000000 0.046875 0.015625 16.000000 8.000000 5.000000 "drone" 8.000000 3.000000 
 i 9.000000 0.031250 0.031250 16.000000 8.000000 9.000000 "drone" 8.000000 3.000000 
B  0.250 ..  0.375 T  0.187 TT  0.187 M:  0.02206  0.01560
 i 9.000000 0.031250 0.031250 16.000000 8.000000 9.000000 "drone" 8.000000 3.000000 
B  0.375 ..  0.500 T  0.250 TT  0.250 M:  0.01661  0.02080
 i 9.000000 0.015625 0.015625 16.000000 8.000000 0.000000 "drone" 8.000000 3.000000 
 i 9.000000 0.031250 0.015625 16.000000 8.000000 0.000000 "drone" 8.000000 3.000000 
 i 9.000000 0.046875 0.015625 16.000000 8.000000 0.000000 "drone" 8.000000 3.000000 
 i 9.000000 0.015625 0.015625 16.000000 8.000000 5.000000 "drone" 8.000000 3.000000 
 i 9.000000 0.031250 0.015625 16.000000 8.000000 5.000000 "drone" 8.000000 3.000000 
 i 9.000000 0.046875 0.015625 16.000000 8.000000 5.000000 "drone" 8.000000 3.000000 
 i 9.000000 0.015625 0.015625 16.000000 8.000000 9.000000 "drone" 8.000000 3.000000 
 i 9.000000 0.031250 0.015625 16.000000 8.000000 9.000000 "drone" 8.000000 3.000000 
 i 9.000000 0.046875 0.015625 16.000000 8.000000 9.000000 "drone" 8.000000 3.000000 
B  0.500 ..  0.625 T  0.313 TT  0.313 M:  0.01921  0.01789
 i 9.000000 0.015625 0.015625 16.000000 8.000000 0.000000 "drone" 8.000000 3.000000 
 i 9.000000 0.031250 0.015625 16.000000 8.000000 0.000000 "drone" 8.000000 3.000000 
 i 9.000000 0.046875 0.015625 16.000000 8.000000 0.000000 "drone" 8.000000 3.000000 
 i 9.000000 0.031250 0.031250 16.000000 8.000000 5.000000 "drone" 8.000000 3.000000 
B  0.625 ..  0.750 T  0.375 TT  0.375 M:  0.01661  0.01434
 i 9.000000 0.031250 0.031250 16.000000 8.000000 0.000000 "drone" 8.000000 3.000000 
 i 9.000000 0.031250 0.031250 16.000000 8.000000 9.000000 "drone" 8.000000 3.000000 
B  0.750 ..  0.875 T  0.437 TT  0.437 M:  0.01922  0.01925
 i 9.000000 0.015625 0.015625 16.000000 8.000000 0.000000 "drone" 8.000000 3.000000 
 i 9.000000 0.031250 0.015625 16.000000 8.000000 0.000000 "drone" 8.000000 3.000000 
 i 9.000000 0.046875 0.015625 16.000000 8.000000 0.000000 "drone" 8.000000 3.000000 
 i 9.000000 0.031250 0.031250 16.000000 8.000000 9.000000 "drone" 8.000000 3.000000 
B  0.875 ..  1.000 T  0.500 TT  0.500 M:  0.02337  0.01787
 i 9.000000 0.015625 0.015625 16.000000 8.000000 0.000000 "drone" 8.000000 3.000000 
 i 9.000000 0.031250 0.015625 16.000000 8.000000 0.000000 "drone" 8.000000 3.000000 
 i 9.000000 0.046875 0.015625 16.000000 8.000000 0.000000 "drone" 8.000000 3.000000 
B  1.000 ..  1.125 T  0.563 TT  0.563 M:  0.02478  0.02037
 i 9.000000 0.015625 0.015625 16.000000 8.000000 0.000000 "drone" 8.000000 3.000000 
 i 9.000000 0.031250 0.015625 16.000000 8.000000 0.000000 "drone" 8.000000 3.000000 
 i 9.000000 0.046875 0.015625 16.000000 8.000000 0.000000 "drone" 8.000000 3.000000 
 i 9.000000 0.015625 0.015625 16.000000 8.000000 9.000000 "drone" 8.000000 3.000000 
 i 9.000000 0.031250 0.015625 16.000000 8.000000 9.000000 "drone" 8.000000 3.000000 
 i 9.000000 0.046875 0.015625 16.000000 8.000000 9.000000 "drone" 8.000000 3.000000 
B  1.125 ..  1.250 T  0.625 TT  0.625 M:  0.01843  0.02092
 i 9.000000 0.031250 0.031250 16.000000 8.000000 5.000000 "drone" 8.000000 3.000000 
 i 9.000000 0.015625 0.015625 16.000000 8.000000 9.000000 "drone" 8.000000 3.000000 
 i 9.000000 0.031250 0.015625 16.000000 8.000000 9.000000 "drone" 8.000000 3.000000 
 i 9.000000 0.046875 0.015625 16.000000 8.000000 9.000000 "drone" 8.000000 3.000000 
B  1.250 ..  1.375 T  0.687 TT  0.687 M:  0.01879  0.01741
 i 9.000000 0.031250 0.031250 16.000000 8.000000 5.000000 "drone" 8.000000 3.000000 
 i 9.000000 0.015625 0.015625 16.000000 8.000000 9.000000 "drone" 8.000000 3.000000 
 i 9.000000 0.031250 0.015625 16.000000 8.000000 9.000000 "drone" 8.000000 3.000000 
 i 9.000000 0.046875 0.015625 16.000000 8.000000 9.000000 "drone" 8.000000 3.000000 
B  1.375 ..  1.500 T  0.750 TT  0.750 M:  0.01937  0.01665
 i 9.000000 0.031250 0.031250 16.000000 8.000000 0.000000 "drone" 8.000000 3.000000 
 i 9.000000 0.015625 0.015625 16.000000 8.000000 9.000000 "drone" 8.000000 3.000000 
 i 9.000000 0.031250 0.015625 16.000000 8.000000 9.000000 "drone" 8.000000 3.000000 
 i 9.000000 0.046875 0.015625 16.000000 8.000000 9.000000 "drone" 8.000000 3.000000 
B  1.500 ..  1.625 T  0.813 TT  0.813 M:  0.01677  0.01749
 i 9.000000 0.015625 0.015625 16.000000 8.000000 0.000000 "drone" 8.000000 3.000000 
 i 9.000000 0.031250 0.015625 16.000000 8.000000 0.000000 "drone" 8.000000 3.000000 
 i 9.000000 0.046875 0.015625 16.000000 8.000000 0.000000 "drone" 8.000000 3.000000 
B  1.625 ..  1.750 T  0.875 TT  0.875 M:  0.01601  0.01699
 i 9.000000 0.015625 0.015625 16.000000 8.000000 0.000000 "drone" 8.000000 3.000000 
 i 9.000000 0.031250 0.015625 16.000000 8.000000 0.000000 "drone" 8.000000 3.000000 
 i 9.000000 0.046875 0.015625 16.000000 8.000000 0.000000 "drone" 8.000000 3.000000 
 i 9.000000 0.015625 0.015625 16.000000 8.000000 5.000000 "drone" 8.000000 3.000000 
 i 9.000000 0.031250 0.015625 16.000000 8.000000 5.000000 "drone" 8.000000 3.000000 
 i 9.000000 0.046875 0.015625 16.000000 8.000000 5.000000 "drone" 8.000000 3.000000 
 i 9.000000 0.015625 0.015625 16.000000 8.000000 9.000000 "drone" 8.000000 3.000000 
 i 9.000000 0.031250 0.015625 16.000000 8.000000 9.000000 "drone" 8.000000 3.000000 
 i 9.000000 0.046875 0.015625 16.000000 8.000000 9.000000 "drone" 8.000000 3.000000 
B  1.750 ..  1.875 T  0.937 TT  0.937 M:  0.01510  0.01579
 i 9.000000 0.031250 0.031250 16.000000 8.000000 5.000000 "drone" 8.000000 3.000000 
WARNING: Buffer underrun in real-time audio output
B  1.875 ..  2.000 T  1.000 TT  1.000 M:  0.01470  0.01291
 i 9.000000 0.015625 0.015625 16.000000 8.000000 0.000000 "drone" 8.000000 3.000000 
 i 9.000000 0.031250 0.015625 16.000000 8.000000 0.000000 "drone" 8.000000 3.000000 
 i 9.000000 0.046875 0.015625 16.000000 8.000000 0.000000 "drone" 8.000000 3.000000 
 i 9.000000 0.031250 0.031250 16.000000 8.000000 5.000000 "drone" 8.000000 3.000000 
B  2.000 ..  2.125 T  1.063 TT  1.063 M:  0.02054  0.01693
 i 9.000000 0.031250 0.031250 16.000000 8.000000 0.000000 "drone" 8.000000 3.000000 
 i 9.000000 0.015625 0.015625 16.000000 8.000000 9.000000 "drone" 8.000000 3.000000 
 i 9.000000 0.031250 0.015625 16.000000 8.000000 9.000000 "drone" 8.000000 3.000000 
 i 9.000000 0.046875 0.015625 16.000000 8.000000 9.000000 "drone" 8.000000 3.000000 
B  2.125 ..  2.250 T  1.125 TT  1.125 M:  0.01667  0.01659
 i 9.000000 0.031250 0.031250 16.000000 8.000000 9.000000 "drone" 8.000000 3.000000 
B  2.250 ..  2.375 T  1.187 TT  1.187 M:  0.01340  0.01333
 i 9.000000 0.015625 0.015625 16.000000 8.000000 0.000000 "drone" 8.000000 3.000000 
 i 9.000000 0.031250 0.015625 16.000000 8.000000 0.000000 "drone" 8.000000 3.000000 
 i 9.000000 0.046875 0.015625 16.000000 8.000000 0.000000 "drone" 8.000000 3.000000 
B  2.375 ..  2.500 T  1.250 TT  1.250 M:  0.01549  0.01540
 i 9.000000 0.031250 0.031250 16.000000 8.000000 0.000000 "drone" 8.000000 3.000000 
 i 9.000000 0.031250 0.031250 16.000000 8.000000 9.000000 "drone" 8.000000 3.000000 
B  2.500 ..  2.625 T  1.313 TT  1.313 M:  0.01596  0.02018
 i 9.000000 0.015625 0.015625 16.000000 8.000000 0.000000 "drone" 8.000000 3.000000 
 i 9.000000 0.031250 0.015625 16.000000 8.000000 0.000000 "drone" 8.000000 3.000000 
 i 9.000000 0.046875 0.015625 16.000000 8.000000 0.000000 "drone" 8.000000 3.000000 
 i 9.000000 0.031250 0.031250 16.000000 8.000000 5.000000 "drone" 8.000000 3.000000 
 i 9.000000 0.031250 0.031250 16.000000 8.000000 9.000000 "drone" 8.000000 3.000000 
B  2.625 ..  2.750 T  1.375 TT  1.375 M:  0.01266  0.01644
 i 9.000000 0.015625 0.015625 16.000000 8.000000 0.000000 "drone" 8.000000 3.000000 
 i 9.000000 0.031250 0.015625 16.000000 8.000000 0.000000 "drone" 8.000000 3.000000 
 i 9.000000 0.046875 0.015625 16.000000 8.000000 0.000000 "drone" 8.000000 3.000000 
 i 9.000000 0.015625 0.015625 16.000000 8.000000 9.000000 "drone" 8.000000 3.000000 
 i 9.000000 0.031250 0.015625 16.000000 8.000000 9.000000 "drone" 8.000000 3.000000 
 i 9.000000 0.046875 0.015625 16.000000 8.000000 9.000000 "drone" 8.000000 3.000000 
B  2.750 ..  2.875 T  1.437 TT  1.437 M:  0.01107  0.01434
 i 9.000000 0.031250 0.031250 16.000000 8.000000 5.000000 "drone" 8.000000 3.000000 
B  2.875 ..  3.000 T  1.500 TT  1.500 M:  0.01356  0.01250
 i 9.000000 0.015625 0.015625 16.000000 8.000000 0.000000 "drone" 8.000000 3.000000 
 i 9.000000 0.031250 0.015625 16.000000 8.000000 0.000000 "drone" 8.000000 3.000000 
 i 9.000000 0.046875 0.015625 16.000000 8.000000 0.000000 "drone" 8.000000 3.000000 
 i 9.000000 0.015625 0.015625 16.000000 8.000000 5.000000 "drone" 8.000000 3.000000 
 i 9.000000 0.031250 0.015625 16.000000 8.000000 5.000000 "drone" 8.000000 3.000000 
 i 9.000000 0.046875 0.015625 16.000000 8.000000 5.000000 "drone" 8.000000 3.000000 
B  3.000 ..  3.125 T  1.563 TT  1.563 M:  0.01367  0.01841
 i 9.000000 0.031250 0.031250 16.000000 8.000000 0.000000 "drone" 8.000000 3.000000 
B  3.125 ..  3.250 T  1.625 TT  1.625 M:  0.01580  0.02030
 i 9.000000 0.031250 0.031250 16.000000 8.000000 0.000000 "drone" 8.000000 3.000000 
 i 9.000000 0.031250 0.031250 16.000000 8.000000 5.000000 "drone" 8.000000 3.000000 
 i 9.000000 0.031250 0.031250 16.000000 8.000000 9.000000 "drone" 8.000000 3.000000 
B  3.250 ..  3.375 T  1.687 TT  1.687 M:  0.01528  0.01882
 i 9.000000 0.015625 0.015625 16.000000 8.000000 0.000000 "drone" 8.000000 3.000000 
 i 9.000000 0.031250 0.015625 16.000000 8.000000 0.000000 "drone" 8.000000 3.000000 
 i 9.000000 0.046875 0.015625 16.000000 8.000000 0.000000 "drone" 8.000000 3.000000 
B  3.375 ..  3.500 T  1.750 TT  1.750 M:  0.01848  0.01672
 i 9.000000 0.031250 0.031250 16.000000 8.000000 9.000000 "drone" 8.000000 3.000000 
B  3.500 ..  3.625 T  1.813 TT  1.813 M:  0.01639  0.01727
 i 9.000000 0.031250 0.031250 16.000000 8.000000 0.000000 "drone" 8.000000 3.000000 
 i 9.000000 0.031250 0.031250 16.000000 8.000000 5.000000 "drone" 8.000000 3.000000 
B  3.625 ..  3.750 T  1.875 TT  1.875 M:  0.01828  0.01744
 i 9.000000 0.015625 0.015625 16.000000 8.000000 0.000000 "drone" 8.000000 3.000000 
 i 9.000000 0.031250 0.015625 16.000000 8.000000 0.000000 "drone" 8.000000 3.000000 
 i 9.000000 0.046875 0.015625 16.000000 8.000000 0.000000 "drone" 8.000000 3.000000 
 i 9.000000 0.031250 0.031250 16.000000 8.000000 5.000000 "drone" 8.000000 3.000000 
 i 9.000000 0.031250 0.031250 16.000000 8.000000 9.000000 "drone" 8.000000 3.000000 
B  3.750 ..  3.875 T  1.937 TT  1.937 M:  0.01770  0.01911
 i 9.000000 0.015625 0.015625 16.000000 8.000000 0.000000 "drone" 8.000000 3.000000 
 i 9.000000 0.031250 0.015625 16.000000 8.000000 0.000000 "drone" 8.000000 3.000000 
 i 9.000000 0.046875 0.015625 16.000000 8.000000 0.000000 "drone" 8.000000 3.000000 
 i 9.000000 0.015625 0.015625 16.000000 8.000000 5.000000 "drone" 8.000000 3.000000 
 i 9.000000 0.031250 0.015625 16.000000 8.000000 5.000000 "drone" 8.000000 3.000000 
 i 9.000000 0.046875 0.015625 16.000000 8.000000 5.000000 "drone" 8.000000 3.000000 
B  3.875 ..  4.000 T  2.000 TT  2.000 M:  0.01398  0.01460
 i 9.000000 0.015625 0.015625 16.000000 8.000000 0.000000 "drone" 8.000000 3.000000 
 i 9.000000 0.031250 0.015625 16.000000 8.000000 0.000000 "drone" 8.000000 3.000000 
 i 9.000000 0.046875 0.015625 16.000000 8.000000 0.000000 "drone" 8.000000 3.000000 
 i 9.000000 0.015625 0.015625 16.000000 8.000000 5.000000 "drone" 8.000000 3.000000 
 i 9.000000 0.031250 0.015625 16.000000 8.000000 5.000000 "drone" 8.000000 3.000000 
 i 9.000000 0.046875 0.015625 16.000000 8.000000 5.000000 "drone" 8.000000 3.000000 
 i 9.000000 0.015625 0.015625 16.000000 8.000000 9.000000 "drone" 8.000000 3.000000 
 i 9.000000 0.031250 0.015625 16.000000 8.000000 9.000000 "drone" 8.000000 3.000000 
 i 9.000000 0.046875 0.015625 16.000000 8.000000 9.000000 "drone" 8.000000 3.000000 
B  4.000 ..  4.125 T  2.063 TT  2.063 M:  0.01180  0.01311
 i 9.000000 0.031250 0.031250 16.000000 8.000000 0.000000 "drone" 8.000000 3.000000 
 i 9.000000 0.015625 0.015625 16.000000 8.000000 5.000000 "drone" 8.000000 3.000000 
 i 9.000000 0.031250 0.015625 16.000000 8.000000 5.000000 "drone" 8.000000 3.000000 
 i 9.000000 0.046875 0.015625 16.000000 8.000000 5.000000 "drone" 8.000000 3.000000 
 i 9.000000 0.031250 0.031250 16.000000 8.000000 9.000000 "drone" 8.000000 3.000000 
B  4.125 ..  4.250 T  2.125 TT  2.125 M:  0.01364  0.01440
 i 9.000000 0.015625 0.015625 16.000000 8.000000 0.000000 "drone" 8.000000 3.000000 
 i 9.000000 0.031250 0.015625 16.000000 8.000000 0.000000 "drone" 8.000000 3.000000 
 i 9.000000 0.046875 0.015625 16.000000 8.000000 0.000000 "drone" 8.000000 3.000000 
 i 9.000000 0.015625 0.015625 16.000000 8.000000 5.000000 "drone" 8.000000 3.000000 
 i 9.000000 0.031250 0.015625 16.000000 8.000000 5.000000 "drone" 8.000000 3.000000 
 i 9.000000 0.046875 0.015625 16.000000 8.000000 5.000000 "drone" 8.000000 3.000000 
B  4.250 ..  4.375 T  2.187 TT  2.187 M:  0.01301  0.01486
 i 9.000000 0.015625 0.015625 16.000000 8.000000 9.000000 "drone" 8.000000 3.000000 
 i 9.000000 0.031250 0.015625 16.000000 8.000000 9.000000 "drone" 8.000000 3.000000 
 i 9.000000 0.046875 0.015625 16.000000 8.000000 9.000000 "drone" 8.000000 3.000000 
B  4.375 ..  4.500 T  2.250 TT  2.250 M:  0.01361  0.01481
 i 9.000000 0.015625 0.015625 16.000000 8.000000 0.000000 "drone" 8.000000 3.000000 
 i 9.000000 0.031250 0.015625 16.000000 8.000000 0.000000 "drone" 8.000000 3.000000 
 i 9.000000 0.046875 0.015625 16.000000 8.000000 0.000000 "drone" 8.000000 3.000000 
B  4.500 ..  4.625 T  2.313 TT  2.313 M:  0.01890  0.01458
 i 9.000000 0.015625 0.015625 16.000000 8.000000 0.000000 "drone" 8.000000 3.000000 
 i 9.000000 0.031250 0.015625 16.000000 8.000000 0.000000 "drone" 8.000000 3.000000 
 i 9.000000 0.046875 0.015625 16.000000 8.000000 0.000000 "drone" 8.000000 3.000000 
 i 9.000000 0.031250 0.031250 16.000000 8.000000 9.000000 "drone" 8.000000 3.000000 
B  4.625 ..  4.750 T  2.375 TT  2.375 M:  0.01638  0.01577
 i 9.000000 0.031250 0.031250 16.000000 8.000000 0.000000 "drone" 8.000000 3.000000 
 i 9.000000 0.031250 0.031250 16.000000 8.000000 9.000000 "drone" 8.000000 3.000000 
B  4.750 ..  4.875 T  2.437 TT  2.437 M:  0.01361  0.01831
 i 9.000000 0.031250 0.031250 16.000000 8.000000 9.000000 "drone" 8.000000 3.000000 
B  4.875 ..  5.000 T  2.500 TT  2.500 M:  0.01278  0.01509
 i 9.000000 0.015625 0.015625 16.000000 8.000000 0.000000 "drone" 8.000000 3.000000 
 i 9.000000 0.031250 0.015625 16.000000 8.000000 0.000000 "drone" 8.000000 3.000000 
 i 9.000000 0.046875 0.015625 16.000000 8.000000 0.000000 "drone" 8.000000 3.000000 
B  5.000 ..  5.125 T  2.563 TT  2.563 M:  0.01455  0.01890
 i 9.000000 0.015625 0.015625 16.000000 8.000000 9.000000 "drone" 8.000000 3.000000 
 i 9.000000 0.031250 0.015625 16.000000 8.000000 9.000000 "drone" 8.000000 3.000000 
 i 9.000000 0.046875 0.015625 16.000000 8.000000 9.000000 "drone" 8.000000 3.000000 
B  5.125 ..  5.250 T  2.625 TT  2.625 M:  0.01261  0.01420
 i 9.000000 0.031250 0.031250 16.000000 8.000000 0.000000 "drone" 8.000000 3.000000 
 i 9.000000 0.015625 0.015625 16.000000 8.000000 5.000000 "drone" 8.000000 3.000000 
 i 9.000000 0.031250 0.015625 16.000000 8.000000 5.000000 "drone" 8.000000 3.000000 
 i 9.000000 0.046875 0.015625 16.000000 8.000000 5.000000 "drone" 8.000000 3.000000 
 i 9.000000 0.015625 0.015625 16.000000 8.000000 9.000000 "drone" 8.000000 3.000000 
 i 9.000000 0.031250 0.015625 16.000000 8.000000 9.000000 "drone" 8.000000 3.000000 
 i 9.000000 0.046875 0.015625 16.000000 8.000000 9.000000 "drone" 8.000000 3.000000 
B  5.250 ..  5.375 T  2.687 TT  2.687 M:  0.01515  0.01201
 i 9.000000 0.015625 0.015625 16.000000 8.000000 0.000000 "drone" 8.000000 3.000000 
 i 9.000000 0.031250 0.015625 16.000000 8.000000 0.000000 "drone" 8.000000 3.000000 
 i 9.000000 0.046875 0.015625 16.000000 8.000000 0.000000 "drone" 8.000000 3.000000 
 i 9.000000 0.031250 0.031250 16.000000 8.000000 5.000000 "drone" 8.000000 3.000000 
 i 9.000000 0.031250 0.031250 16.000000 8.000000 9.000000 "drone" 8.000000 3.000000 
B  5.375 ..  5.500 T  2.750 TT  2.750 M:  0.01273  0.01176
 i 9.000000 0.015625 0.015625 16.000000 8.000000 0.000000 "drone" 8.000000 3.000000 
 i 9.000000 0.031250 0.015625 16.000000 8.000000 0.000000 "drone" 8.000000 3.000000 
 i 9.000000 0.046875 0.015625 16.000000 8.000000 0.000000 "drone" 8.000000 3.000000 
 i 9.000000 0.031250 0.031250 16.000000 8.000000 5.000000 "drone" 8.000000 3.000000 
B  5.500 ..  5.625 T  2.813 TT  2.813 M:  0.01566  0.01193
 i 9.000000 0.031250 0.031250 16.000000 8.000000 0.000000 "drone" 8.000000 3.000000 
 i 9.000000 0.015625 0.015625 16.000000 8.000000 5.000000 "drone" 8.000000 3.000000 
 i 9.000000 0.031250 0.015625 16.000000 8.000000 5.000000 "drone" 8.000000 3.000000 
 i 9.000000 0.046875 0.015625 16.000000 8.000000 5.000000 "drone" 8.000000 3.000000 
 i 9.000000 0.015625 0.015625 16.000000 8.000000 9.000000 "drone" 8.000000 3.000000 
 i 9.000000 0.031250 0.015625 16.000000 8.000000 9.000000 "drone" 8.000000 3.000000 
 i 9.000000 0.046875 0.015625 16.000000 8.000000 9.000000 "drone" 8.000000 3.000000 
B  5.625 ..  5.750 T  2.875 TT  2.875 M:  0.01195  0.01340
 i 9.000000 0.015625 0.015625 16.000000 8.000000 0.000000 "drone" 8.000000 3.000000 
 i 9.000000 0.031250 0.015625 16.000000 8.000000 0.000000 "drone" 8.000000 3.000000 
 i 9.000000 0.046875 0.015625 16.000000 8.000000 0.000000 "drone" 8.000000 3.000000 
 i 9.000000 0.015625 0.015625 16.000000 8.000000 5.000000 "drone" 8.000000 3.000000 
 i 9.000000 0.031250 0.015625 16.000000 8.000000 5.000000 "drone" 8.000000 3.000000 
 i 9.000000 0.046875 0.015625 16.000000 8.000000 5.000000 "drone" 8.000000 3.000000 
 i 9.000000 0.015625 0.015625 16.000000 8.000000 9.000000 "drone" 8.000000 3.000000 
 i 9.000000 0.031250 0.015625 16.000000 8.000000 9.000000 "drone" 8.000000 3.000000 
 i 9.000000 0.046875 0.015625 16.000000 8.000000 9.000000 "drone" 8.000000 3.000000 
B  5.750 ..  5.875 T  2.937 TT  2.937 M:  0.00953  0.00923
 i 9.000000 0.031250 0.031250 16.000000 8.000000 9.000000 "drone" 8.000000 3.000000 
B  5.875 ..  6.000 T  3.000 TT  3.000 M:  0.00978  0.01094
 i 9.000000 0.031250 0.031250 16.000000 8.000000 0.000000 "drone" 8.000000 3.000000 
 i 9.000000 0.015625 0.015625 16.000000 8.000000 9.000000 "drone" 8.000000 3.000000 
 i 9.000000 0.031250 0.015625 16.000000 8.000000 9.000000 "drone" 8.000000 3.000000 
 i 9.000000 0.046875 0.015625 16.000000 8.000000 9.000000 "drone" 8.000000 3.000000 
B  6.000 ..  6.125 T  3.063 TT  3.063 M:  0.01144  0.01337
 i 9.000000 0.015625 0.015625 16.000000 8.000000 0.000000 "drone" 8.000000 3.000000 
 i 9.000000 0.031250 0.015625 16.000000 8.000000 0.000000 "drone" 8.000000 3.000000 
 i 9.000000 0.046875 0.015625 16.000000 8.000000 0.000000 "drone" 8.000000 3.000000 
 i 9.000000 0.031250 0.031250 16.000000 8.000000 5.000000 "drone" 8.000000 3.000000 
B  6.125 ..  6.250 T  3.125 TT  3.125 M:  0.01005  0.01379
 i 9.000000 0.015625 0.015625 16.000000 8.000000 0.000000 "drone" 8.000000 3.000000 
 i 9.000000 0.031250 0.015625 16.000000 8.000000 0.000000 "drone" 8.000000 3.000000 
 i 9.000000 0.046875 0.015625 16.000000 8.000000 0.000000 "drone" 8.000000 3.000000 
 i 9.000000 0.031250 0.031250 16.000000 8.000000 5.000000 "drone" 8.000000 3.000000 
B  6.250 ..  6.375 T  3.187 TT  3.187 M:  0.00900  0.01413
 i 9.000000 0.015625 0.015625 16.000000 8.000000 0.000000 "drone" 8.000000 3.000000 
 i 9.000000 0.031250 0.015625 16.000000 8.000000 0.000000 "drone" 8.000000 3.000000 
 i 9.000000 0.046875 0.015625 16.000000 8.000000 0.000000 "drone" 8.000000 3.000000 
 i 9.000000 0.015625 0.015625 16.000000 8.000000 5.000000 "drone" 8.000000 3.000000 
 i 9.000000 0.031250 0.015625 16.000000 8.000000 5.000000 "drone" 8.000000 3.000000 
 i 9.000000 0.046875 0.015625 16.000000 8.000000 5.000000 "drone" 8.000000 3.000000 
 i 9.000000 0.031250 0.031250 16.000000 8.000000 9.000000 "drone" 8.000000 3.000000 
B  6.375 ..  6.500 T  3.250 TT  3.250 M:  0.01147  0.01455
 i 9.000000 0.015625 0.015625 16.000000 8.000000 9.000000 "drone" 8.000000 3.000000 
 i 9.000000 0.031250 0.015625 16.000000 8.000000 9.000000 "drone" 8.000000 3.000000 
 i 9.000000 0.046875 0.015625 16.000000 8.000000 9.000000 "drone" 8.000000 3.000000 
B  6.500 ..  6.625 T  3.313 TT  3.313 M:  0.01228  0.01089
 i 9.000000 0.031250 0.031250 16.000000 8.000000 5.000000 "drone" 8.000000 3.000000 
 i 9.000000 0.031250 0.031250 16.000000 8.000000 9.000000 "drone" 8.000000 3.000000 
B  6.625 ..  6.750 T  3.375 TT  3.375 M:  0.01302  0.01170
 i 9.000000 0.015625 0.015625 16.000000 8.000000 5.000000 "drone" 8.000000 3.000000 
 i 9.000000 0.031250 0.015625 16.000000 8.000000 5.000000 "drone" 8.000000 3.000000 
 i 9.000000 0.046875 0.015625 16.000000 8.000000 5.000000 "drone" 8.000000 3.000000 
 i 9.000000 0.031250 0.031250 16.000000 8.000000 9.000000 "drone" 8.000000 3.000000 
B  6.750 ..  6.875 T  3.437 TT  3.437 M:  0.01510  0.01191
 i 9.000000 0.015625 0.015625 16.000000 8.000000 5.000000 "drone" 8.000000 3.000000 
 i 9.000000 0.031250 0.015625 16.000000 8.000000 5.000000 "drone" 8.000000 3.000000 
 i 9.000000 0.046875 0.015625 16.000000 8.000000 5.000000 "drone" 8.000000 3.000000 
B  6.875 ..  7.000 T  3.500 TT  3.500 M:  0.01624  0.01568
 i 9.000000 0.031250 0.031250 16.000000 8.000000 9.000000 "drone" 8.000000 3.000000 
B  7.000 ..  7.125 T  3.563 TT  3.563 M:  0.01734  0.01895
 i 9.000000 0.015625 0.015625 16.000000 8.000000 5.000000 "drone" 8.000000 3.000000 
 i 9.000000 0.031250 0.015625 16.000000 8.000000 5.000000 "drone" 8.000000 3.000000 
 i 9.000000 0.046875 0.015625 16.000000 8.000000 5.000000 "drone" 8.000000 3.000000 
 i 9.000000 0.031250 0.031250 16.000000 8.000000 9.000000 "drone" 8.000000 3.000000 
B  7.125 ..  7.250 T  3.625 TT  3.625 M:  0.01726  0.01732
 i 9.000000 0.031250 0.031250 16.000000 8.000000 0.000000 "drone" 8.000000 3.000000 
 i 9.000000 0.015625 0.015625 16.000000 8.000000 9.000000 "drone" 8.000000 3.000000 
 i 9.000000 0.031250 0.015625 16.000000 8.000000 9.000000 "drone" 8.000000 3.000000 
 i 9.000000 0.046875 0.015625 16.000000 8.000000 9.000000 "drone" 8.000000 3.000000 
B  7.250 ..  7.375 T  3.687 TT  3.687 M:  0.01585  0.01970
 i 9.000000 0.015625 0.015625 16.000000 8.000000 0.000000 "drone" 8.000000 3.000000 
 i 9.000000 0.031250 0.015625 16.000000 8.000000 0.000000 "drone" 8.000000 3.000000 
 i 9.000000 0.046875 0.015625 16.000000 8.000000 0.000000 "drone" 8.000000 3.000000 
 i 9.000000 0.031250 0.031250 16.000000 8.000000 5.000000 "drone" 8.000000 3.000000 
 i 9.000000 0.031250 0.031250 16.000000 8.000000 9.000000 "drone" 8.000000 3.000000 
B  7.375 ..  7.500 T  3.750 TT  3.750 M:  0.01853  0.01574
 i 9.000000 0.015625 0.015625 16.000000 8.000000 0.000000 "drone" 8.000000 3.000000 
 i 9.000000 0.031250 0.015625 16.000000 8.000000 0.000000 "drone" 8.000000 3.000000 
 i 9.000000 0.046875 0.015625 16.000000 8.000000 0.000000 "drone" 8.000000 3.000000 
 i 9.000000 0.031250 0.031250 16.000000 8.000000 9.000000 "drone" 8.000000 3.000000 
B  7.500 ..  7.625 T  3.813 TT  3.813 M:  0.01402  0.01515
 i 9.000000 0.031250 0.031250 16.000000 8.000000 5.000000 "drone" 8.000000 3.000000 
B  7.625 ..  7.750 T  3.875 TT  3.875 M:  0.01971  0.01368
 i 9.000000 0.031250 0.031250 16.000000 8.000000 0.000000 "drone" 8.000000 3.000000 
 i 9.000000 0.031250 0.031250 16.000000 8.000000 5.000000 "drone" 8.000000 3.000000 
 i 9.000000 0.031250 0.031250 16.000000 8.000000 9.000000 "drone" 8.000000 3.000000 
B  7.750 ..  7.875 T  3.937 TT  3.937 M:  0.01365  0.01632
 i 9.000000 0.015625 0.015625 16.000000 8.000000 0.000000 "drone" 8.000000 3.000000 
 i 9.000000 0.031250 0.015625 16.000000 8.000000 0.000000 "drone" 8.000000 3.000000 
 i 9.000000 0.046875 0.015625 16.000000 8.000000 0.000000 "drone" 8.000000 3.000000 
 i 9.000000 0.031250 0.031250 16.000000 8.000000 5.000000 "drone" 8.000000 3.000000 
 i 9.000000 0.031250 0.031250 16.000000 8.000000 9.000000 "drone" 8.000000 3.000000 
B  7.875 ..  8.000 T  4.000 TT  4.000 M:  0.01265  0.01866
end of section 1	 sect peak amps:  0.02478  0.02092
inactive allocs returned to freespace
SECTION 2:
new alloc for instr tin:
 i 9.000000 0.015625 0.015625 16.000000 8.000000 0.000000 "drone" 8.000000 3.000000 
 i 9.000000 0.031250 0.015625 16.000000 8.000000 0.000000 "drone" 8.000000 3.000000 
 i 9.000000 0.046875 0.015625 16.000000 8.000000 0.000000 "drone" 8.000000 3.000000 
new alloc for instr tin:
new alloc for instr tin:
 i 9.000000 0.015625 0.015625 16.000000 8.000000 9.000000 "drone" 8.000000 3.000000 
 i 9.000000 0.031250 0.015625 16.000000 8.000000 9.000000 "drone" 8.000000 3.000000 
 i 9.000000 0.046875 0.015625 16.000000 8.000000 9.000000 "drone" 8.000000 3.000000 
new alloc for instr tin:
 i 9.000000 0.125000 0.125000 16.000000 7.000000 0.000000 "chord" 0.000000 3.000000 
new alloc for instr tin:
 i 9.000000 0.062500 0.062500 16.000000 7.000000 5.000000 "chord" 0.000000 3.000000 
 i 9.000000 0.125000 0.062500 16.000000 7.000000 5.000000 "chord" 0.000000 3.000000 
 i 9.000000 0.187500 0.062500 16.000000 7.000000 5.000000 "chord" 0.000000 3.000000 
new alloc for instr tin:
 i 9.000000 0.125000 0.125000 16.000000 7.000000 9.000000 "chord" 0.000000 3.000000 
B  0.000 ..  0.125 T  0.063 TT  4.063 M:  0.22060  0.21194
 i 9.000000 0.031250 0.031250 16.000000 8.000000 5.000000 "drone" 8.000000 3.000000 
B  0.125 ..  0.250 T  0.125 TT  4.125 M:  0.09359  0.10582
 i 9.000000 0.015625 0.015625 16.000000 8.000000 5.000000 "drone" 8.000000 3.000000 
 i 9.000000 0.031250 0.015625 16.000000 8.000000 5.000000 "drone" 8.000000 3.000000 
 i 9.000000 0.046875 0.015625 16.000000 8.000000 5.000000 "drone" 8.000000 3.000000 
 i 9.000000 0.015625 0.015625 16.000000 8.000000 9.000000 "drone" 8.000000 3.000000 
 i 9.000000 0.031250 0.015625 16.000000 8.000000 9.000000 "drone" 8.000000 3.000000 
 i 9.000000 0.046875 0.015625 16.000000 8.000000 9.000000 "drone" 8.000000 3.000000 
B  0.250 ..  0.375 T  0.187 TT  4.187 M:  0.01364  0.02233
B  0.375 ..  0.500 T  0.250 TT  4.250 M:  0.01274  0.01740
 i 9.000000 0.015625 0.015625 16.000000 8.000000 5.000000 "drone" 8.000000 3.000000 
 i 9.000000 0.031250 0.015625 16.000000 8.000000 5.000000 "drone" 8.000000 3.000000 
 i 9.000000 0.046875 0.015625 16.000000 8.000000 5.000000 "drone" 8.000000 3.000000 
 i 9.000000 0.015625 0.015625 16.000000 8.000000 9.000000 "drone" 8.000000 3.000000 
 i 9.000000 0.031250 0.015625 16.000000 8.000000 9.000000 "drone" 8.000000 3.000000 
 i 9.000000 0.046875 0.015625 16.000000 8.000000 9.000000 "drone" 8.000000 3.000000 
 i 9.000000 0.125000 0.125000 16.000000 7.000000 0.000000 "chord" 0.000000 3.000000 
 i 9.000000 0.062500 0.062500 16.000000 7.000000 5.000000 "chord" 0.000000 3.000000 
 i 9.000000 0.125000 0.062500 16.000000 7.000000 5.000000 "chord" 0.000000 3.000000 
 i 9.000000 0.187500 0.062500 16.000000 7.000000 5.000000 "chord" 0.000000 3.000000 
B  0.500 ..  0.625 T  0.313 TT  4.313 M:  0.31730  0.31933
 i 9.000000 0.031250 0.031250 16.000000 8.000000 0.000000 "drone" 8.000000 3.000000 
 i 9.000000 0.015625 0.015625 16.000000 8.000000 5.000000 "drone" 8.000000 3.000000 
 i 9.000000 0.031250 0.015625 16.000000 8.000000 5.000000 "drone" 8.000000 3.000000 
 i 9.000000 0.046875 0.015625 16.000000 8.000000 5.000000 "drone" 8.000000 3.000000 
 i 9.000000 0.015625 0.015625 16.000000 8.000000 9.000000 "drone" 8.000000 3.000000 
 i 9.000000 0.031250 0.015625 16.000000 8.000000 9.000000 "drone" 8.000000 3.000000 
 i 9.000000 0.046875 0.015625 16.000000 8.000000 9.000000 "drone" 8.000000 3.000000 
B  0.625 ..  0.750 T  0.375 TT  4.375 M:  0.16867  0.17447
 i 9.000000 0.015625 0.015625 16.000000 8.000000 0.000000 "drone" 8.000000 3.000000 
 i 9.000000 0.031250 0.015625 16.000000 8.000000 0.000000 "drone" 8.000000 3.000000 
 i 9.000000 0.046875 0.015625 16.000000 8.000000 0.000000 "drone" 8.000000 3.000000 
 i 9.000000 0.015625 0.015625 16.000000 8.000000 9.000000 "drone" 8.000000 3.000000 
 i 9.000000 0.031250 0.015625 16.000000 8.000000 9.000000 "drone" 8.000000 3.000000 
 i 9.000000 0.046875 0.015625 16.000000 8.000000 9.000000 "drone" 8.000000 3.000000 
B  0.750 ..  0.875 T  0.437 TT  4.437 M:  0.09453  0.09321
 i 9.000000 0.015625 0.015625 16.000000 8.000000 0.000000 "drone" 8.000000 3.000000 
 i 9.000000 0.031250 0.015625 16.000000 8.000000 0.000000 "drone" 8.000000 3.000000 
 i 9.000000 0.046875 0.015625 16.000000 8.000000 0.000000 "drone" 8.000000 3.000000 
 i 9.000000 0.031250 0.031250 16.000000 8.000000 9.000000 "drone" 8.000000 3.000000 
B  0.875 ..  1.000 T  0.500 TT  4.500 M:  0.04698  0.05234
 i 9.000000 0.015625 0.015625 16.000000 8.000000 0.000000 "drone" 8.000000 3.000000 
 i 9.000000 0.031250 0.015625 16.000000 8.000000 0.000000 "drone" 8.000000 3.000000 
 i 9.000000 0.046875 0.015625 16.000000 8.000000 0.000000 "drone" 8.000000 3.000000 
 i 9.000000 0.031250 0.031250 16.000000 8.000000 5.000000 "drone" 8.000000 3.000000 
 i 9.000000 0.062500 0.062500 16.000000 7.000000 0.000000 "chord" 0.000000 3.000000 
 i 9.000000 0.125000 0.062500 16.000000 7.000000 0.000000 "chord" 0.000000 3.000000 
 i 9.000000 0.187500 0.062500 16.000000 7.000000 0.000000 "chord" 0.000000 3.000000 
 i 9.000000 0.125000 0.125000 16.000000 7.000000 5.000000 "chord" 0.000000 3.000000 
 i 9.000000 0.062500 0.062500 16.000000 7.000000 9.000000 "chord" 0.000000 3.000000 
 i 9.000000 0.125000 0.062500 16.000000 7.000000 9.000000 "chord" 0.000000 3.000000 
 i 9.000000 0.187500 0.062500 16.000000 7.000000 9.000000 "chord" 0.000000 3.000000 
B  1.000 ..  1.125 T  0.563 TT  4.563 M:  0.26371  0.26250
 i 9.000000 0.015625 0.015625 16.000000 8.000000 0.000000 "drone" 8.000000 3.000000 
 i 9.000000 0.031250 0.015625 16.000000 8.000000 0.000000 "drone" 8.000000 3.000000 
 i 9.000000 0.046875 0.015625 16.000000 8.000000 0.000000 "drone" 8.000000 3.000000 
 i 9.000000 0.015625 0.015625 16.000000 8.000000 5.000000 "drone" 8.000000 3.000000 
 i 9.000000 0.031250 0.015625 16.000000 8.000000 5.000000 "drone" 8.000000 3.000000 
 i 9.000000 0.046875 0.015625 16.000000 8.000000 5.000000 "drone" 8.000000 3.000000 
B  1.125 ..  1.250 T  0.625 TT  4.625 M:  0.04739  0.04807
 i 9.000000 0.015625 0.015625 16.000000 8.000000 5.000000 "drone" 8.000000 3.000000 
 i 9.000000 0.031250 0.015625 16.000000 8.000000 5.000000 "drone" 8.000000 3.000000 
 i 9.000000 0.046875 0.015625 16.000000 8.000000 5.000000 "drone" 8.000000 3.000000 
 i 9.000000 0.031250 0.031250 16.000000 8.000000 9.000000 "drone" 8.000000 3.000000 
B  1.250 ..  1.375 T  0.687 TT  4.687 M:  0.01374  0.01937
 i 9.000000 0.031250 0.031250 16.000000 8.000000 0.000000 "drone" 8.000000 3.000000 
 i 9.000000 0.031250 0.031250 16.000000 8.000000 5.000000 "drone" 8.000000 3.000000 
B  1.375 ..  1.500 T  0.750 TT  4.750 M:  0.01628  0.01814
 i 9.000000 0.031250 0.031250 16.000000 8.000000 9.000000 "drone" 8.000000 3.000000 
 i 9.000000 0.125000 0.125000 16.000000 7.000000 5.000000 "chord" 0.000000 3.000000 
B  1.500 ..  1.625 T  0.813 TT  4.813 M:  0.26348  0.26593
 i 9.000000 0.031250 0.031250 16.000000 8.000000 5.000000 "drone" 8.000000 3.000000 
 i 9.000000 0.031250 0.031250 16.000000 8.000000 9.000000 "drone" 8.000000 3.000000 
B  1.625 ..  1.750 T  0.875 TT  4.875 M:  0.17878  0.16836
 i 9.000000 0.031250 0.031250 16.000000 8.000000 0.000000 "drone" 8.000000 3.000000 
 i 9.000000 0.031250 0.031250 16.000000 8.000000 9.000000 "drone" 8.000000 3.000000 
B  1.750 ..  1.875 T  0.937 TT  4.937 M:  0.09975  0.11260
 i 9.000000 0.015625 0.015625 16.000000 8.000000 5.000000 "drone" 8.000000 3.000000 
 i 9.000000 0.031250 0.015625 16.000000 8.000000 5.000000 "drone" 8.000000 3.000000 
 i 9.000000 0.046875 0.015625 16.000000 8.000000 5.000000 "drone" 8.000000 3.000000 
 i 9.000000 0.015625 0.015625 16.000000 8.000000 9.000000 "drone" 8.000000 3.000000 
 i 9.000000 0.031250 0.015625 16.000000 8.000000 9.000000 "drone" 8.000000 3.000000 
 i 9.000000 0.046875 0.015625 16.000000 8.000000 9.000000 "drone" 8.000000 3.000000 
B  1.875 ..  2.000 T  1.000 TT  5.000 M:  0.04613  0.04192
 i 9.000000 0.031250 0.031250 16.000000 8.000000 0.000000 "drone" 8.000000 3.000000 
 i 9.000000 0.031250 0.031250 16.000000 8.000000 5.000000 "drone" 8.000000 3.000000 
 i 9.000000 0.015625 0.015625 16.000000 8.000000 9.000000 "drone" 8.000000 3.000000 
 i 9.000000 0.031250 0.015625 16.000000 8.000000 9.000000 "drone" 8.000000 3.000000 
 i 9.000000 0.046875 0.015625 16.000000 8.000000 9.000000 "drone" 8.000000 3.000000 
 i 9.000000 0.125000 0.125000 16.000000 7.000000 0.000000 "chord" 0.000000 3.000000 
 i 9.000000 0.125000 0.125000 16.000000 7.000000 5.000000 "chord" 0.000000 3.000000 
B  2.000 ..  2.125 T  1.063 TT  5.063 M:  0.25193  0.24316
 i 9.000000 0.015625 0.015625 16.000000 8.000000 0.000000 "drone" 8.000000 3.000000 
 i 9.000000 0.031250 0.015625 16.000000 8.000000 0.000000 "drone" 8.000000 3.000000 
 i 9.000000 0.046875 0.015625 16.000000 8.000000 0.000000 "drone" 8.000000 3.000000 
 i 9.000000 0.015625 0.015625 16.000000 8.000000 9.000000 "drone" 8.000000 3.000000 
 i 9.000000 0.031250 0.015625 16.000000 8.000000 9.000000 "drone" 8.000000 3.000000 
 i 9.000000 0.046875 0.015625 16.000000 8.000000 9.000000 "drone" 8.000000 3.000000 
B  2.125 ..  2.250 T  1.125 TT  5.125 M:  0.16348  0.16269
 i 9.000000 0.031250 0.031250 16.000000 8.000000 9.000000 "drone" 8.000000 3.000000 
B  2.250 ..  2.375 T  1.187 TT  5.187 M:  0.09800  0.09468
 i 9.000000 0.015625 0.015625 16.000000 8.000000 5.000000 "drone" 8.000000 3.000000 
 i 9.000000 0.031250 0.015625 16.000000 8.000000 5.000000 "drone" 8.000000 3.000000 
 i 9.000000 0.046875 0.015625 16.000000 8.000000 5.000000 "drone" 8.000000 3.000000 
 i 9.000000 0.031250 0.031250 16.000000 8.000000 9.000000 "drone" 8.000000 3.000000 
B  2.375 ..  2.500 T  1.250 TT  5.250 M:  0.05250  0.04556
 i 9.000000 0.015625 0.015625 16.000000 8.000000 0.000000 "drone" 8.000000 3.000000 
 i 9.000000 0.031250 0.015625 16.000000 8.000000 0.000000 "drone" 8.000000 3.000000 
 i 9.000000 0.046875 0.015625 16.000000 8.000000 0.000000 "drone" 8.000000 3.000000 
 i 9.000000 0.031250 0.031250 16.000000 8.000000 9.000000 "drone" 8.000000 3.000000 
 i 9.000000 0.125000 0.125000 16.000000 7.000000 0.000000 "chord" 0.000000 3.000000 
 i 9.000000 0.062500 0.062500 16.000000 7.000000 5.000000 "chord" 0.000000 3.000000 
 i 9.000000 0.125000 0.062500 16.000000 7.000000 5.000000 "chord" 0.000000 3.000000 
 i 9.000000 0.187500 0.062500 16.000000 7.000000 5.000000 "chord" 0.000000 3.000000 
 i 9.000000 0.062500 0.062500 16.000000 7.000000 9.000000 "chord" 0.000000 3.000000 
 i 9.000000 0.125000 0.062500 16.000000 7.000000 9.000000 "chord" 0.000000 3.000000 
 i 9.000000 0.187500 0.062500 16.000000 7.000000 9.000000 "chord" 0.000000 3.000000 
B  2.500 ..  2.625 T  1.313 TT  5.313 M:  0.33832  0.35068
 i 9.000000 0.015625 0.015625 16.000000 8.000000 5.000000 "drone" 8.000000 3.000000 
 i 9.000000 0.031250 0.015625 16.000000 8.000000 5.000000 "drone" 8.000000 3.000000 
 i 9.000000 0.046875 0.015625 16.000000 8.000000 5.000000 "drone" 8.000000 3.000000 
 i 9.000000 0.015625 0.015625 16.000000 8.000000 9.000000 "drone" 8.000000 3.000000 
 i 9.000000 0.031250 0.015625 16.000000 8.000000 9.000000 "drone" 8.000000 3.000000 
 i 9.000000 0.046875 0.015625 16.000000 8.000000 9.000000 "drone" 8.000000 3.000000 
B  2.625 ..  2.750 T  1.375 TT  5.375 M:  0.12029  0.12003
 i 9.000000 0.015625 0.015625 16.000000 8.000000 0.000000 "drone" 8.000000 3.000000 
 i 9.000000 0.031250 0.015625 16.000000 8.000000 0.000000 "drone" 8.000000 3.000000 
 i 9.000000 0.046875 0.015625 16.000000 8.000000 0.000000 "drone" 8.000000 3.000000 
 i 9.000000 0.031250 0.031250 16.000000 8.000000 9.000000 "drone" 8.000000 3.000000 
B  2.750 ..  2.875 T  1.437 TT  5.437 M:  0.01720  0.01822
 i 9.000000 0.031250 0.031250 16.000000 8.000000 5.000000 "drone" 8.000000 3.000000 
 i 9.000000 0.031250 0.031250 16.000000 8.000000 9.000000 "drone" 8.000000 3.000000 
B  2.875 ..  3.000 T  1.500 TT  5.500 M:  0.01774  0.01940
 i 9.000000 0.031250 0.031250 16.000000 8.000000 9.000000 "drone" 8.000000 3.000000 
 i 9.000000 0.062500 0.062500 16.000000 7.000000 0.000000 "chord" 0.000000 3.000000 
 i 9.000000 0.125000 0.062500 16.000000 7.000000 0.000000 "chord" 0.000000 3.000000 
 i 9.000000 0.187500 0.062500 16.000000 7.000000 0.000000 "chord" 0.000000 3.000000 
 i 9.000000 0.062500 0.062500 16.000000 7.000000 5.000000 "chord" 0.000000 3.000000 
 i 9.000000 0.125000 0.062500 16.000000 7.000000 5.000000 "chord" 0.000000 3.000000 
 i 9.000000 0.187500 0.062500 16.000000 7.000000 5.000000 "chord" 0.000000 3.000000 
 i 9.000000 0.062500 0.062500 16.000000 7.000000 9.000000 "chord" 0.000000 3.000000 
 i 9.000000 0.125000 0.062500 16.000000 7.000000 9.000000 "chord" 0.000000 3.000000 
 i 9.000000 0.187500 0.062500 16.000000 7.000000 9.000000 "chord" 0.000000 3.000000 
B  3.000 ..  3.125 T  1.563 TT  5.563 M:  0.24151  0.25253
 i 9.000000 0.031250 0.031250 16.000000 8.000000 0.000000 "drone" 8.000000 3.000000 
 i 9.000000 0.031250 0.031250 16.000000 8.000000 5.000000 "drone" 8.000000 3.000000 
 i 9.000000 0.015625 0.015625 16.000000 8.000000 9.000000 "drone" 8.000000 3.000000 
 i 9.000000 0.031250 0.015625 16.000000 8.000000 9.000000 "drone" 8.000000 3.000000 
 i 9.000000 0.046875 0.015625 16.000000 8.000000 9.000000 "drone" 8.000000 3.000000 
B  3.125 ..  3.250 T  1.625 TT  5.625 M:  0.02123  0.01607
 i 9.000000 0.031250 0.031250 16.000000 8.000000 0.000000 "drone" 8.000000 3.000000 
 i 9.000000 0.015625 0.015625 16.000000 8.000000 5.000000 "drone" 8.000000 3.000000 
 i 9.000000 0.031250 0.015625 16.000000 8.000000 5.000000 "drone" 8.000000 3.000000 
 i 9.000000 0.046875 0.015625 16.000000 8.000000 5.000000 "drone" 8.000000 3.000000 
 i 9.000000 0.031250 0.031250 16.000000 8.000000 9.000000 "drone" 8.000000 3.000000 
B  3.250 ..  3.375 T  1.687 TT  5.687 M:  0.01950  0.01927
 i 9.000000 0.015625 0.015625 16.000000 8.000000 9.000000 "drone" 8.000000 3.000000 
 i 9.000000 0.031250 0.015625 16.000000 8.000000 9.000000 "drone" 8.000000 3.000000 
 i 9.000000 0.046875 0.015625 16.000000 8.000000 9.000000 "drone" 8.000000 3.000000 
B  3.375 ..  3.500 T  1.750 TT  5.750 M:  0.01600  0.01549
 i 9.000000 0.031250 0.031250 16.000000 8.000000 0.000000 "drone" 8.000000 3.000000 
 i 9.000000 0.031250 0.031250 16.000000 8.000000 5.000000 "drone" 8.000000 3.000000 
 i 9.000000 0.015625 0.015625 16.000000 8.000000 9.000000 "drone" 8.000000 3.000000 
 i 9.000000 0.031250 0.015625 16.000000 8.000000 9.000000 "drone" 8.000000 3.000000 
 i 9.000000 0.046875 0.015625 16.000000 8.000000 9.000000 "drone" 8.000000 3.000000 
 i 9.000000 0.062500 0.062500 16.000000 7.000000 5.000000 "chord" 0.000000 3.000000 
 i 9.000000 0.125000 0.062500 16.000000 7.000000 5.000000 "chord" 0.000000 3.000000 
 i 9.000000 0.187500 0.062500 16.000000 7.000000 5.000000 "chord" 0.000000 3.000000 
 i 9.000000 0.125000 0.125000 16.000000 7.000000 9.000000 "chord" 0.000000 3.000000 
B  3.500 ..  3.625 T  1.813 TT  5.813 M:  0.23633  0.22391
 i 9.000000 0.015625 0.015625 16.000000 8.000000 0.000000 "drone" 8.000000 3.000000 
 i 9.000000 0.031250 0.015625 16.000000 8.000000 0.000000 "drone" 8.000000 3.000000 
 i 9.000000 0.046875 0.015625 16.000000 8.000000 0.000000 "drone" 8.000000 3.000000 
 i 9.000000 0.015625 0.015625 16.000000 8.000000 5.000000 "drone" 8.000000 3.000000 
 i 9.000000 0.031250 0.015625 16.000000 8.000000 5.000000 "drone" 8.000000 3.000000 
 i 9.000000 0.046875 0.015625 16.000000 8.000000 5.000000 "drone" 8.000000 3.000000 
 i 9.000000 0.015625 0.015625 16.000000 8.000000 9.000000 "drone" 8.000000 3.000000 
 i 9.000000 0.031250 0.015625 16.000000 8.000000 9.000000 "drone" 8.000000 3.000000 
 i 9.000000 0.046875 0.015625 16.000000 8.000000 9.000000 "drone" 8.000000 3.000000 
B  3.625 ..  3.750 T  1.875 TT  5.875 M:  0.13521  0.13427
 i 9.000000 0.031250 0.031250 16.000000 8.000000 9.000000 "drone" 8.000000 3.000000 
B  3.750 ..  3.875 T  1.937 TT  5.937 M:  0.05139  0.05802
 i 9.000000 0.031250 0.031250 16.000000 8.000000 0.000000 "drone" 8.000000 3.000000 
B  3.875 ..  4.000 T  2.000 TT  6.000 M:  0.02843  0.02759
 i 9.000000 0.015625 0.015625 16.000000 8.000000 0.000000 "drone" 8.000000 3.000000 
 i 9.000000 0.031250 0.015625 16.000000 8.000000 0.000000 "drone" 8.000000 3.000000 
 i 9.000000 0.046875 0.015625 16.000000 8.000000 0.000000 "drone" 8.000000 3.000000 
 i 9.000000 0.031250 0.031250 16.000000 8.000000 5.000000 "drone" 8.000000 3.000000 
 i 9.000000 0.015625 0.015625 16.000000 8.000000 9.000000 "drone" 8.000000 3.000000 
 i 9.000000 0.031250 0.015625 16.000000 8.000000 9.000000 "drone" 8.000000 3.000000 
 i 9.000000 0.046875 0.015625 16.000000 8.000000 9.000000 "drone" 8.000000 3.000000 
 i 9.000000 0.062500 0.062500 16.000000 7.000000 0.000000 "chord" 0.000000 3.000000 
 i 9.000000 0.125000 0.062500 16.000000 7.000000 0.000000 "chord" 0.000000 3.000000 
 i 9.000000 0.187500 0.062500 16.000000 7.000000 0.000000 "chord" 0.000000 3.000000 
 i 9.000000 0.062500 0.062500 16.000000 7.000000 5.000000 "chord" 0.000000 3.000000 
 i 9.000000 0.125000 0.062500 16.000000 7.000000 5.000000 "chord" 0.000000 3.000000 
 i 9.000000 0.187500 0.062500 16.000000 7.000000 5.000000 "chord" 0.000000 3.000000 
 i 9.000000 0.062500 0.062500 16.000000 7.000000 9.000000 "chord" 0.000000 3.000000 
 i 9.000000 0.125000 0.062500 16.000000 7.000000 9.000000 "chord" 0.000000 3.000000 
 i 9.000000 0.187500 0.062500 16.000000 7.000000 9.000000 "chord" 0.000000 3.000000 
B  4.000 ..  4.125 T  2.063 TT  6.063 M:  0.22469  0.22248
 i 9.000000 0.015625 0.015625 16.000000 8.000000 5.000000 "drone" 8.000000 3.000000 
 i 9.000000 0.031250 0.015625 16.000000 8.000000 5.000000 "drone" 8.000000 3.000000 
 i 9.000000 0.046875 0.015625 16.000000 8.000000 5.000000 "drone" 8.000000 3.000000 
B  4.125 ..  4.250 T  2.125 TT  6.125 M:  0.01913  0.02618
 i 9.000000 0.031250 0.031250 16.000000 8.000000 5.000000 "drone" 8.000000 3.000000 
 i 9.000000 0.031250 0.031250 16.000000 8.000000 9.000000 "drone" 8.000000 3.000000 
B  4.250 ..  4.375 T  2.187 TT  6.187 M:  0.01724  0.02650
 i 9.000000 0.031250 0.031250 16.000000 8.000000 0.000000 "drone" 8.000000 3.000000 
 i 9.000000 0.031250 0.031250 16.000000 8.000000 5.000000 "drone" 8.000000 3.000000 
 i 9.000000 0.031250 0.031250 16.000000 8.000000 9.000000 "drone" 8.000000 3.000000 
B  4.375 ..  4.500 T  2.250 TT  6.250 M:  0.01870  0.02186
 i 9.000000 0.015625 0.015625 16.000000 8.000000 0.000000 "drone" 8.000000 3.000000 
 i 9.000000 0.031250 0.015625 16.000000 8.000000 0.000000 "drone" 8.000000 3.000000 
 i 9.000000 0.046875 0.015625 16.000000 8.000000 0.000000 "drone" 8.000000 3.000000 
 i 9.000000 0.031250 0.031250 16.000000 8.000000 5.000000 "drone" 8.000000 3.000000 
 i 9.000000 0.015625 0.015625 16.000000 8.000000 9.000000 "drone" 8.000000 3.000000 
 i 9.000000 0.031250 0.015625 16.000000 8.000000 9.000000 "drone" 8.000000 3.000000 
 i 9.000000 0.046875 0.015625 16.000000 8.000000 9.000000 "drone" 8.000000 3.000000 
 i 9.000000 0.125000 0.125000 16.000000 7.000000 0.000000 "chord" 0.000000 3.000000 
 i 9.000000 0.062500 0.062500 16.000000 7.000000 9.000000 "chord" 0.000000 3.000000 
 i 9.000000 0.125000 0.062500 16.000000 7.000000 9.000000 "chord" 0.000000 3.000000 
 i 9.000000 0.187500 0.062500 16.000000 7.000000 9.000000 "chord" 0.000000 3.000000 
B  4.500 ..  4.625 T  2.313 TT  6.313 M:  0.28980  0.28985
 i 9.000000 0.031250 0.031250 16.000000 8.000000 0.000000 "drone" 8.000000 3.000000 
 i 9.000000 0.015625 0.015625 16.000000 8.000000 5.000000 "drone" 8.000000 3.000000 
 i 9.000000 0.031250 0.015625 16.000000 8.000000 5.000000 "drone" 8.000000 3.000000 
 i 9.000000 0.046875 0.015625 16.000000 8.000000 5.000000 "drone" 8.000000 3.000000 
B  4.625 ..  4.750 T  2.375 TT  6.375 M:  0.14953  0.14869
 i 9.000000 0.031250 0.031250 16.000000 8.000000 0.000000 "drone" 8.000000 3.000000 
 i 9.000000 0.031250 0.031250 16.000000 8.000000 5.000000 "drone" 8.000000 3.000000 
 i 9.000000 0.015625 0.015625 16.000000 8.000000 9.000000 "drone" 8.000000 3.000000 
 i 9.000000 0.031250 0.015625 16.000000 8.000000 9.000000 "drone" 8.000000 3.000000 
 i 9.000000 0.046875 0.015625 16.000000 8.000000 9.000000 "drone" 8.000000 3.000000 
B  4.750 ..  4.875 T  2.437 TT  6.437 M:  0.08172  0.07839
 i 9.000000 0.031250 0.031250 16.000000 8.000000 0.000000 "drone" 8.000000 3.000000 
 i 9.000000 0.031250 0.031250 16.000000 8.000000 5.000000 "drone" 8.000000 3.000000 
B  4.875 ..  5.000 T  2.500 TT  6.500 M:  0.03971  0.04490
 i 9.000000 0.015625 0.015625 16.000000 8.000000 0.000000 "drone" 8.000000 3.000000 
 i 9.000000 0.031250 0.015625 16.000000 8.000000 0.000000 "drone" 8.000000 3.000000 
 i 9.000000 0.046875 0.015625 16.000000 8.000000 0.000000 "drone" 8.000000 3.000000 
 i 9.000000 0.125000 0.125000 16.000000 7.000000 5.000000 "chord" 0.000000 3.000000 
B  5.000 ..  5.125 T  2.563 TT  6.563 M:  0.24072  0.24285
 i 9.000000 0.031250 0.031250 16.000000 8.000000 0.000000 "drone" 8.000000 3.000000 
 i 9.000000 0.031250 0.031250 16.000000 8.000000 5.000000 "drone" 8.000000 3.000000 
 i 9.000000 0.015625 0.015625 16.000000 8.000000 9.000000 "drone" 8.000000 3.000000 
 i 9.000000 0.031250 0.015625 16.000000 8.000000 9.000000 "drone" 8.000000 3.000000 
 i 9.000000 0.046875 0.015625 16.000000 8.000000 9.000000 "drone" 8.000000 3.000000 
B  5.125 ..  5.250 T  2.625 TT  6.625 M:  0.19138  0.18998
 i 9.000000 0.015625 0.015625 16.000000 8.000000 0.000000 "drone" 8.000000 3.000000 
 i 9.000000 0.031250 0.015625 16.000000 8.000000 0.000000 "drone" 8.000000 3.000000 
 i 9.000000 0.046875 0.015625 16.000000 8.000000 0.000000 "drone" 8.000000 3.000000 
 i 9.000000 0.015625 0.015625 16.000000 8.000000 9.000000 "drone" 8.000000 3.000000 
 i 9.000000 0.031250 0.015625 16.000000 8.000000 9.000000 "drone" 8.000000 3.000000 
 i 9.000000 0.046875 0.015625 16.000000 8.000000 9.000000 "drone" 8.000000 3.000000 
B  5.250 ..  5.375 T  2.687 TT  6.687 M:  0.10747  0.11470
 i 9.000000 0.031250 0.031250 16.000000 8.000000 0.000000 "drone" 8.000000 3.000000 
 i 9.000000 0.031250 0.031250 16.000000 8.000000 5.000000 "drone" 8.000000 3.000000 
 i 9.000000 0.031250 0.031250 16.000000 8.000000 9.000000 "drone" 8.000000 3.000000 
B  5.375 ..  5.500 T  2.750 TT  6.750 M:  0.04823  0.05042
 i 9.000000 0.015625 0.015625 16.000000 8.000000 0.000000 "drone" 8.000000 3.000000 
 i 9.000000 0.031250 0.015625 16.000000 8.000000 0.000000 "drone" 8.000000 3.000000 
 i 9.000000 0.046875 0.015625 16.000000 8.000000 0.000000 "drone" 8.000000 3.000000 
 i 9.000000 0.031250 0.031250 16.000000 8.000000 5.000000 "drone" 8.000000 3.000000 
 i 9.000000 0.015625 0.015625 16.000000 8.000000 9.000000 "drone" 8.000000 3.000000 
 i 9.000000 0.031250 0.015625 16.000000 8.000000 9.000000 "drone" 8.000000 3.000000 
 i 9.000000 0.046875 0.015625 16.000000 8.000000 9.000000 "drone" 8.000000 3.000000 
 i 9.000000 0.125000 0.125000 16.000000 7.000000 5.000000 "chord" 0.000000 3.000000 
B  5.500 ..  5.625 T  2.813 TT  6.813 M:  0.38893  0.39332
 i 9.000000 0.015625 0.015625 16.000000 8.000000 0.000000 "drone" 8.000000 3.000000 
 i 9.000000 0.031250 0.015625 16.000000 8.000000 0.000000 "drone" 8.000000 3.000000 
 i 9.000000 0.046875 0.015625 16.000000 8.000000 0.000000 "drone" 8.000000 3.000000 
 i 9.000000 0.031250 0.031250 16.000000 8.000000 5.000000 "drone" 8.000000 3.000000 
B  5.625 ..  5.750 T  2.875 TT  6.875 M:  0.17936  0.18351
 i 9.000000 0.031250 0.031250 16.000000 8.000000 0.000000 "drone" 8.000000 3.000000 
 i 9.000000 0.031250 0.031250 16.000000 8.000000 5.000000 "drone" 8.000000 3.000000 
B  5.750 ..  5.875 T  2.937 TT  6.937 M:  0.13152  0.13621
 i 9.000000 0.031250 0.031250 16.000000 8.000000 0.000000 "drone" 8.000000 3.000000 
 i 9.000000 0.015625 0.015625 16.000000 8.000000 5.000000 "drone" 8.000000 3.000000 
 i 9.000000 0.031250 0.015625 16.000000 8.000000 5.000000 "drone" 8.000000 3.000000 
 i 9.000000 0.046875 0.015625 16.000000 8.000000 5.000000 "drone" 8.000000 3.000000 
 i 9.000000 0.015625 0.015625 16.000000 8.000000 9.000000 "drone" 8.000000 3.000000 
 i 9.000000 0.031250 0.015625 16.000000 8.000000 9.000000 "drone" 8.000000 3.000000 
 i 9.000000 0.046875 0.015625 16.000000 8.000000 9.000000 "drone" 8.000000 3.000000 
B  5.875 ..  6.000 T  3.000 TT  7.000 M:  0.05029  0.05891
 i 9.000000 0.015625 0.015625 16.000000 8.000000 0.000000 "drone" 8.000000 3.000000 
 i 9.000000 0.031250 0.015625 16.000000 8.000000 0.000000 "drone" 8.000000 3.000000 
 i 9.000000 0.046875 0.015625 16.000000 8.000000 0.000000 "drone" 8.000000 3.000000 
 i 9.000000 0.125000 0.125000 16.000000 7.000000 0.000000 "chord" 0.000000 3.000000 
 i 9.000000 0.062500 0.062500 16.000000 7.000000 9.000000 "chord" 0.000000 3.000000 
 i 9.000000 0.125000 0.062500 16.000000 7.000000 9.000000 "chord" 0.000000 3.000000 
 i 9.000000 0.187500 0.062500 16.000000 7.000000 9.000000 "chord" 0.000000 3.000000 
B  6.000 ..  6.125 T  3.063 TT  7.063 M:  0.32845  0.33639
 i 9.000000 0.015625 0.015625 16.000000 8.000000 5.000000 "drone" 8.000000 3.000000 
 i 9.000000 0.031250 0.015625 16.000000 8.000000 5.000000 "drone" 8.000000 3.000000 
 i 9.000000 0.046875 0.015625 16.000000 8.000000 5.000000 "drone" 8.000000 3.000000 
B  6.125 ..  6.250 T  3.125 TT  7.125 M:  0.15195  0.14787
 i 9.000000 0.015625 0.015625 16.000000 8.000000 0.000000 "drone" 8.000000 3.000000 
 i 9.000000 0.031250 0.015625 16.000000 8.000000 0.000000 "drone" 8.000000 3.000000 
 i 9.000000 0.046875 0.015625 16.000000 8.000000 0.000000 "drone" 8.000000 3.000000 
 i 9.000000 0.015625 0.015625 16.000000 8.000000 5.000000 "drone" 8.000000 3.000000 
 i 9.000000 0.031250 0.015625 16.000000 8.000000 5.000000 "drone" 8.000000 3.000000 
 i 9.000000 0.046875 0.015625 16.000000 8.000000 5.000000 "drone" 8.000000 3.000000 
 i 9.000000 0.031250 0.031250 16.000000 8.000000 9.000000 "drone" 8.000000 3.000000 
B  6.250 ..  6.375 T  3.187 TT  7.187 M:  0.07769  0.08639
 i 9.000000 0.015625 0.015625 16.000000 8.000000 0.000000 "drone" 8.000000 3.000000 
 i 9.000000 0.031250 0.015625 16.000000 8.000000 0.000000 "drone" 8.000000 3.000000 
 i 9.000000 0.046875 0.015625 16.000000 8.000000 0.000000 "drone" 8.000000 3.000000 
 i 9.000000 0.031250 0.031250 16.000000 8.000000 5.000000 "drone" 8.000000 3.000000 
 i 9.000000 0.015625 0.015625 16.000000 8.000000 9.000000 "drone" 8.000000 3.000000 
 i 9.000000 0.031250 0.015625 16.000000 8.000000 9.000000 "drone" 8.000000 3.000000 
 i 9.000000 0.046875 0.015625 16.000000 8.000000 9.000000 "drone" 8.000000 3.000000 
B  6.375 ..  6.500 T  3.250 TT  7.250 M:  0.03945  0.04570
 i 9.000000 0.015625 0.015625 16.000000 8.000000 0.000000 "drone" 8.000000 3.000000 
 i 9.000000 0.031250 0.015625 16.000000 8.000000 0.000000 "drone" 8.000000 3.000000 
 i 9.000000 0.046875 0.015625 16.000000 8.000000 0.000000 "drone" 8.000000 3.000000 
 i 9.000000 0.015625 0.015625 16.000000 8.000000 5.000000 "drone" 8.000000 3.000000 
 i 9.000000 0.031250 0.015625 16.000000 8.000000 5.000000 "drone" 8.000000 3.000000 
 i 9.000000 0.046875 0.015625 16.000000 8.000000 5.000000 "drone" 8.000000 3.000000 
 i 9.000000 0.125000 0.125000 16.000000 7.000000 0.000000 "chord" 0.000000 3.000000 
 i 9.000000 0.125000 0.125000 16.000000 7.000000 5.000000 "chord" 0.000000 3.000000 
 i 9.000000 0.062500 0.062500 16.000000 7.000000 9.000000 "chord" 0.000000 3.000000 
 i 9.000000 0.125000 0.062500 16.000000 7.000000 9.000000 "chord" 0.000000 3.000000 
 i 9.000000 0.187500 0.062500 16.000000 7.000000 9.000000 "chord" 0.000000 3.000000 
B  6.500 ..  6.625 T  3.313 TT  7.313 M:  0.31928  0.32370
 i 9.000000 0.031250 0.031250 16.000000 8.000000 0.000000 "drone" 8.000000 3.000000 
 i 9.000000 0.031250 0.031250 16.000000 8.000000 5.000000 "drone" 8.000000 3.000000 
 i 9.000000 0.031250 0.031250 16.000000 8.000000 9.000000 "drone" 8.000000 3.000000 
B  6.625 ..  6.750 T  3.375 TT  7.375 M:  0.07987  0.09076
 i 9.000000 0.015625 0.015625 16.000000 8.000000 0.000000 "drone" 8.000000 3.000000 
 i 9.000000 0.031250 0.015625 16.000000 8.000000 0.000000 "drone" 8.000000 3.000000 
 i 9.000000 0.046875 0.015625 16.000000 8.000000 0.000000 "drone" 8.000000 3.000000 
 i 9.000000 0.031250 0.031250 16.000000 8.000000 5.000000 "drone" 8.000000 3.000000 
 i 9.000000 0.031250 0.031250 16.000000 8.000000 9.000000 "drone" 8.000000 3.000000 
B  6.750 ..  6.875 T  3.437 TT  7.437 M:  0.01293  0.01394
 i 9.000000 0.015625 0.015625 16.000000 8.000000 0.000000 "drone" 8.000000 3.000000 
 i 9.000000 0.031250 0.015625 16.000000 8.000000 0.000000 "drone" 8.000000 3.000000 
 i 9.000000 0.046875 0.015625 16.000000 8.000000 0.000000 "drone" 8.000000 3.000000 
 i 9.000000 0.031250 0.031250 16.000000 8.000000 5.000000 "drone" 8.000000 3.000000 
 i 9.000000 0.031250 0.031250 16.000000 8.000000 9.000000 "drone" 8.000000 3.000000 
B  6.875 ..  7.000 T  3.500 TT  7.500 M:  0.01429  0.01632
 i 9.000000 0.031250 0.031250 16.000000 8.000000 5.000000 "drone" 8.000000 3.000000 
 i 9.000000 0.062500 0.062500 16.000000 7.000000 0.000000 "chord" 0.000000 3.000000 
 i 9.000000 0.125000 0.062500 16.000000 7.000000 0.000000 "chord" 0.000000 3.000000 
 i 9.000000 0.187500 0.062500 16.000000 7.000000 0.000000 "chord" 0.000000 3.000000 
B  7.000 ..  7.125 T  3.563 TT  7.563 M:  0.41863  0.41435
 i 9.000000 0.015625 0.015625 16.000000 8.000000 0.000000 "drone" 8.000000 3.000000 
 i 9.000000 0.031250 0.015625 16.000000 8.000000 0.000000 "drone" 8.000000 3.000000 
 i 9.000000 0.046875 0.015625 16.000000 8.000000 0.000000 "drone" 8.000000 3.000000 
 i 9.000000 0.015625 0.015625 16.000000 8.000000 5.000000 "drone" 8.000000 3.000000 
 i 9.000000 0.031250 0.015625 16.000000 8.000000 5.000000 "drone" 8.000000 3.000000 
 i 9.000000 0.046875 0.015625 16.000000 8.000000 5.000000 "drone" 8.000000 3.000000 
 i 9.000000 0.015625 0.015625 16.000000 8.000000 9.000000 "drone" 8.000000 3.000000 
 i 9.000000 0.031250 0.015625 16.000000 8.000000 9.000000 "drone" 8.000000 3.000000 
 i 9.000000 0.046875 0.015625 16.000000 8.000000 9.000000 "drone" 8.000000 3.000000 
B  7.125 ..  7.250 T  3.625 TT  7.625 M:  0.22217  0.23135
 i 9.000000 0.015625 0.015625 16.000000 8.000000 0.000000 "drone" 8.000000 3.000000 
 i 9.000000 0.031250 0.015625 16.000000 8.000000 0.000000 "drone" 8.000000 3.000000 
 i 9.000000 0.046875 0.015625 16.000000 8.000000 0.000000 "drone" 8.000000 3.000000 
 i 9.000000 0.031250 0.031250 16.000000 8.000000 5.000000 "drone" 8.000000 3.000000 
B  7.250 ..  7.375 T  3.687 TT  7.687 M:  0.14487  0.14870
 i 9.000000 0.031250 0.031250 16.000000 8.000000 0.000000 "drone" 8.000000 3.000000 
 i 9.000000 0.015625 0.015625 16.000000 8.000000 5.000000 "drone" 8.000000 3.000000 
 i 9.000000 0.031250 0.015625 16.000000 8.000000 5.000000 "drone" 8.000000 3.000000 
 i 9.000000 0.046875 0.015625 16.000000 8.000000 5.000000 "drone" 8.000000 3.000000 
B  7.375 ..  7.500 T  3.750 TT  7.750 M:  0.07245  0.07628
 i 9.000000 0.031250 0.031250 16.000000 8.000000 0.000000 "drone" 8.000000 3.000000 
 i 9.000000 0.015625 0.015625 16.000000 8.000000 9.000000 "drone" 8.000000 3.000000 
 i 9.000000 0.031250 0.015625 16.000000 8.000000 9.000000 "drone" 8.000000 3.000000 
 i 9.000000 0.046875 0.015625 16.000000 8.000000 9.000000 "drone" 8.000000 3.000000 
 i 9.000000 0.062500 0.062500 16.000000 7.000000 0.000000 "chord" 0.000000 3.000000 
 i 9.000000 0.125000 0.062500 16.000000 7.000000 0.000000 "chord" 0.000000 3.000000 
 i 9.000000 0.187500 0.062500 16.000000 7.000000 0.000000 "chord" 0.000000 3.000000 
 i 9.000000 0.062500 0.062500 16.000000 7.000000 5.000000 "chord" 0.000000 3.000000 
 i 9.000000 0.125000 0.062500 16.000000 7.000000 5.000000 "chord" 0.000000 3.000000 
 i 9.000000 0.187500 0.062500 16.000000 7.000000 5.000000 "chord" 0.000000 3.000000 
B  7.500 ..  7.625 T  3.813 TT  7.813 M:  0.27830  0.26702
 i 9.000000 0.015625 0.015625 16.000000 8.000000 5.000000 "drone" 8.000000 3.000000 
 i 9.000000 0.031250 0.015625 16.000000 8.000000 5.000000 "drone" 8.000000 3.000000 
 i 9.000000 0.046875 0.015625 16.000000 8.000000 5.000000 "drone" 8.000000 3.000000 
 i 9.000000 0.031250 0.031250 16.000000 8.000000 9.000000 "drone" 8.000000 3.000000 
B  7.625 ..  7.750 T  3.875 TT  7.875 M:  0.07798  0.07428
 i 9.000000 0.031250 0.031250 16.000000 8.000000 5.000000 "drone" 8.000000 3.000000 
B  7.750 ..  7.875 T  3.937 TT  7.937 M:  0.05342  0.04893
 i 9.000000 0.015625 0.015625 16.000000 8.000000 0.000000 "drone" 8.000000 3.000000 
 i 9.000000 0.031250 0.015625 16.000000 8.000000 0.000000 "drone" 8.000000 3.000000 
 i 9.000000 0.046875 0.015625 16.000000 8.000000 0.000000 "drone" 8.000000 3.000000 
 i 9.000000 0.015625 0.015625 16.000000 8.000000 9.000000 "drone" 8.000000 3.000000 
 i 9.000000 0.031250 0.015625 16.000000 8.000000 9.000000 "drone" 8.000000 3.000000 
 i 9.000000 0.046875 0.015625 16.000000 8.000000 9.000000 "drone" 8.000000 3.000000 
B  7.875 ..  8.000 T  4.000 TT  8.000 M:  0.02728  0.03208
end of section 2	 sect peak amps:  0.41863  0.41435
inactive allocs returned to freespace
SECTION 3:
new alloc for instr tin:
 i 9.000000 0.015625 0.015625 16.000000 8.000000 0.000000 "drone" 8.000000 3.000000 
 i 9.000000 0.031250 0.015625 16.000000 8.000000 0.000000 "drone" 8.000000 3.000000 
 i 9.000000 0.046875 0.015625 16.000000 8.000000 0.000000 "drone" 8.000000 3.000000 
new alloc for instr tin:
 i 9.000000 0.015625 0.015625 16.000000 8.000000 5.000000 "drone" 8.000000 3.000000 
 i 9.000000 0.031250 0.015625 16.000000 8.000000 5.000000 "drone" 8.000000 3.000000 
 i 9.000000 0.046875 0.015625 16.000000 8.000000 5.000000 "drone" 8.000000 3.000000 
new alloc for instr tin:
 i 9.000000 0.015625 0.015625 16.000000 8.000000 9.000000 "drone" 8.000000 3.000000 
 i 9.000000 0.031250 0.015625 16.000000 8.000000 9.000000 "drone" 8.000000 3.000000 
 i 9.000000 0.046875 0.015625 16.000000 8.000000 9.000000 "drone" 8.000000 3.000000 
new alloc for instr tin:
 i 9.000000 0.125000 0.125000 16.000000 6.000000 0.000000 "chord" 0.000000 3.000000 
new alloc for instr tin:
 i 9.000000 0.062500 0.062500 16.000000 6.000000 5.000000 "chord" 0.000000 3.000000 
 i 9.000000 0.125000 0.062500 16.000000 6.000000 5.000000 "chord" 0.000000 3.000000 
 i 9.000000 0.187500 0.062500 16.000000 6.000000 5.000000 "chord" 0.000000 3.000000 
new alloc for instr tin:
 i 9.000000 0.062500 0.062500 16.000000 6.000000 9.000000 "chord" 0.000000 3.000000 
 i 9.000000 0.125000 0.062500 16.000000 6.000000 9.000000 "chord" 0.000000 3.000000 
 i 9.000000 0.187500 0.062500 16.000000 6.000000 9.000000 "chord" 0.000000 3.000000 
B  0.000 ..  0.125 T  0.063 TT  8.063 M:  0.15054  0.15679
 i 9.000000 0.015625 0.015625 16.000000 8.000000 0.000000 "drone" 8.000000 3.000000 
 i 9.000000 0.031250 0.015625 16.000000 8.000000 0.000000 "drone" 8.000000 3.000000 
 i 9.000000 0.046875 0.015625 16.000000 8.000000 0.000000 "drone" 8.000000 3.000000 
B  0.125 ..  0.250 T  0.125 TT  8.125 M:  0.04251  0.04065
B  0.250 ..  0.375 T  0.187 TT  8.187 M:  0.01421  0.01875
 i 9.000000 0.015625 0.015625 16.000000 8.000000 0.000000 "drone" 8.000000 3.000000 
 i 9.000000 0.031250 0.015625 16.000000 8.000000 0.000000 "drone" 8.000000 3.000000 
 i 9.000000 0.046875 0.015625 16.000000 8.000000 0.000000 "drone" 8.000000 3.000000 
 i 9.000000 0.031250 0.031250 16.000000 8.000000 5.000000 "drone" 8.000000 3.000000 
B  0.375 ..  0.500 T  0.250 TT  8.250 M:  0.01392  0.01785
 i 9.000000 0.031250 0.031250 16.000000 8.000000 5.000000 "drone" 8.000000 3.000000 
 i 9.000000 0.015625 0.015625 16.000000 8.000000 9.000000 "drone" 8.000000 3.000000 
 i 9.000000 0.031250 0.015625 16.000000 8.000000 9.000000 "drone" 8.000000 3.000000 
 i 9.000000 0.046875 0.015625 16.000000 8.000000 9.000000 "drone" 8.000000 3.000000 
 i 9.000000 0.125000 0.125000 16.000000 6.000000 17.000000 "chord" 0.000000 3.000000 
B  0.500 ..  0.625 T  0.313 TT  8.313 M:  0.22977  0.22568
 i 9.000000 0.031250 0.031250 16.000000 8.000000 9.000000 "drone" 8.000000 3.000000 
B  0.625 ..  0.750 T  0.375 TT  8.375 M:  0.15498  0.15364
 i 9.000000 0.031250 0.031250 16.000000 8.000000 0.000000 "drone" 8.000000 3.000000 
 i 9.000000 0.031250 0.031250 16.000000 8.000000 5.000000 "drone" 8.000000 3.000000 
 i 9.000000 0.015625 0.015625 16.000000 8.000000 9.000000 "drone" 8.000000 3.000000 
 i 9.000000 0.031250 0.015625 16.000000 8.000000 9.000000 "drone" 8.000000 3.000000 
 i 9.000000 0.046875 0.015625 16.000000 8.000000 9.000000 "drone" 8.000000 3.000000 
B  0.750 ..  0.875 T  0.437 TT  8.437 M:  0.08765  0.08796
 i 9.000000 0.015625 0.015625 16.000000 8.000000 0.000000 "drone" 8.000000 3.000000 
 i 9.000000 0.031250 0.015625 16.000000 8.000000 0.000000 "drone" 8.000000 3.000000 
 i 9.000000 0.046875 0.015625 16.000000 8.000000 0.000000 "drone" 8.000000 3.000000 
 i 9.000000 0.015625 0.015625 16.000000 8.000000 5.000000 "drone" 8.000000 3.000000 
 i 9.000000 0.031250 0.015625 16.000000 8.000000 5.000000 "drone" 8.000000 3.000000 
 i 9.000000 0.046875 0.015625 16.000000 8.000000 5.000000 "drone" 8.000000 3.000000 
 i 9.000000 0.015625 0.015625 16.000000 8.000000 9.000000 "drone" 8.000000 3.000000 
 i 9.000000 0.031250 0.015625 16.000000 8.000000 9.000000 "drone" 8.000000 3.000000 
 i 9.000000 0.046875 0.015625 16.000000 8.000000 9.000000 "drone" 8.000000 3.000000 
B  0.875 ..  1.000 T  0.500 TT  8.500 M:  0.04348  0.04684
 i 9.000000 0.031250 0.031250 16.000000 8.000000 0.000000 "drone" 8.000000 3.000000 
 i 9.000000 0.031250 0.031250 16.000000 8.000000 5.000000 "drone" 8.000000 3.000000 
 i 9.000000 0.125000 0.125000 16.000000 6.000000 -4.000000 "chord" 0.000000 3.000000 
 i 9.000000 0.125000 0.125000 16.000000 6.000000 1.000000 "chord" 0.000000 3.000000 
B  1.000 ..  1.125 T  0.563 TT  8.563 M:  0.17503  0.17113
 i 9.000000 0.031250 0.031250 16.000000 8.000000 5.000000 "drone" 8.000000 3.000000 
 i 9.000000 0.015625 0.015625 16.000000 8.000000 9.000000 "drone" 8.000000 3.000000 
 i 9.000000 0.031250 0.015625 16.000000 8.000000 9.000000 "drone" 8.000000 3.000000 
 i 9.000000 0.046875 0.015625 16.000000 8.000000 9.000000 "drone" 8.000000 3.000000 
B  1.125 ..  1.250 T  0.625 TT  8.625 M:  0.12716  0.13019
 i 9.000000 0.015625 0.015625 16.000000 8.000000 0.000000 "drone" 8.000000 3.000000 
 i 9.000000 0.031250 0.015625 16.000000 8.000000 0.000000 "drone" 8.000000 3.000000 
 i 9.000000 0.046875 0.015625 16.000000 8.000000 0.000000 "drone" 8.000000 3.000000 
 i 9.000000 0.015625 0.015625 16.000000 8.000000 9.000000 "drone" 8.000000 3.000000 
 i 9.000000 0.031250 0.015625 16.000000 8.000000 9.000000 "drone" 8.000000 3.000000 
 i 9.000000 0.046875 0.015625 16.000000 8.000000 9.000000 "drone" 8.000000 3.000000 
B  1.250 ..  1.375 T  0.687 TT  8.687 M:  0.05394  0.05093
 i 9.000000 0.031250 0.031250 16.000000 8.000000 0.000000 "drone" 8.000000 3.000000 
 i 9.000000 0.015625 0.015625 16.000000 8.000000 5.000000 "drone" 8.000000 3.000000 
 i 9.000000 0.031250 0.015625 16.000000 8.000000 5.000000 "drone" 8.000000 3.000000 
 i 9.000000 0.046875 0.015625 16.000000 8.000000 5.000000 "drone" 8.000000 3.000000 
B  1.375 ..  1.500 T  0.750 TT  8.750 M:  0.03135  0.03039
 i 9.000000 0.015625 0.015625 16.000000 8.000000 0.000000 "drone" 8.000000 3.000000 
 i 9.000000 0.031250 0.015625 16.000000 8.000000 0.000000 "drone" 8.000000 3.000000 
 i 9.000000 0.046875 0.015625 16.000000 8.000000 0.000000 "drone" 8.000000 3.000000 
 i 9.000000 0.031250 0.031250 16.000000 8.000000 9.000000 "drone" 8.000000 3.000000 
 i 9.000000 0.062500 0.062500 16.000000 6.000000 19.000000 "chord" 0.000000 3.000000 
 i 9.000000 0.125000 0.062500 16.000000 6.000000 19.000000 "chord" 0.000000 3.000000 
 i 9.000000 0.187500 0.062500 16.000000 6.000000 19.000000 "chord" 0.000000 3.000000 
B  1.500 ..  1.625 T  0.813 TT  8.813 M:  0.22695  0.22188
 i 9.000000 0.031250 0.031250 16.000000 8.000000 0.000000 "drone" 8.000000 3.000000 
B  1.625 ..  1.750 T  0.875 TT  8.875 M:  0.12549  0.12516
 i 9.000000 0.015625 0.015625 16.000000 8.000000 0.000000 "drone" 8.000000 3.000000 
 i 9.000000 0.031250 0.015625 16.000000 8.000000 0.000000 "drone" 8.000000 3.000000 
 i 9.000000 0.046875 0.015625 16.000000 8.000000 0.000000 "drone" 8.000000 3.000000 
 i 9.000000 0.031250 0.031250 16.000000 8.000000 9.000000 "drone" 8.000000 3.000000 
B  1.750 ..  1.875 T  0.937 TT  8.937 M:  0.07922  0.08049
 i 9.000000 0.031250 0.031250 16.000000 8.000000 5.000000 "drone" 8.000000 3.000000 
 i 9.000000 0.031250 0.031250 16.000000 8.000000 9.000000 "drone" 8.000000 3.000000 
B  1.875 ..  2.000 T  1.000 TT  9.000 M:  0.04419  0.04688
 i 9.000000 0.031250 0.031250 16.000000 8.000000 5.000000 "drone" 8.000000 3.000000 
 i 9.000000 0.031250 0.031250 16.000000 8.000000 9.000000 "drone" 8.000000 3.000000 
B  2.000 ..  2.125 T  1.063 TT  9.063 M:  0.24467  0.24598
 i 9.000000 0.015625 0.015625 16.000000 8.000000 5.000000 "drone" 8.000000 3.000000 
 i 9.000000 0.031250 0.015625 16.000000 8.000000 5.000000 "drone" 8.000000 3.000000 
 i 9.000000 0.046875 0.015625 16.000000 8.000000 5.000000 "drone" 8.000000 3.000000 
B  2.125 ..  2.250 T  1.125 TT  9.125 M:  0.16024  0.16287
 i 9.000000 0.015625 0.015625 16.000000 8.000000 0.000000 "drone" 8.000000 3.000000 
 i 9.000000 0.031250 0.015625 16.000000 8.000000 0.000000 "drone" 8.000000 3.000000 
 i 9.000000 0.046875 0.015625 16.000000 8.000000 0.000000 "drone" 8.000000 3.000000 
 i 9.000000 0.015625 0.015625 16.000000 8.000000 9.000000 "drone" 8.000000 3.000000 
 i 9.000000 0.031250 0.015625 16.000000 8.000000 9.000000 "drone" 8.000000 3.000000 
 i 9.000000 0.046875 0.015625 16.000000 8.000000 9.000000 "drone" 8.000000 3.000000 
B  2.250 ..  2.375 T  1.187 TT  9.187 M:  0.10346  0.11042
 i 9.000000 0.031250 0.031250 16.000000 8.000000 0.000000 "drone" 8.000000 3.000000 
 i 9.000000 0.015625 0.015625 16.000000 8.000000 9.000000 "drone" 8.000000 3.000000 
 i 9.000000 0.031250 0.015625 16.000000 8.000000 9.000000 "drone" 8.000000 3.000000 
 i 9.000000 0.046875 0.015625 16.000000 8.000000 9.000000 "drone" 8.000000 3.000000 
B  2.375 ..  2.500 T  1.250 TT  9.250 M:  0.05109  0.05306
 i 9.000000 0.031250 0.031250 16.000000 8.000000 0.000000 "drone" 8.000000 3.000000 
 i 9.000000 0.031250 0.031250 16.000000 8.000000 5.000000 "drone" 8.000000 3.000000 
 i 9.000000 0.015625 0.015625 16.000000 8.000000 9.000000 "drone" 8.000000 3.000000 
 i 9.000000 0.031250 0.015625 16.000000 8.000000 9.000000 "drone" 8.000000 3.000000 
 i 9.000000 0.046875 0.015625 16.000000 8.000000 9.000000 "drone" 8.000000 3.000000 
 i 9.000000 0.062500 0.062500 16.000000 6.000000 16.000000 "chord" 0.000000 3.000000 
 i 9.000000 0.125000 0.062500 16.000000 6.000000 16.000000 "chord" 0.000000 3.000000 
 i 9.000000 0.187500 0.062500 16.000000 6.000000 16.000000 "chord" 0.000000 3.000000 
 i 9.000000 0.062500 0.062500 16.000000 6.000000 25.000000 "chord" 0.000000 3.000000 
 i 9.000000 0.125000 0.062500 16.000000 6.000000 25.000000 "chord" 0.000000 3.000000 
 i 9.000000 0.187500 0.062500 16.000000 6.000000 25.000000 "chord" 0.000000 3.000000 
inactive allocs returned to freespace
end of score.		   overall amps:  0.41863  0.41435
	   overall samples out of range:        0        0
0 errors in performance
Elapsed time at end of performance: real: 9.563s, CPU: 1.339s
1740 512 sample blks of 64-bit floats written to dac
