0dBFS level = 32768.0
--Csound version 6.14 (double samples) 2020-11-20
[commit: none]
libsndfile-1.0.31
UnifiedCSD:  oscilla.csd
STARTING FILE
Creating options
Creating orchestra
closing tag
Creating score
rtaudio: ALSA module enabled
rtmidi: ALSA Raw MIDI module enabled
instr room uses instrument number 5
instr mixer uses instrument number 6
instr loopback uses instrument number 7
instr tin uses instrument number 8
Elapsed time at end of orchestra compile: real: 0.008s, CPU: 0.008s
sorting score ...
Warp_factor = 4.000000
	... done
Elapsed time at end of score sort: real: 0.011s, CPU: 0.011s
graphics suppressed, ascii substituted
0dBFS level = 1.0
ftable 101:
WARNING: prerequisites/marmstk1.wav sr = 22050, orch sr = 32768.0
audio sr = 22050, monaural
opening WAV infile prerequisites/marmstk1.wav
ftable 101:	256 points, scalemax 1.000
      _

           _



                    .
     _            .
   -      .    _           _             -      _
 -                       '      . - -  _    _        -
__._'____.______'_____-_______.____________-__.___.-___'________
             .       .         .   - .  .      _    .
                       '  ' .                '   -    _
                        '        .    .   '
              '  . .
            -

       _
        _
orch now loaded
audio buffered in 256 sample-frame blocks
ALSA output: total buffer size: 1024, period size: 256
writing 512 sample blks of 64-bit floats to dac
SECTION 1:
new alloc for instr room:
new alloc for instr room:
new alloc for instr mixer:
new alloc for instr tin:
WARNING: Division by zero
B  0.000 ..  0.500 T  0.308 TT  0.308 M:  0.44914  0.44914
new alloc for instr tin:
 i 4.100000 0.076923 0.076923 16.000000 8.000000 0.000000 "melody" 0.000000 -1.000000 1.000000 10.000000 0.000000 
 i 4.100000 0.153846 0.076923 16.000000 8.000000 0.000000 "melody" 0.000000 -1.000000 1.000000 10.000000 0.000000 
 i 4.100000 0.230769 0.076923 16.000000 8.000000 0.000000 "melody" 0.000000 -1.000000 1.000000 10.000000 0.000000 
  rtevent:	   T  0.385 TT  0.385 M:  0.36721  0.36649
new alloc for instr tin:
  rtevent:	   T  0.462 TT  0.462 M:  0.25041  0.25450
  rtevent:	   T  0.538 TT  0.538 M:  0.49810  0.50186
B  0.500 ..  1.000 T  0.615 TT  0.615 M:  0.41198  0.41102
 i 4.100000 0.076923 0.076923 16.000000 8.000000 -1.000000 "melody" 0.000000 -1.000000 1.000000 10.000000 0.000000 
 i 4.100000 0.153846 0.076923 16.000000 8.000000 -1.000000 "melody" 0.000000 -1.000000 1.000000 10.000000 0.000000 
 i 4.100000 0.230769 0.076923 16.000000 8.000000 -1.000000 "melody" 0.000000 -1.000000 1.000000 10.000000 0.000000 
  rtevent:	   T  0.692 TT  0.692 M:  0.56914  0.57539
  rtevent:	   T  0.770 TT  0.770 M:  0.45855  0.47755
  rtevent:	   T  0.846 TT  0.846 M:  0.38801  0.37719
B  1.000 ..  1.500 T  0.923 TT  0.923 M:  0.41564  0.41721
 i 4.100000 0.076923 0.076923 16.000000 8.000000 0.000000 "melody" 0.000000 -1.000000 1.000000 10.000000 0.000000 
 i 4.100000 0.153846 0.076923 16.000000 8.000000 0.000000 "melody" 0.000000 -1.000000 1.000000 10.000000 0.000000 
 i 4.100000 0.230769 0.076923 16.000000 8.000000 0.000000 "melody" 0.000000 -1.000000 1.000000 10.000000 0.000000 
  rtevent:	   T  1.000 TT  1.000 M:  0.42477  0.41812
  rtevent:	   T  1.077 TT  1.077 M:  0.40986  0.40354
  rtevent:	   T  1.153 TT  1.153 M:  0.35132  0.36200
B  1.500 ..  2.000 T  1.230 TT  1.230 M:  0.18208  0.18201
 i 4.100000 0.076923 0.076923 16.000000 8.000000 -1.000000 "melody" 0.000000 -1.000000 1.000000 10.000000 0.000000 
 i 4.100000 0.153846 0.076923 16.000000 8.000000 -1.000000 "melody" 0.000000 -1.000000 1.000000 10.000000 0.000000 
 i 4.100000 0.230769 0.076923 16.000000 8.000000 -1.000000 "melody" 0.000000 -1.000000 1.000000 10.000000 0.000000 
  rtevent:	   T  1.308 TT  1.308 M:  0.44074  0.44027
  rtevent:	   T  1.385 TT  1.385 M:  0.42653  0.41837
  rtevent:	   T  1.461 TT  1.461 M:  0.42553  0.43374
B  2.000 ..  2.500 T  1.538 TT  1.538 M:  0.37941  0.37824
 i 4.100000 0.076923 0.076923 16.000000 8.000000 -5.000000 "melody" 0.000000 -1.000000 1.000000 10.000000 0.000000 
 i 4.100000 0.153846 0.076923 16.000000 8.000000 -5.000000 "melody" 0.000000 -1.000000 1.000000 10.000000 0.000000 
 i 4.100000 0.230769 0.076923 16.000000 8.000000 -5.000000 "melody" 0.000000 -1.000000 1.000000 10.000000 0.000000 
  rtevent:	   T  1.615 TT  1.615 M:  0.57157  0.55686
  rtevent:	   T  1.692 TT  1.692 M:  0.23103  0.23639
  rtevent:	   T  1.769 TT  1.769 M:  0.30854  0.30714
B  2.500 ..  3.000 T  1.846 TT  1.846 M:  0.50991  0.51136
B  3.000 ..  3.500 T  2.154 TT  2.154 M:  0.50186  0.50097
 i 4.100000 0.076923 0.076923 16.000000 8.000000 -5.000000 "melody" 0.000000 -1.000000 1.000000 10.000000 0.000000 
 i 4.100000 0.153846 0.076923 16.000000 8.000000 -5.000000 "melody" 0.000000 -1.000000 1.000000 10.000000 0.000000 
 i 4.100000 0.230769 0.076923 16.000000 8.000000 -5.000000 "melody" 0.000000 -1.000000 1.000000 10.000000 0.000000 
  rtevent:	   T  2.231 TT  2.231 M:  0.44871  0.45354
  rtevent:	   T  2.309 TT  2.309 M:  0.35650  0.35239
  rtevent:	   T  2.385 TT  2.385 M:  0.33807  0.32179
B  3.500 ..  4.000 T  2.462 TT  2.462 M:  0.30423  0.29758
 i 4.100000 0.153846 0.153846 16.000000 8.000000 -6.000000 "melody" 0.000000 -1.000000 1.000000 10.000000 0.000000 
  rtevent:	   T  2.616 TT  2.616 M:  0.28379  0.29310
B  4.000 ..  4.500 T  2.770 TT  2.770 M:  0.43523  0.43899
 i 4.100000 0.153846 0.153846 16.000000 8.000000 -9.000000 "melody" 0.000000 -1.000000 1.000000 10.000000 0.000000 
  rtevent:	   T  2.924 TT  2.924 M:  0.47961  0.47899
B  4.500 ..  5.000 T  3.077 TT  3.077 M:  0.42466  0.43624
 i 4.100000 0.153846 0.153846 16.000000 8.000000 -10.000000 "melody" 0.000000 -1.000000 1.000000 10.000000 0.000000 
  rtevent:	   T  3.231 TT  3.231 M:  0.41161  0.43212
B  5.000 ..  5.500 T  3.385 TT  3.385 M:  0.19796  0.18435
B  5.500 ..  6.000 T  3.692 TT  3.692 M:  0.21253  0.20667
 i 4.100000 0.153846 0.153846 16.000000 8.000000 -6.000000 "melody" 0.000000 -1.000000 1.000000 10.000000 0.000000 
  rtevent:	   T  3.847 TT  3.847 M:  0.49484  0.49408
B  6.000 ..  6.500 T  4.000 TT  4.000 M:  0.35615  0.36123
B  6.500 ..  7.000 T  4.308 TT  4.308 M:  0.32134  0.33434
B  7.000 ..  7.500 T  4.615 TT  4.615 M:  0.36731  0.37597
B  7.500 ..  8.000 T  4.923 TT  4.923 M:  0.27473  0.27750
B  8.000 ..  8.500 T  5.230 TT  5.230 M:  0.56505  0.56191
 i 4.100000 0.076923 0.076923 16.000000 8.000000 -1.000000 "melody" 0.000000 -1.000000 1.000000 10.000000 0.000000 
 i 4.100000 0.153846 0.076923 16.000000 8.000000 -1.000000 "melody" 0.000000 -1.000000 1.000000 10.000000 0.000000 
 i 4.100000 0.230769 0.076923 16.000000 8.000000 -1.000000 "melody" 0.000000 -1.000000 1.000000 10.000000 0.000000 
  rtevent:	   T  5.308 TT  5.308 M:  0.57350  0.58544
  rtevent:	   T  5.385 TT  5.385 M:  0.45136  0.44156
  rtevent:	   T  5.461 TT  5.461 M:  0.59158  0.58078
B  8.500 ..  9.000 T  5.538 TT  5.538 M:  0.46638  0.47041
 i 4.100000 0.076923 0.076923 16.000000 8.000000 0.000000 "melody" 0.000000 -1.000000 1.000000 10.000000 0.000000 
 i 4.100000 0.153846 0.076923 16.000000 8.000000 0.000000 "melody" 0.000000 -1.000000 1.000000 10.000000 0.000000 
 i 4.100000 0.230769 0.076923 16.000000 8.000000 0.000000 "melody" 0.000000 -1.000000 1.000000 10.000000 0.000000 
  rtevent:	   T  5.615 TT  5.615 M:  0.36220  0.34248
  rtevent:	   T  5.692 TT  5.692 M:  0.69637  0.68101
  rtevent:	   T  5.769 TT  5.769 M:  0.61015  0.61066
B  9.000 ..  9.500 T  5.846 TT  5.846 M:  0.42752  0.43507
 i 4.100000 0.076923 0.076923 16.000000 8.000000 3.000000 "melody" 0.000000 -1.000000 1.000000 10.000000 0.000000 
 i 4.100000 0.153846 0.076923 16.000000 8.000000 3.000000 "melody" 0.000000 -1.000000 1.000000 10.000000 0.000000 
 i 4.100000 0.230769 0.076923 16.000000 8.000000 3.000000 "melody" 0.000000 -1.000000 1.000000 10.000000 0.000000 
  rtevent:	   T  5.923 TT  5.923 M:  0.38363  0.39290
  rtevent:	   T  6.000 TT  6.000 M:  0.48086  0.48604
  rtevent:	   T  6.076 TT  6.076 M:  0.36718  0.39220
B  9.500 .. 10.000 T  6.154 TT  6.154 M:  0.44472  0.42950
 i 4.100000 0.076923 0.076923 16.000000 8.000000 0.000000 "melody" 0.000000 -1.000000 1.000000 10.000000 0.000000 
 i 4.100000 0.153846 0.076923 16.000000 8.000000 0.000000 "melody" 0.000000 -1.000000 1.000000 10.000000 0.000000 
 i 4.100000 0.230769 0.076923 16.000000 8.000000 0.000000 "melody" 0.000000 -1.000000 1.000000 10.000000 0.000000 
  rtevent:	   T  6.231 TT  6.231 M:  0.48368  0.48121
  rtevent:	   T  6.309 TT  6.309 M:  0.45366  0.45580
  rtevent:	   T  6.385 TT  6.385 M:  0.58145  0.57588
B 10.000 .. 10.500 T  6.462 TT  6.462 M:  0.49672  0.50626
 i 4.100000 0.153846 0.153846 16.000000 8.000000 -1.000000 "melody" 0.000000 -1.000000 1.000000 10.000000 0.000000 
  rtevent:	   T  6.616 TT  6.616 M:  0.43591  0.42628
B 10.500 .. 11.000 T  6.770 TT  6.770 M:  0.38690  0.37133
 i 4.100000 0.153846 0.153846 16.000000 8.000000 0.000000 "melody" 0.000000 -1.000000 1.000000 10.000000 0.000000 
  rtevent:	   T  6.924 TT  6.924 M:  0.29079  0.28728
B 11.000 .. 11.500 T  7.077 TT  7.077 M:  0.48704  0.47500
 i 4.100000 0.153846 0.153846 16.000000 8.000000 3.000000 "melody" 0.000000 -1.000000 1.000000 10.000000 0.000000 
 i 4.100000 0.307692 0.153846 16.000000 8.000000 3.000000 "melody" 0.000000 -1.000000 1.000000 10.000000 0.000000 
 i 4.100000 0.461538 0.153846 16.000000 8.000000 3.000000 "melody" 0.000000 -1.000000 1.000000 10.000000 0.000000 
  rtevent:	   T  7.231 TT  7.231 M:  0.42210  0.42037
  rtevent:	   T  7.385 TT  7.385 M:  0.55473  0.55224
  rtevent:	   T  7.539 TT  7.539 M:  0.20688  0.22734
B 11.500 .. 12.500 T  7.692 TT  7.692 M:  0.21407  0.21575
B 12.500 .. 13.500 T  8.308 TT  8.308 M:  0.41689  0.40161
 i 4.100000 0.076923 0.076923 16.000000 8.000000 -6.000000 "melody" 0.000000 -1.000000 1.000000 10.000000 0.000000 
 i 4.100000 0.153846 0.076923 16.000000 8.000000 -6.000000 "melody" 0.000000 -1.000000 1.000000 10.000000 0.000000 
 i 4.100000 0.230769 0.076923 16.000000 8.000000 -6.000000 "melody" 0.000000 -1.000000 1.000000 10.000000 0.000000 
  rtevent:	   T  8.385 TT  8.385 M:  0.28451  0.28007
  rtevent:	   T  8.462 TT  8.462 M:  0.39203  0.38784
  rtevent:	   T  8.538 TT  8.538 M:  0.37674  0.37873
B 13.500 .. 14.000 T  8.615 TT  8.615 M:  0.30803  0.29935
B 14.000 .. 14.500 T  8.923 TT  8.923 M:  0.49129  0.50269
B 14.500 .. 15.000 T  9.230 TT  9.230 M:  0.37024  0.36377
 i 4.100000 0.153846 0.153846 16.000000 8.000000 0.000000 "melody" 0.000000 -1.000000 1.000000 10.000000 0.000000 
  rtevent:	   T  9.385 TT  9.385 M:  0.40933  0.41236
B 15.000 .. 15.500 T  9.538 TT  9.538 M:  0.68248  0.68422
 i 4.100000 0.153846 0.153846 16.000000 8.000000 3.000000 "melody" 0.000000 -1.000000 1.000000 10.000000 0.000000 
  rtevent:	   T  9.692 TT  9.692 M:  0.59582  0.58933
B 15.500 .. 16.000 T  9.846 TT  9.846 M:  0.28960  0.29181
 i 4.100000 0.153846 0.153846 16.000000 8.000000 0.000000 "melody" 0.000000 -1.000000 1.000000 10.000000 0.000000 
  rtevent:	   T 10.000 TT 10.000 M:  0.47609  0.48784
B 16.000 .. 16.500 T 10.154 TT 10.154 M:  0.42039  0.41517
B 16.500 .. 17.000 T 10.462 TT 10.462 M:  0.26288  0.27798
 i 4.100000 0.076923 0.076923 16.000000 8.000000 -1.000000 "melody" 0.000000 -1.000000 1.000000 10.000000 0.000000 
 i 4.100000 0.153846 0.076923 16.000000 8.000000 -1.000000 "melody" 0.000000 -1.000000 1.000000 10.000000 0.000000 
 i 4.100000 0.230769 0.076923 16.000000 8.000000 -1.000000 "melody" 0.000000 -1.000000 1.000000 10.000000 0.000000 
  rtevent:	   T 10.539 TT 10.539 M:  0.49910  0.50117
  rtevent:	   T 10.616 TT 10.616 M:  0.54825  0.54679
  rtevent:	   T 10.692 TT 10.692 M:  0.25724  0.23906
B 17.000 .. 17.500 T 10.770 TT 10.770 M:  0.31557  0.30780
 i 4.100000 0.153846 0.153846 16.000000 8.000000 0.000000 "melody" 0.000000 -1.000000 1.000000 10.000000 0.000000 
  rtevent:	   T 10.924 TT 10.924 M:  0.42368  0.43478
B 17.500 .. 18.000 T 11.077 TT 11.077 M:  0.50480  0.50757
 i 4.100000 0.153846 0.153846 16.000000 8.000000 -1.000000 "melody" 0.000000 -1.000000 1.000000 10.000000 0.000000 
  rtevent:	   T 11.231 TT 11.231 M:  0.53225  0.53399
B 18.000 .. 18.500 T 11.385 TT 11.385 M:  0.49814  0.49138
 i 4.100000 0.076923 0.076923 16.000000 8.000000 -5.000000 "melody" 0.000000 -1.000000 1.000000 10.000000 0.000000 
 i 4.100000 0.153846 0.076923 16.000000 8.000000 -5.000000 "melody" 0.000000 -1.000000 1.000000 10.000000 0.000000 
 i 4.100000 0.230769 0.076923 16.000000 8.000000 -5.000000 "melody" 0.000000 -1.000000 1.000000 10.000000 0.000000 
  rtevent:	   T 11.462 TT 11.462 M:  0.30158  0.29304
  rtevent:	   T 11.539 TT 11.539 M:  0.36035  0.34014
  rtevent:	   T 11.615 TT 11.615 M:  0.50210  0.50556
B 18.500 .. 19.000 T 11.692 TT 11.692 M:  0.46995  0.46926
B 19.000 .. 19.500 T 12.000 TT 12.000 M:  0.38343  0.39168
 i 4.100000 0.076923 0.076923 16.000000 8.000000 -5.000000 "melody" 0.000000 -1.000000 1.000000 10.000000 0.000000 
 i 4.100000 0.153846 0.076923 16.000000 8.000000 -5.000000 "melody" 0.000000 -1.000000 1.000000 10.000000 0.000000 
 i 4.100000 0.230769 0.076923 16.000000 8.000000 -5.000000 "melody" 0.000000 -1.000000 1.000000 10.000000 0.000000 
  rtevent:	   T 12.077 TT 12.077 M:  0.33256  0.33269
  rtevent:	   T 12.154 TT 12.154 M:  0.42822  0.43457
  rtevent:	   T 12.230 TT 12.230 M:  0.46002  0.46036
B 19.500 .. 20.000 T 12.308 TT 12.308 M:  0.53663  0.53958
 i 4.100000 0.153846 0.153846 16.000000 8.000000 -6.000000 "melody" 0.000000 -1.000000 1.000000 10.000000 0.000000 
  rtevent:	   T 12.462 TT 12.462 M:  0.45360  0.45632
B 20.000 .. 20.500 T 12.615 TT 12.615 M:  0.39692  0.40701
B 20.500 .. 21.000 T 12.923 TT 12.923 M:  0.28095  0.28026
 i 4.100000 0.153846 0.153846 16.000000 8.000000 -10.000000 "melody" 0.000000 -1.000000 1.000000 10.000000 0.000000 
  rtevent:	   T 13.077 TT 13.077 M:  0.32159  0.31527
B 21.000 .. 21.500 T 13.230 TT 13.230 M:  0.38737  0.40481
B 21.500 .. 22.000 T 13.538 TT 13.538 M:  0.44186  0.45338
B 22.000 .. 22.500 T 13.846 TT 13.846 M:  0.43978  0.43304
 i 4.100000 0.153846 0.153846 16.000000 8.000000 -5.000000 "melody" 0.000000 -1.000000 1.000000 10.000000 0.000000 
  rtevent:	   T 14.000 TT 14.000 M:  0.54080  0.54402
B 22.500 .. 23.000 T 14.154 TT 14.154 M:  0.40142  0.39464
 i 4.100000 0.076923 0.076923 16.000000 8.000000 -1.000000 "melody" 0.000000 -1.000000 1.000000 10.000000 0.000000 
 i 4.100000 0.153846 0.076923 16.000000 8.000000 -1.000000 "melody" 0.000000 -1.000000 1.000000 10.000000 0.000000 
 i 4.100000 0.230769 0.076923 16.000000 8.000000 -1.000000 "melody" 0.000000 -1.000000 1.000000 10.000000 0.000000 
  rtevent:	   T 14.231 TT 14.231 M:  0.48023  0.46834
  rtevent:	   T 14.309 TT 14.309 M:  0.29371  0.29604
  rtevent:	   T 14.385 TT 14.385 M:  0.54137  0.53258
B 23.000 .. 23.500 T 14.462 TT 14.462 M:  0.43891  0.43786
B 23.500 .. 24.000 T 14.770 TT 14.770 M:  0.33858  0.31727
B 24.000 .. 24.500 T 15.077 TT 15.077 M:  0.35081  0.34729
 i 4.100000 0.153846 0.153846 16.000000 8.000000 -1.000000 "melody" 0.000000 -1.000000 1.000000 10.000000 0.000000 
  rtevent:	   T 15.231 TT 15.231 M:  0.35626  0.35753
B 24.500 .. 25.000 T 15.385 TT 15.385 M:  0.34044  0.34062
 i 4.100000 0.153846 0.153846 16.000000 8.000000 0.000000 "melody" 0.000000 -1.000000 1.000000 10.000000 0.000000 
  rtevent:	   T 15.539 TT 15.539 M:  0.50860  0.49654
B 25.000 .. 25.500 T 15.692 TT 15.692 M:  0.59999  0.59604
 i 4.100000 0.153846 0.153846 16.000000 8.000000 3.000000 "melody" 0.000000 -1.000000 1.000000 10.000000 0.000000 
  rtevent:	   T 15.847 TT 15.847 M:  0.49898  0.49586
B 25.500 .. 26.000 T 16.000 TT 16.000 M:  0.30005  0.30375
 i 4.100000 0.076923 0.076923 16.000000 8.000000 0.000000 "melody" 0.000000 -1.000000 1.000000 10.000000 0.000000 
 i 4.100000 0.153846 0.076923 16.000000 8.000000 0.000000 "melody" 0.000000 -1.000000 1.000000 10.000000 0.000000 
 i 4.100000 0.230769 0.076923 16.000000 8.000000 0.000000 "melody" 0.000000 -1.000000 1.000000 10.000000 0.000000 
  rtevent:	   T 16.077 TT 16.077 M:  0.65229  0.65416
  rtevent:	   T 16.154 TT 16.154 M:  0.41503  0.42831
  rtevent:	   T 16.230 TT 16.230 M:  0.36958  0.37923
B 26.000 .. 26.500 T 16.308 TT 16.308 M:  0.34876  0.34191
 i 4.100000 0.076923 0.076923 16.000000 8.000000 -1.000000 "melody" 0.000000 -1.000000 1.000000 10.000000 0.000000 
 i 4.100000 0.153846 0.076923 16.000000 8.000000 -1.000000 "melody" 0.000000 -1.000000 1.000000 10.000000 0.000000 
 i 4.100000 0.230769 0.076923 16.000000 8.000000 -1.000000 "melody" 0.000000 -1.000000 1.000000 10.000000 0.000000 
  rtevent:	   T 16.385 TT 16.385 M:  0.38998  0.39497
  rtevent:	   T 16.462 TT 16.462 M:  0.24277  0.22993
  rtevent:	   T 16.538 TT 16.538 M:  0.50289  0.51642
B 26.500 .. 27.000 T 16.615 TT 16.615 M:  0.21964  0.24433
 i 4.100000 0.153846 0.153846 16.000000 8.000000 0.000000 "melody" 0.000000 -1.000000 1.000000 10.000000 0.000000 
  rtevent:	   T 16.770 TT 16.770 M:  0.40232  0.41339
B 27.000 .. 27.500 T 16.923 TT 16.923 M:  0.21798  0.22278
 i 4.100000 0.153846 0.153846 16.000000 8.000000 3.000000 "melody" 0.000000 -1.000000 1.000000 10.000000 0.000000 
 i 4.100000 0.307692 0.153846 16.000000 8.000000 3.000000 "melody" 0.000000 -1.000000 1.000000 10.000000 0.000000 
 i 4.100000 0.461538 0.153846 16.000000 8.000000 3.000000 "melody" 0.000000 -1.000000 1.000000 10.000000 0.000000 
  rtevent:	   T 17.077 TT 17.077 M:  0.41005  0.41576
  rtevent:	   T 17.230 TT 17.230 M:  0.41156  0.40645
  rtevent:	   T 17.385 TT 17.385 M:  0.51539  0.50180
B 27.500 .. 28.500 T 17.538 TT 17.538 M:  0.32061  0.30074
 i 4.100000 0.153846 0.153846 16.000000 8.000000 3.000000 "melody" 0.000000 -1.000000 1.000000 10.000000 0.000000 
 i 4.100000 0.307692 0.153846 16.000000 8.000000 3.000000 "melody" 0.000000 -1.000000 1.000000 10.000000 0.000000 
 i 4.100000 0.461538 0.153846 16.000000 8.000000 3.000000 "melody" 0.000000 -1.000000 1.000000 10.000000 0.000000 
  rtevent:	   T 17.692 TT 17.692 M:  0.46203  0.45323
  rtevent:	   T 17.846 TT 17.846 M:  0.40902  0.42924
  rtevent:	   T 18.000 TT 18.000 M:  0.35716  0.35595
B 28.500 .. 29.500 T 18.154 TT 18.154 M:  0.51437  0.52752
B 29.500 .. 30.000 T 18.462 TT 18.462 M:  0.36384  0.36355
 i 4.100000 0.076923 0.076923 16.000000 8.000000 -5.000000 "melody" 0.000000 -1.000000 1.000000 10.000000 0.000000 
 i 4.100000 0.153846 0.076923 16.000000 8.000000 -5.000000 "melody" 0.000000 -1.000000 1.000000 10.000000 0.000000 
 i 4.100000 0.230769 0.076923 16.000000 8.000000 -5.000000 "melody" 0.000000 -1.000000 1.000000 10.000000 0.000000 
  rtevent:	   T 18.539 TT 18.539 M:  0.43355  0.44964
  rtevent:	   T 18.616 TT 18.616 M:  0.30257  0.30664
  rtevent:	   T 18.692 TT 18.692 M:  0.34743  0.34905
B 30.000 .. 30.500 T 18.770 TT 18.770 M:  0.40437  0.40568
B 30.500 .. 31.000 T 19.077 TT 19.077 M:  0.38303  0.36982
B 31.000 .. 31.500 T 19.385 TT 19.385 M:  0.37006  0.36991
B 31.500 .. 32.000 T 19.692 TT 19.692 M:  0.50225  0.50466
 i 4.100000 0.153846 0.153846 16.000000 8.000000 7.000000 "melody" 0.000000 -1.000000 1.000000 10.000000 0.000000 
  rtevent:	   T 19.847 TT 19.847 M:  0.26780  0.27651
B 32.000 .. 32.500 T 20.000 TT 20.000 M:  0.51263  0.50442
 i 4.100000 0.153846 0.153846 16.000000 8.000000 7.000000 "melody" 0.000000 -1.000000 1.000000 10.000000 0.000000 
  rtevent:	   T 20.154 TT 20.154 M:  0.47782  0.49568
B 32.500 .. 33.000 T 20.308 TT 20.308 M:  0.45951  0.46863
B 33.000 .. 33.500 T 20.615 TT 20.615 M:  0.49047  0.45899
 i 4.100000 0.153846 0.153846 16.000000 8.000000 7.000000 "melody" 0.000000 -1.000000 1.000000 10.000000 0.000000 
 i 4.100000 0.307692 0.153846 16.000000 8.000000 7.000000 "melody" 0.000000 -1.000000 1.000000 10.000000 0.000000 
 i 4.100000 0.461538 0.153846 16.000000 8.000000 7.000000 "melody" 0.000000 -1.000000 1.000000 10.000000 0.000000 
  rtevent:	   T 20.770 TT 20.770 M:  0.40789  0.42542
  rtevent:	   T 20.923 TT 20.923 M:  0.38148  0.41397
  rtevent:	   T 21.077 TT 21.077 M:  0.59006  0.57804
B 33.500 .. 34.500 T 21.230 TT 21.230 M:  0.26250  0.23904
 i 4.100000 0.153846 0.153846 16.000000 8.000000 7.000000 "melody" 0.000000 -1.000000 1.000000 10.000000 0.000000 
  rtevent:	   T 21.385 TT 21.385 M:  0.64762  0.63580
B 34.500 .. 35.000 T 21.538 TT 21.538 M:  0.28693  0.28028
B 35.000 .. 35.500 T 21.846 TT 21.846 M:  0.52133  0.52644
 i 4.100000 0.076923 0.076923 16.000000 8.000000 10.000000 "melody" 0.000000 -1.000000 1.000000 10.000000 0.000000 
 i 4.100000 0.153846 0.076923 16.000000 8.000000 10.000000 "melody" 0.000000 -1.000000 1.000000 10.000000 0.000000 
 i 4.100000 0.230769 0.076923 16.000000 8.000000 10.000000 "melody" 0.000000 -1.000000 1.000000 10.000000 0.000000 
  rtevent:	   T 21.923 TT 21.923 M:  0.32321  0.31916
  rtevent:	   T 22.000 TT 22.000 M:  0.34801  0.34379
  rtevent:	   T 22.076 TT 22.076 M:  0.31737  0.33086
B 35.500 .. 36.000 T 22.154 TT 22.154 M:  0.46445  0.45642
 i 4.100000 0.153846 0.153846 16.000000 8.000000 10.000000 "melody" 0.000000 -1.000000 1.000000 10.000000 0.000000 
  rtevent:	   T 22.309 TT 22.309 M:  0.39623  0.38002
B 36.000 .. 36.500 T 22.462 TT 22.462 M:  0.50817  0.52905
 i 4.100000 0.153846 0.153846 16.000000 8.000000 10.000000 "melody" 0.000000 -1.000000 1.000000 10.000000 0.000000 
  rtevent:	   T 22.616 TT 22.616 M:  0.39580  0.39105
B 36.500 .. 37.000 T 22.770 TT 22.770 M:  0.39828  0.38746
B 37.000 .. 37.500 T 23.077 TT 23.077 M:  0.54887  0.53711
 i 4.100000 0.076923 0.076923 16.000000 8.000000 4.000000 "melody" 0.000000 -1.000000 1.000000 10.000000 0.000000 
 i 4.100000 0.153846 0.076923 16.000000 8.000000 4.000000 "melody" 0.000000 -1.000000 1.000000 10.000000 0.000000 
 i 4.100000 0.230769 0.076923 16.000000 8.000000 4.000000 "melody" 0.000000 -1.000000 1.000000 10.000000 0.000000 
  rtevent:	   T 23.154 TT 23.154 M:  0.57179  0.55028
  rtevent:	   T 23.231 TT 23.231 M:  0.54913  0.57150
  rtevent:	   T 23.308 TT 23.308 M:  0.36570  0.37262
B 37.500 .. 38.000 T 23.385 TT 23.385 M:  0.45663  0.42087
 i 4.100000 0.076923 0.076923 16.000000 8.000000 3.000000 "melody" 0.000000 -1.000000 1.000000 10.000000 0.000000 
 i 4.100000 0.153846 0.076923 16.000000 8.000000 3.000000 "melody" 0.000000 -1.000000 1.000000 10.000000 0.000000 
 i 4.100000 0.230769 0.076923 16.000000 8.000000 3.000000 "melody" 0.000000 -1.000000 1.000000 10.000000 0.000000 
  rtevent:	   T 23.462 TT 23.462 M:  0.55097  0.57020
  rtevent:	   T 23.539 TT 23.539 M:  0.43493  0.41365
  rtevent:	   T 23.615 TT 23.615 M:  0.35510  0.34278
B 38.000 .. 38.500 T 23.692 TT 23.692 M:  0.53200  0.53069
 i 4.100000 0.153846 0.153846 16.000000 8.000000 4.000000 "melody" 0.000000 -1.000000 1.000000 10.000000 0.000000 
  rtevent:	   T 23.847 TT 23.847 M:  0.30039  0.31292
B 38.500 .. 39.000 T 24.000 TT 24.000 M:  0.55173  0.52085
 i 4.100000 0.153846 0.153846 16.000000 8.000000 3.000000 "melody" 0.000000 -1.000000 1.000000 10.000000 0.000000 
  rtevent:	   T 24.154 TT 24.154 M:  0.27146  0.25546
B 39.000 .. 39.500 T 24.308 TT 24.308 M:  0.42596  0.39610
 i 4.100000 0.153846 0.153846 16.000000 8.000000 0.000000 "melody" 0.000000 -1.000000 1.000000 10.000000 0.000000 
  rtevent:	   T 24.462 TT 24.462 M:  0.35672  0.33983
B 39.500 .. 40.000 T 24.615 TT 24.615 M:  0.34398  0.34138
B 40.000 .. 40.500 T 24.923 TT 24.923 M:  0.52053  0.53249
 i 4.100000 0.153846 0.153846 16.000000 8.000000 4.000000 "melody" 0.000000 -1.000000 1.000000 10.000000 0.000000 
  rtevent:	   T 25.077 TT 25.077 M:  0.30087  0.29493
B 40.500 .. 41.000 T 25.230 TT 25.230 M:  0.47283  0.47825
 i 4.100000 0.153846 0.153846 16.000000 8.000000 3.000000 "melody" 0.000000 -1.000000 1.000000 10.000000 0.000000 
  rtevent:	   T 25.385 TT 25.385 M:  0.18760  0.20877
B 41.000 .. 41.500 T 25.538 TT 25.538 M:  0.45186  0.43616
 i 4.100000 0.153846 0.153846 16.000000 8.000000 0.000000 "melody" 0.000000 -1.000000 1.000000 10.000000 0.000000 
 i 4.100000 0.307692 0.153846 16.000000 8.000000 0.000000 "melody" 0.000000 -1.000000 1.000000 10.000000 0.000000 
 i 4.100000 0.461538 0.153846 16.000000 8.000000 0.000000 "melody" 0.000000 -1.000000 1.000000 10.000000 0.000000 
  rtevent:	   T 25.692 TT 25.692 M:  0.43478  0.43639
  rtevent:	   T 25.846 TT 25.846 M:  0.46610  0.46112
  rtevent:	   T 26.000 TT 26.000 M:  0.60739  0.59400
B 41.500 .. 42.500 T 26.154 TT 26.154 M:  0.33191  0.33630
B 42.500 .. 43.500 T 26.770 TT 26.770 M:  0.58223  0.58431
 i 4.100000 0.076923 0.076923 16.000000 8.000000 0.000000 "melody" 0.000000 -1.000000 1.000000 10.000000 0.000000 
 i 4.100000 0.153846 0.076923 16.000000 8.000000 0.000000 "melody" 0.000000 -1.000000 1.000000 10.000000 0.000000 
 i 4.100000 0.230769 0.076923 16.000000 8.000000 0.000000 "melody" 0.000000 -1.000000 1.000000 10.000000 0.000000 
  rtevent:	   T 26.847 TT 26.847 M:  0.43793  0.43652
  rtevent:	   T 26.924 TT 26.924 M:  0.47631  0.47024
  rtevent:	   T 27.000 TT 27.000 M:  0.45890  0.46008
B 43.500 .. 44.000 T 27.077 TT 27.077 M:  0.38940  0.39489
 i 4.100000 0.153846 0.153846 16.000000 8.000000 0.000000 "melody" 0.000000 -1.000000 1.000000 10.000000 0.000000 
  rtevent:	   T 27.231 TT 27.231 M:  0.20222  0.19404
B 44.000 .. 44.500 T 27.385 TT 27.385 M:  0.33849  0.33219
 i 4.100000 0.076923 0.076923 16.000000 8.000000 0.000000 "melody" 0.000000 -1.000000 1.000000 10.000000 0.000000 
 i 4.100000 0.153846 0.076923 16.000000 8.000000 0.000000 "melody" 0.000000 -1.000000 1.000000 10.000000 0.000000 
 i 4.100000 0.230769 0.076923 16.000000 8.000000 0.000000 "melody" 0.000000 -1.000000 1.000000 10.000000 0.000000 
  rtevent:	   T 27.462 TT 27.462 M:  0.56134  0.56315
  rtevent:	   T 27.539 TT 27.539 M:  0.43640  0.45054
  rtevent:	   T 27.615 TT 27.615 M:  0.58842  0.60061
B 44.500 .. 45.000 T 27.692 TT 27.692 M:  0.44974  0.48128
B 45.000 .. 45.500 T 28.000 TT 28.000 M:  0.50758  0.51642
 i 4.100000 0.076923 0.076923 16.000000 8.000000 -5.000000 "melody" 0.000000 -1.000000 1.000000 10.000000 0.000000 
 i 4.100000 0.153846 0.076923 16.000000 8.000000 -5.000000 "melody" 0.000000 -1.000000 1.000000 10.000000 0.000000 
 i 4.100000 0.230769 0.076923 16.000000 8.000000 -5.000000 "melody" 0.000000 -1.000000 1.000000 10.000000 0.000000 
  rtevent:	   T 28.077 TT 28.077 M:  0.41987  0.41699
  rtevent:	   T 28.154 TT 28.154 M:  0.56085  0.56467
  rtevent:	   T 28.230 TT 28.230 M:  0.51695  0.52141
B 45.500 .. 46.000 T 28.308 TT 28.308 M:  0.35895  0.35712
 i 4.100000 0.076923 0.076923 16.000000 8.000000 -6.000000 "melody" 0.000000 -1.000000 1.000000 10.000000 0.000000 
 i 4.100000 0.153846 0.076923 16.000000 8.000000 -6.000000 "melody" 0.000000 -1.000000 1.000000 10.000000 0.000000 
 i 4.100000 0.230769 0.076923 16.000000 8.000000 -6.000000 "melody" 0.000000 -1.000000 1.000000 10.000000 0.000000 
  rtevent:	   T 28.385 TT 28.385 M:  0.36098  0.36881
  rtevent:	   T 28.462 TT 28.462 M:  0.37370  0.38900
  rtevent:	   T 28.538 TT 28.538 M:  0.29296  0.30288
B 46.000 .. 46.500 T 28.615 TT 28.615 M:  0.26216  0.24192
 i 4.100000 0.153846 0.153846 16.000000 8.000000 -5.000000 "melody" 0.000000 -1.000000 1.000000 10.000000 0.000000 
  rtevent:	   T 28.770 TT 28.770 M:  0.46228  0.44724
B 46.500 .. 47.000 T 28.923 TT 28.923 M:  0.53478  0.53540
 i 4.100000 0.076923 0.076923 16.000000 8.000000 -1.000000 "melody" 0.000000 -1.000000 1.000000 10.000000 0.000000 
 i 4.100000 0.153846 0.076923 16.000000 8.000000 -1.000000 "melody" 0.000000 -1.000000 1.000000 10.000000 0.000000 
 i 4.100000 0.230769 0.076923 16.000000 8.000000 -1.000000 "melody" 0.000000 -1.000000 1.000000 10.000000 0.000000 
  rtevent:	   T 29.000 TT 29.000 M:  0.38201  0.37229
  rtevent:	   T 29.077 TT 29.077 M:  0.36225  0.36375
  rtevent:	   T 29.153 TT 29.153 M:  0.51770  0.51093
B 47.000 .. 47.500 T 29.230 TT 29.230 M:  0.50127  0.48793
 i 4.100000 0.153846 0.153846 16.000000 8.000000 0.000000 "melody" 0.000000 -1.000000 1.000000 10.000000 0.000000 
  rtevent:	   T 29.385 TT 29.385 M:  0.49544  0.49076
B 47.500 .. 48.000 T 29.538 TT 29.538 M:  0.39724  0.39254
B 48.000 .. 48.500 T 29.846 TT 29.846 M:  0.54802  0.54399
B 48.500 .. 49.000 T 30.154 TT 30.154 M:  0.33717  0.34615
B 49.000 .. 49.500 T 30.462 TT 30.462 M:  0.48994  0.49657
B 49.500 .. 50.500 T 31.077 TT 31.077 M:  0.55913  0.57239
 i 4.100000 0.076923 0.076923 16.000000 8.000000 7.000000 "melody" 0.000000 -1.000000 1.000000 10.000000 0.000000 
 i 4.100000 0.153846 0.076923 16.000000 8.000000 7.000000 "melody" 0.000000 -1.000000 1.000000 10.000000 0.000000 
 i 4.100000 0.230769 0.076923 16.000000 8.000000 7.000000 "melody" 0.000000 -1.000000 1.000000 10.000000 0.000000 
  rtevent:	   T 31.154 TT 31.154 M:  0.28883  0.28888
  rtevent:	   T 31.231 TT 31.231 M:  0.67005  0.67113
  rtevent:	   T 31.308 TT 31.308 M:  0.48770  0.48500
B 50.500 .. 51.000 T 31.385 TT 31.385 M:  0.17703  0.18489
B 51.000 .. 51.500 T 31.692 TT 31.692 M:  0.43070  0.41441
 i 4.100000 0.153846 0.153846 16.000000 8.000000 10.000000 "melody" 0.000000 -1.000000 1.000000 10.000000 0.000000 
  rtevent:	   T 31.847 TT 31.847 M:  0.26527  0.23687
B 51.500 .. 52.000 T 32.000 TT 32.000 M:  0.37122  0.37316
B 52.000 .. 52.500 T 32.308 TT 32.308 M:  0.34907  0.36209
 i 4.100000 0.153846 0.153846 16.000000 8.000000 10.000000 "melody" 0.000000 -1.000000 1.000000 10.000000 0.000000 
  rtevent:	   T 32.462 TT 32.462 M:  0.35281  0.35471
B 52.500 .. 53.000 T 32.615 TT 32.615 M:  0.46852  0.47219
 i 4.100000 0.076923 0.076923 16.000000 8.000000 9.000000 "melody" 0.000000 -1.000000 1.000000 10.000000 0.000000 
 i 4.100000 0.153846 0.076923 16.000000 8.000000 9.000000 "melody" 0.000000 -1.000000 1.000000 10.000000 0.000000 
 i 4.100000 0.230769 0.076923 16.000000 8.000000 9.000000 "melody" 0.000000 -1.000000 1.000000 10.000000 0.000000 
  rtevent:	   T 32.692 TT 32.692 M:  0.44441  0.44922
  rtevent:	   T 32.770 TT 32.770 M:  0.57049  0.55789
  rtevent:	   T 32.846 TT 32.846 M:  0.60043  0.57458
B 53.000 .. 53.500 T 32.923 TT 32.923 M:  0.20249  0.23092
B 53.500 .. 54.000 T 33.230 TT 33.230 M:  0.57565  0.59654
 i 4.100000 0.153846 0.153846 16.000000 8.000000 9.000000 "melody" 0.000000 -1.000000 1.000000 10.000000 0.000000 
  rtevent:	   T 33.385 TT 33.385 M:  0.50243  0.49748
B 54.000 .. 54.500 T 33.538 TT 33.538 M:  0.37372  0.36302
B 54.500 .. 55.000 T 33.846 TT 33.846 M:  0.41592  0.42501
B 55.000 .. 55.500 T 34.154 TT 34.154 M:  0.59905  0.59346
B 55.500 .. 56.000 T 34.462 TT 34.462 M:  0.40662  0.40154
 i 4.100000 0.076923 0.076923 16.000000 8.000000 4.000000 "melody" 0.000000 -1.000000 1.000000 10.000000 0.000000 
 i 4.100000 0.153846 0.076923 16.000000 8.000000 4.000000 "melody" 0.000000 -1.000000 1.000000 10.000000 0.000000 
 i 4.100000 0.230769 0.076923 16.000000 8.000000 4.000000 "melody" 0.000000 -1.000000 1.000000 10.000000 0.000000 
  rtevent:	   T 34.539 TT 34.539 M:  0.35928  0.36084
  rtevent:	   T 34.616 TT 34.616 M:  0.41355  0.41188
  rtevent:	   T 34.692 TT 34.692 M:  0.51440  0.51015
B 56.000 .. 56.500 T 34.770 TT 34.770 M:  0.72088  0.72178
 i 4.100000 0.076923 0.076923 16.000000 8.000000 4.000000 "melody" 0.000000 -1.000000 1.000000 10.000000 0.000000 
 i 4.100000 0.153846 0.076923 16.000000 8.000000 4.000000 "melody" 0.000000 -1.000000 1.000000 10.000000 0.000000 
 i 4.100000 0.230769 0.076923 16.000000 8.000000 4.000000 "melody" 0.000000 -1.000000 1.000000 10.000000 0.000000 
  rtevent:	   T 34.847 TT 34.847 M:  0.37024  0.37396
  rtevent:	   T 34.924 TT 34.924 M:  0.66781  0.67201
  rtevent:	   T 35.000 TT 35.000 M:  0.26929  0.25533
B 56.500 .. 57.000 T 35.077 TT 35.077 M:  0.24941  0.25744
B 57.000 .. 57.500 T 35.385 TT 35.385 M:  0.30545  0.31106
 i 4.100000 0.153846 0.153846 16.000000 8.000000 0.000000 "melody" 0.000000 -1.000000 1.000000 10.000000 0.000000 
 i 4.100000 0.307692 0.153846 16.000000 8.000000 0.000000 "melody" 0.000000 -1.000000 1.000000 10.000000 0.000000 
 i 4.100000 0.461538 0.153846 16.000000 8.000000 0.000000 "melody" 0.000000 -1.000000 1.000000 10.000000 0.000000 
  rtevent:	   T 35.539 TT 35.539 M:  0.40743  0.41019
  rtevent:	   T 35.692 TT 35.692 M:  0.41378  0.40519
  rtevent:	   T 35.847 TT 35.847 M:  0.76678  0.77246
B 57.500 .. 58.500 T 36.000 TT 36.000 M:  0.29188  0.28406
 i 4.100000 0.307692 0.307692 16.000000 8.000000 0.000000 "melody" 0.000000 -1.000000 1.000000 10.000000 0.000000 
  rtevent:	   T 36.308 TT 36.308 M:  0.47863  0.49718
B 58.500 .. 59.500 T 36.615 TT 36.615 M:  0.30486  0.31167
B 59.500 .. 60.000 T 36.923 TT 36.923 M:  0.49466  0.48846
 i 4.100000 0.076923 0.076923 16.000000 8.000000 7.000000 "melody" 0.000000 -1.000000 1.000000 10.000000 0.000000 
 i 4.100000 0.153846 0.076923 16.000000 8.000000 7.000000 "melody" 0.000000 -1.000000 1.000000 10.000000 0.000000 
 i 4.100000 0.230769 0.076923 16.000000 8.000000 7.000000 "melody" 0.000000 -1.000000 1.000000 10.000000 0.000000 
  rtevent:	   T 37.000 TT 37.000 M:  0.52369  0.54283
  rtevent:	   T 37.077 TT 37.077 M:  0.32758  0.33416
  rtevent:	   T 37.153 TT 37.153 M:  0.23530  0.24415
B 60.000 .. 60.500 T 37.230 TT 37.230 M:  0.43050  0.41585
 i 4.100000 0.153846 0.153846 16.000000 8.000000 7.000000 "melody" 0.000000 -1.000000 1.000000 10.000000 0.000000 
  rtevent:	   T 37.385 TT 37.385 M:  0.51221  0.50803
B 60.500 .. 61.000 T 37.538 TT 37.538 M:  0.34192  0.36853
 i 4.100000 0.076923 0.076923 16.000000 8.000000 10.000000 "melody" 0.000000 -1.000000 1.000000 10.000000 0.000000 
 i 4.100000 0.153846 0.076923 16.000000 8.000000 10.000000 "melody" 0.000000 -1.000000 1.000000 10.000000 0.000000 
 i 4.100000 0.230769 0.076923 16.000000 8.000000 10.000000 "melody" 0.000000 -1.000000 1.000000 10.000000 0.000000 
  rtevent:	   T 37.615 TT 37.615 M:  0.49111  0.49245
  rtevent:	   T 37.692 TT 37.692 M:  0.52250  0.52778
  rtevent:	   T 37.769 TT 37.769 M:  0.34979  0.35847
B 61.000 .. 61.500 T 37.846 TT 37.846 M:  0.51251  0.50456
 i 4.100000 0.153846 0.153846 16.000000 8.000000 4.000000 "melody" 0.000000 -1.000000 1.000000 10.000000 0.000000 
  rtevent:	   T 38.000 TT 38.000 M:  0.29755  0.31812
B 61.500 .. 62.000 T 38.154 TT 38.154 M:  0.37317  0.36742
 i 4.100000 0.076923 0.076923 16.000000 8.000000 3.000000 "melody" 0.000000 -1.000000 1.000000 10.000000 0.000000 
 i 4.100000 0.153846 0.076923 16.000000 8.000000 3.000000 "melody" 0.000000 -1.000000 1.000000 10.000000 0.000000 
 i 4.100000 0.230769 0.076923 16.000000 8.000000 3.000000 "melody" 0.000000 -1.000000 1.000000 10.000000 0.000000 
  rtevent:	   T 38.231 TT 38.231 M:  0.37167  0.38380
  rtevent:	   T 38.309 TT 38.309 M:  0.49606  0.49936
  rtevent:	   T 38.385 TT 38.385 M:  0.41619  0.42296
B 62.000 .. 62.500 T 38.462 TT 38.462 M:  0.36828  0.34966
 i 4.100000 0.153846 0.153846 16.000000 8.000000 4.000000 "melody" 0.000000 -1.000000 1.000000 10.000000 0.000000 
  rtevent:	   T 38.616 TT 38.616 M:  0.61714  0.62600
B 62.500 .. 63.000 T 38.770 TT 38.770 M:  0.51448  0.48568
 i 4.100000 0.076923 0.076923 16.000000 8.000000 3.000000 "melody" 0.000000 -1.000000 1.000000 10.000000 0.000000 
 i 4.100000 0.153846 0.076923 16.000000 8.000000 3.000000 "melody" 0.000000 -1.000000 1.000000 10.000000 0.000000 
 i 4.100000 0.230769 0.076923 16.000000 8.000000 3.000000 "melody" 0.000000 -1.000000 1.000000 10.000000 0.000000 
  rtevent:	   T 38.847 TT 38.847 M:  0.54926  0.53076
  rtevent:	   T 38.924 TT 38.924 M:  0.58256  0.61803
  rtevent:	   T 39.000 TT 39.000 M:  0.38248  0.41354
B 63.000 .. 63.500 T 39.077 TT 39.077 M:  0.30361  0.30985
 i 4.100000 0.153846 0.153846 16.000000 8.000000 0.000000 "melody" 0.000000 -1.000000 1.000000 10.000000 0.000000 
 i 4.100000 0.307692 0.153846 16.000000 8.000000 0.000000 "melody" 0.000000 -1.000000 1.000000 10.000000 0.000000 
 i 4.100000 0.461538 0.153846 16.000000 8.000000 0.000000 "melody" 0.000000 -1.000000 1.000000 10.000000 0.000000 
  rtevent:	   T 39.231 TT 39.231 M:  0.28387  0.28483
  rtevent:	   T 39.385 TT 39.385 M:  0.22670  0.25085
  rtevent:	   T 39.539 TT 39.539 M:  0.25761  0.27157
B 63.500 .. 64.500 T 39.692 TT 39.692 M:  0.47783  0.46521
 i 4.100000 0.307692 0.307692 16.000000 8.000000 -6.000000 "melody" 0.000000 -1.000000 1.000000 10.000000 0.000000 
  rtevent:	   T 40.000 TT 40.000 M:  0.41212  0.41645
B 64.500 .. 65.500 T 40.308 TT 40.308 M:  0.47029  0.47760
 i 4.100000 0.153846 0.153846 16.000000 8.000000 -5.000000 "melody" 0.000000 -1.000000 1.000000 10.000000 0.000000 
 i 4.100000 0.307692 0.153846 16.000000 8.000000 -5.000000 "melody" 0.000000 -1.000000 1.000000 10.000000 0.000000 
 i 4.100000 0.461538 0.153846 16.000000 8.000000 -5.000000 "melody" 0.000000 -1.000000 1.000000 10.000000 0.000000 
  rtevent:	   T 40.462 TT 40.462 M:  0.76125  0.75720
  rtevent:	   T 40.615 TT 40.615 M:  0.36998  0.35302
  rtevent:	   T 40.770 TT 40.770 M:  0.55286  0.55962
B 65.500 .. 66.500 T 40.923 TT 40.923 M:  0.31453  0.33162
 i 4.100000 0.307692 0.307692 16.000000 8.000000 -1.000000 "melody" 0.000000 -1.000000 1.000000 10.000000 0.000000 
  rtevent:	   T 41.230 TT 41.230 M:  0.37005  0.36443
B 66.500 .. 67.500 T 41.538 TT 41.538 M:  0.34134  0.34132
 i 4.100000 0.153846 0.153846 16.000000 8.000000 0.000000 "melody" 0.000000 -1.000000 1.000000 10.000000 0.000000 
 i 4.100000 0.307692 0.153846 16.000000 8.000000 0.000000 "melody" 0.000000 -1.000000 1.000000 10.000000 0.000000 
 i 4.100000 0.461538 0.153846 16.000000 8.000000 0.000000 "melody" 0.000000 -1.000000 1.000000 10.000000 0.000000 
  rtevent:	   T 41.692 TT 41.692 M:  0.39000  0.38123
  rtevent:	   T 41.846 TT 41.846 M:  0.44555  0.43564
  rtevent:	   T 42.000 TT 42.000 M:  0.53071  0.52779
B 67.500 .. 68.500 T 42.154 TT 42.154 M:  0.58645  0.58264
B 68.500 .. 69.000 T 42.462 TT 42.462 M:  0.40529  0.39327
 i 4.100000 0.076923 0.076923 16.000000 8.000000 -6.000000 "melody" 0.000000 -1.000000 1.000000 10.000000 0.000000 
 i 4.100000 0.153846 0.076923 16.000000 8.000000 -6.000000 "melody" 0.000000 -1.000000 1.000000 10.000000 0.000000 
 i 4.100000 0.230769 0.076923 16.000000 8.000000 -6.000000 "melody" 0.000000 -1.000000 1.000000 10.000000 0.000000 
  rtevent:	   T 42.539 TT 42.539 M:  0.45135  0.44657
  rtevent:	   T 42.616 TT 42.616 M:  0.30296  0.30704
  rtevent:	   T 42.692 TT 42.692 M:  0.34750  0.35279
B 69.000 .. 69.500 T 42.770 TT 42.770 M:  0.37751  0.39066
 i 4.100000 0.153846 0.153846 16.000000 8.000000 -5.000000 "melody" 0.000000 -1.000000 1.000000 10.000000 0.000000 
  rtevent:	   T 42.924 TT 42.924 M:  0.31866  0.31603
B 69.500 .. 70.000 T 43.077 TT 43.077 M:  0.39565  0.41201
 i 4.100000 0.153846 0.153846 16.000000 8.000000 -6.000000 "melody" 0.000000 -1.000000 1.000000 10.000000 0.000000 
  rtevent:	   T 43.231 TT 43.231 M:  0.24005  0.23029
B 70.000 .. 70.500 T 43.385 TT 43.385 M:  0.32220  0.33034
 i 4.100000 0.076923 0.076923 16.000000 8.000000 -5.000000 "melody" 0.000000 -1.000000 1.000000 10.000000 0.000000 
 i 4.100000 0.153846 0.076923 16.000000 8.000000 -5.000000 "melody" 0.000000 -1.000000 1.000000 10.000000 0.000000 
 i 4.100000 0.230769 0.076923 16.000000 8.000000 -5.000000 "melody" 0.000000 -1.000000 1.000000 10.000000 0.000000 
  rtevent:	   T 43.462 TT 43.462 M:  0.37297  0.36978
  rtevent:	   T 43.539 TT 43.539 M:  0.41956  0.41670
  rtevent:	   T 43.615 TT 43.615 M:  0.25085  0.25309
B 70.500 .. 71.000 T 43.692 TT 43.692 M:  0.53256  0.52929
 i 4.100000 0.153846 0.153846 16.000000 8.000000 -1.000000 "melody" 0.000000 -1.000000 1.000000 10.000000 0.000000 
  rtevent:	   T 43.847 TT 43.847 M:  0.44402  0.43484
B 71.000 .. 71.500 T 44.000 TT 44.000 M:  0.48845  0.48769
 i 4.100000 0.153846 0.153846 16.000000 8.000000 0.000000 "melody" 0.000000 -1.000000 1.000000 10.000000 0.000000 
 i 4.100000 0.307692 0.153846 16.000000 8.000000 0.000000 "melody" 0.000000 -1.000000 1.000000 10.000000 0.000000 
 i 4.100000 0.461538 0.153846 16.000000 8.000000 0.000000 "melody" 0.000000 -1.000000 1.000000 10.000000 0.000000 
  rtevent:	   T 44.154 TT 44.154 M:  0.31445  0.32146
  rtevent:	   T 44.308 TT 44.308 M:  0.27939  0.27951
  rtevent:	   T 44.462 TT 44.462 M:  0.42794  0.42044
B 71.500 .. 72.500 T 44.615 TT 44.615 M:  0.35953  0.35437
B 72.500 .. 73.500 T 45.230 TT 45.230 M:  0.38768  0.39082
 i 4.100000 0.307692 0.307692 16.000000 8.000000 -5.000000 "melody" 0.000000 -1.000000 1.000000 10.000000 0.000000 
  rtevent:	   T 45.538 TT 45.538 M:  0.24300  0.24846
B 73.500 .. 74.500 T 45.846 TT 45.846 M:  0.51000  0.51127
B 74.500 .. 75.500 T 46.462 TT 46.462 M:  0.34935  0.34374
 i 4.100000 0.153846 0.153846 16.000000 8.000000 0.000000 "melody" 0.000000 -1.000000 1.000000 10.000000 0.000000 
 i 4.100000 0.307692 0.153846 16.000000 8.000000 0.000000 "melody" 0.000000 -1.000000 1.000000 10.000000 0.000000 
 i 4.100000 0.461538 0.153846 16.000000 8.000000 0.000000 "melody" 0.000000 -1.000000 1.000000 10.000000 0.000000 
  rtevent:	   T 46.616 TT 46.616 M:  0.52457  0.52290
  rtevent:	   T 46.770 TT 46.770 M:  0.29359  0.27341
  rtevent:	   T 46.924 TT 46.924 M:  0.35981  0.35887
B 75.500 .. 76.500 T 47.077 TT 47.077 M:  0.35341  0.35731
 i 4.100000 0.153846 0.153846 16.000000 8.000000 0.000000 "melody" 0.000000 -1.000000 1.000000 10.000000 0.000000 
  rtevent:	   T 47.231 TT 47.231 M:  0.31209  0.31346
B 76.500 .. 77.000 T 47.385 TT 47.385 M:  0.36686  0.37258
 i 4.100000 0.076923 0.076923 16.000000 8.000000 3.000000 "melody" 0.000000 -1.000000 1.000000 10.000000 0.000000 
 i 4.100000 0.153846 0.076923 16.000000 8.000000 3.000000 "melody" 0.000000 -1.000000 1.000000 10.000000 0.000000 
 i 4.100000 0.230769 0.076923 16.000000 8.000000 3.000000 "melody" 0.000000 -1.000000 1.000000 10.000000 0.000000 
  rtevent:	   T 47.462 TT 47.462 M:  0.53766  0.53811
  rtevent:	   T 47.539 TT 47.539 M:  0.60998  0.60185
  rtevent:	   T 47.615 TT 47.615 M:  0.49811  0.49569
B 77.000 .. 77.500 T 47.692 TT 47.692 M:  0.38708  0.42430
 i 4.100000 0.076923 0.076923 16.000000 8.000000 0.000000 "melody" 0.000000 -1.000000 1.000000 10.000000 0.000000 
 i 4.100000 0.153846 0.076923 16.000000 8.000000 0.000000 "melody" 0.000000 -1.000000 1.000000 10.000000 0.000000 
 i 4.100000 0.230769 0.076923 16.000000 8.000000 0.000000 "melody" 0.000000 -1.000000 1.000000 10.000000 0.000000 
  rtevent:	   T 47.770 TT 47.770 M:  0.39401  0.40461
  rtevent:	   T 47.847 TT 47.847 M:  0.68347  0.68040
  rtevent:	   T 47.923 TT 47.923 M:  0.56705  0.56892
B 77.500 .. 78.000 T 48.000 TT 48.000 M:  0.56732  0.56903
B 78.000 .. 78.500 T 48.308 TT 48.308 M:  0.43564  0.44225
 i 4.100000 0.076923 0.076923 16.000000 8.000000 0.000000 "melody" 0.000000 -1.000000 1.000000 10.000000 0.000000 
 i 4.100000 0.153846 0.076923 16.000000 8.000000 0.000000 "melody" 0.000000 -1.000000 1.000000 10.000000 0.000000 
 i 4.100000 0.230769 0.076923 16.000000 8.000000 0.000000 "melody" 0.000000 -1.000000 1.000000 10.000000 0.000000 
  rtevent:	   T 48.385 TT 48.385 M:  0.56197  0.56232
  rtevent:	   T 48.462 TT 48.462 M:  0.58204  0.56759
  rtevent:	   T 48.538 TT 48.538 M:  0.38287  0.37457
B 78.500 .. 79.000 T 48.615 TT 48.615 M:  0.37423  0.38522
 i 4.100000 0.153846 0.153846 16.000000 8.000000 3.000000 "melody" 0.000000 -1.000000 1.000000 10.000000 0.000000 
  rtevent:	   T 48.770 TT 48.770 M:  0.51859  0.52756
B 79.000 .. 79.500 T 48.923 TT 48.923 M:  0.43097  0.45503
 i 4.100000 0.307692 0.307692 16.000000 8.000000 4.000000 "melody" 0.000000 -1.000000 1.000000 10.000000 0.000000 
  rtevent:	   T 49.230 TT 49.230 M:  0.44861  0.45232
B 79.500 .. 80.500 T 49.538 TT 49.538 M:  0.52091  0.50333
 i 4.100000 0.153846 0.153846 16.000000 8.000000 3.000000 "melody" 0.000000 -1.000000 1.000000 10.000000 0.000000 
  rtevent:	   T 49.692 TT 49.692 M:  0.65247  0.63727
B 80.500 .. 81.000 T 49.846 TT 49.846 M:  0.43785  0.44555
 i 4.100000 0.076923 0.076923 16.000000 8.000000 4.000000 "melody" 0.000000 -1.000000 1.000000 10.000000 0.000000 
 i 4.100000 0.153846 0.076923 16.000000 8.000000 4.000000 "melody" 0.000000 -1.000000 1.000000 10.000000 0.000000 
 i 4.100000 0.230769 0.076923 16.000000 8.000000 4.000000 "melody" 0.000000 -1.000000 1.000000 10.000000 0.000000 
  rtevent:	   T 49.923 TT 49.923 M:  0.37558  0.39998
  rtevent:	   T 50.000 TT 50.000 M:  0.36772  0.34478
  rtevent:	   T 50.076 TT 50.076 M:  0.48461  0.48242
B 81.000 .. 81.500 T 50.154 TT 50.154 M:  0.51951  0.52981
B 81.500 .. 82.500 T 50.770 TT 50.770 M:  0.63020  0.60542
B 82.500 .. 83.000 T 51.077 TT 51.077 M:  0.41879  0.41074
 i 4.100000 0.153846 0.153846 16.000000 8.000000 3.000000 "melody" 0.000000 -1.000000 1.000000 10.000000 0.000000 
  rtevent:	   T 51.231 TT 51.231 M:  0.38830  0.39474
new alloc for instr tin:
B 83.000 .. 83.500 T 51.385 TT 51.385 M:  0.53682  0.53981
 i 4.100000 0.307692 0.307692 16.000000 8.000000 4.000000 "melody" 0.000000 -1.000000 1.000000 10.000000 0.000000 
  rtevent:	   T 51.692 TT 51.692 M:  0.52511  0.55562
B 83.500 .. 84.500 T 52.000 TT 52.000 M:  0.48616  0.48206
 i 4.100000 0.076923 0.076923 16.000000 8.000000 0.000000 "melody" 0.000000 -1.000000 1.000000 10.000000 0.000000 
 i 4.100000 0.153846 0.076923 16.000000 8.000000 0.000000 "melody" 0.000000 -1.000000 1.000000 10.000000 0.000000 
 i 4.100000 0.230769 0.076923 16.000000 8.000000 0.000000 "melody" 0.000000 -1.000000 1.000000 10.000000 0.000000 
  rtevent:	   T 52.077 TT 52.077 M:  0.30878  0.30725
  rtevent:	   T 52.154 TT 52.154 M:  0.37420  0.36216
  rtevent:	   T 52.230 TT 52.230 M:  0.65566  0.65404
B 84.500 .. 85.000 T 52.308 TT 52.308 M:  0.59786  0.60057
 i 4.100000 0.153846 0.153846 16.000000 8.000000 -1.000000 "melody" 0.000000 -1.000000 1.000000 10.000000 0.000000 
  rtevent:	   T 52.462 TT 52.462 M:  0.41561  0.43178
B 85.000 .. 85.500 T 52.615 TT 52.615 M:  0.24567  0.25848
 i 4.100000 0.307692 0.307692 16.000000 8.000000 0.000000 "melody" 0.000000 -1.000000 1.000000 10.000000 0.000000 
  rtevent:	   T 52.923 TT 52.923 M:  0.41073  0.43426
B 85.500 .. 86.500 T 53.230 TT 53.230 M:  0.44599  0.44500
 i 4.100000 0.076923 0.076923 16.000000 8.000000 -5.000000 "melody" 0.000000 -1.000000 1.000000 10.000000 0.000000 
 i 4.100000 0.153846 0.076923 16.000000 8.000000 -5.000000 "melody" 0.000000 -1.000000 1.000000 10.000000 0.000000 
 i 4.100000 0.230769 0.076923 16.000000 8.000000 -5.000000 "melody" 0.000000 -1.000000 1.000000 10.000000 0.000000 
  rtevent:	   T 53.308 TT 53.308 M:  0.39334  0.39104
  rtevent:	   T 53.385 TT 53.385 M:  0.62198  0.61973
  rtevent:	   T 53.461 TT 53.461 M:  0.59107  0.58939
B 86.500 .. 87.000 T 53.538 TT 53.538 M:  0.29748  0.33015
 i 4.100000 0.076923 0.076923 16.000000 8.000000 -1.000000 "melody" 0.000000 -1.000000 1.000000 10.000000 0.000000 
 i 4.100000 0.153846 0.076923 16.000000 8.000000 -1.000000 "melody" 0.000000 -1.000000 1.000000 10.000000 0.000000 
 i 4.100000 0.230769 0.076923 16.000000 8.000000 -1.000000 "melody" 0.000000 -1.000000 1.000000 10.000000 0.000000 
  rtevent:	   T 53.615 TT 53.615 M:  0.38504  0.36691
  rtevent:	   T 53.692 TT 53.692 M:  0.20409  0.23250
  rtevent:	   T 53.769 TT 53.769 M:  0.48821  0.48569
B 87.000 .. 87.500 T 53.846 TT 53.846 M:  0.31990  0.31794
B 87.500 .. 88.500 T 54.462 TT 54.462 M:  0.39901  0.41613
 i 4.100000 0.153846 0.153846 16.000000 8.000000 3.000000 "melody" 0.000000 -1.000000 1.000000 10.000000 0.000000 
  rtevent:	   T 54.616 TT 54.616 M:  0.40031  0.39989
B 88.500 .. 89.000 T 54.770 TT 54.770 M:  0.51329  0.53599
 i 4.100000 0.153846 0.153846 16.000000 8.000000 4.000000 "melody" 0.000000 -1.000000 1.000000 10.000000 0.000000 
  rtevent:	   T 54.924 TT 54.924 M:  0.64616  0.63399
B 89.000 .. 89.500 T 55.077 TT 55.077 M:  0.55686  0.51956
 i 4.100000 0.153846 0.153846 16.000000 8.000000 7.000000 "melody" 0.000000 -1.000000 1.000000 10.000000 0.000000 
 i 4.100000 0.307692 0.153846 16.000000 8.000000 7.000000 "melody" 0.000000 -1.000000 1.000000 10.000000 0.000000 
 i 4.100000 0.461538 0.153846 16.000000 8.000000 7.000000 "melody" 0.000000 -1.000000 1.000000 10.000000 0.000000 
  rtevent:	   T 55.231 TT 55.231 M:  0.42663  0.41183
  rtevent:	   T 55.385 TT 55.385 M:  0.49712  0.49493
  rtevent:	   T 55.539 TT 55.539 M:  0.30294  0.31866
B 89.500 .. 90.500 T 55.692 TT 55.692 M:  0.46412  0.45133
 i 4.100000 0.153846 0.153846 16.000000 8.000000 7.000000 "melody" 0.000000 -1.000000 1.000000 10.000000 0.000000 
  rtevent:	   T 55.847 TT 55.847 M:  0.54768  0.49797
B 90.500 .. 91.000 T 56.000 TT 56.000 M:  0.46001  0.47809
 i 4.100000 0.153846 0.153846 16.000000 8.000000 7.000000 "melody" 0.000000 -1.000000 1.000000 10.000000 0.000000 
  rtevent:	   T 56.154 TT 56.154 M:  0.41144  0.39803
B 91.000 .. 91.500 T 56.308 TT 56.308 M:  0.70470  0.72110
 i 4.100000 0.307692 0.307692 16.000000 8.000000 8.000000 "melody" 0.000000 -1.000000 1.000000 10.000000 0.000000 
  rtevent:	   T 56.615 TT 56.615 M:  0.56106  0.59825
B 91.500 .. 92.500 T 56.923 TT 56.923 M:  0.28619  0.28174
 i 4.100000 0.153846 0.153846 16.000000 8.000000 7.000000 "melody" 0.000000 -1.000000 1.000000 10.000000 0.000000 
  rtevent:	   T 57.077 TT 57.077 M:  0.38132  0.38165
B 92.500 .. 93.000 T 57.230 TT 57.230 M:  0.47847  0.47380
 i 4.100000 0.153846 0.153846 16.000000 8.000000 4.000000 "melody" 0.000000 -1.000000 1.000000 10.000000 0.000000 
  rtevent:	   T 57.385 TT 57.385 M:  0.33997  0.34978
B 93.000 .. 93.500 T 57.538 TT 57.538 M:  0.47600  0.47021
 i 4.100000 0.153846 0.153846 16.000000 8.000000 7.000000 "melody" 0.000000 -1.000000 1.000000 10.000000 0.000000 
 i 4.100000 0.307692 0.153846 16.000000 8.000000 7.000000 "melody" 0.000000 -1.000000 1.000000 10.000000 0.000000 
 i 4.100000 0.461538 0.153846 16.000000 8.000000 7.000000 "melody" 0.000000 -1.000000 1.000000 10.000000 0.000000 
  rtevent:	   T 57.692 TT 57.692 M:  0.57370  0.56631
  rtevent:	   T 57.846 TT 57.846 M:  0.38686  0.37152
  rtevent:	   T 58.000 TT 58.000 M:  0.51842  0.53634
B 93.500 .. 94.500 T 58.154 TT 58.154 M:  0.69439  0.71298
 i 4.100000 0.153846 0.153846 16.000000 8.000000 4.000000 "melody" 0.000000 -1.000000 1.000000 10.000000 0.000000 
  rtevent:	   T 58.309 TT 58.309 M:  0.57849  0.60897
B 94.500 .. 95.000 T 58.462 TT 58.462 M:  0.55710  0.54204
B 95.000 .. 95.500 T 58.770 TT 58.770 M:  0.49505  0.48946
 i 4.100000 0.153846 0.153846 16.000000 8.000000 -5.000000 "melody" 0.000000 -1.000000 1.000000 10.000000 0.000000 
 i 4.100000 0.307692 0.153846 16.000000 8.000000 -5.000000 "melody" 0.000000 -1.000000 1.000000 10.000000 0.000000 
 i 4.100000 0.461538 0.153846 16.000000 8.000000 -5.000000 "melody" 0.000000 -1.000000 1.000000 10.000000 0.000000 
  rtevent:	   T 58.924 TT 58.924 M:  0.35054  0.35294
  rtevent:	   T 59.077 TT 59.077 M:  0.35424  0.35507
  rtevent:	   T 59.231 TT 59.231 M:  0.47361  0.48089
B 95.500 .. 96.500 T 59.385 TT 59.385 M:  0.38731  0.38416
 i 4.100000 0.153846 0.153846 16.000000 8.000000 -1.000000 "melody" 0.000000 -1.000000 1.000000 10.000000 0.000000 
 i 4.100000 0.307692 0.153846 16.000000 8.000000 -1.000000 "melody" 0.000000 -1.000000 1.000000 10.000000 0.000000 
 i 4.100000 0.461538 0.153846 16.000000 8.000000 -1.000000 "melody" 0.000000 -1.000000 1.000000 10.000000 0.000000 
  rtevent:	   T 59.539 TT 59.539 M:  0.67015  0.66918
  rtevent:	   T 59.692 TT 59.692 M:  0.45236  0.45051
  rtevent:	   T 59.847 TT 59.847 M:  0.36875  0.37164
B 96.500 .. 97.500 T 60.000 TT 60.000 M:  0.35876  0.35063
 i 4.100000 0.153846 0.153846 16.000000 8.000000 0.000000 "melody" 0.000000 -1.000000 1.000000 10.000000 0.000000 
 i 4.100000 0.307692 0.153846 16.000000 8.000000 0.000000 "melody" 0.000000 -1.000000 1.000000 10.000000 0.000000 
 i 4.100000 0.461538 0.153846 16.000000 8.000000 0.000000 "melody" 0.000000 -1.000000 1.000000 10.000000 0.000000 
  rtevent:	   T 60.154 TT 60.154 M:  0.32730  0.32181
  rtevent:	   T 60.308 TT 60.308 M:  0.35734  0.36076
  rtevent:	   T 60.462 TT 60.462 M:  0.41469  0.40607
B 97.500 .. 98.500 T 60.615 TT 60.615 M:  0.66960  0.67452
 i 4.100000 0.307692 0.307692 16.000000 8.000000 3.000000 "melody" 0.000000 -1.000000 1.000000 10.000000 0.000000 
  rtevent:	   T 60.923 TT 60.923 M:  0.51237  0.50076
B 98.500 .. 99.500 T 61.230 TT 61.230 M:  0.37628  0.37495
 i 4.100000 0.307692 0.307692 16.000000 8.000000 4.000000 "melody" 0.000000 -1.000000 1.000000 10.000000 0.000000 
  rtevent:	   T 61.538 TT 61.538 M:  0.44813  0.43191
B 99.500 ..100.500 T 61.846 TT 61.846 M:  0.60745  0.61778
B100.500 ..101.500 T 62.462 TT 62.462 M:  0.38820  0.39054
 i 4.100000 0.307692 0.307692 16.000000 8.000000 10.000000 "melody" 0.000000 -1.000000 1.000000 10.000000 0.000000 
  rtevent:	   T 62.770 TT 62.770 M:  0.70377  0.70431
B101.500 ..102.500 T 63.077 TT 63.077 M:  0.75346  0.76857
 i 4.100000 0.153846 0.153846 16.000000 8.000000 10.000000 "melody" 0.000000 -1.000000 1.000000 10.000000 0.000000 
 i 4.100000 0.307692 0.153846 16.000000 8.000000 10.000000 "melody" 0.000000 -1.000000 1.000000 10.000000 0.000000 
 i 4.100000 0.461538 0.153846 16.000000 8.000000 10.000000 "melody" 0.000000 -1.000000 1.000000 10.000000 0.000000 
  rtevent:	   T 63.231 TT 63.231 M:  0.39899  0.38066
  rtevent:	   T 63.385 TT 63.385 M:  0.44987  0.44200
  rtevent:	   T 63.539 TT 63.539 M:  0.28305  0.30091
B102.500 ..103.500 T 63.692 TT 63.692 M:  0.62833  0.61143
 i 4.100000 0.307692 0.307692 16.000000 8.000000 10.000000 "melody" 0.000000 -1.000000 1.000000 10.000000 0.000000 
B103.500 ..103.651 T 63.785 TT 63.785 M:  0.35002  0.36651
B103.651 ..104.500 T 64.000 TT 64.000 M:  0.12830  0.13865
B104.500 ..104.254 T 64.156 TT 64.156 M:  0.28437  0.27289
B104.254 ..104.116 T 64.308 TT 64.308 M:  0.06532  0.06026
B104.116 ..104.757 T 64.466 TT 64.466 M:  0.03130  0.03605
end of section 1	 sect peak amps:  0.76678  0.77246
inactive allocs returned to freespace
SECTION 2:
new alloc for instr loopback:
end of section 2	 sect peak amps:  0.00000  0.00000
SECTION 1:
new alloc for instr tin:
 i 4.100000 0.000000 0.000000 16.000000 8.000000 0.000000 "melody" 0.000000 -1.000000 1.000000 10.000000 0.000000 
WARNING: Division by zero
new alloc for instr tin:
WARNING: Division by zero
B  0.000 ..  0.500 T  0.308 TT  0.308 M:  0.36041  0.36041
B  0.500 ..  1.000 T  0.615 TT  0.615 M:  0.38486  0.38028
B  1.000 ..  1.500 T  0.923 TT  0.923 M:  0.33485  0.33588
 i 4.100000 0.076923 0.076923 16.000000 8.000000 0.000000 "melody" 0.000000 -1.000000 1.000000 10.000000 0.000000 
 i 4.100000 0.153846 0.076923 16.000000 8.000000 0.000000 "melody" 0.000000 -1.000000 1.000000 10.000000 0.000000 
 i 4.100000 0.230769 0.076923 16.000000 8.000000 0.000000 "melody" 0.000000 -1.000000 1.000000 10.000000 0.000000 
  rtevent:	   T  1.000 TT  1.000 M:  0.42175  0.42642
new alloc for instr tin:
  rtevent:	   T  1.077 TT  1.077 M:  0.43142  0.44212
  rtevent:	   T  1.153 TT  1.153 M:  0.53934  0.54570
B  1.500 ..  2.000 T  1.230 TT  1.230 M:  0.55136  0.53559
 i 4.100000 0.076923 0.076923 16.000000 8.000000 -1.000000 "melody" 0.000000 -1.000000 1.000000 10.000000 0.000000 
 i 4.100000 0.153846 0.076923 16.000000 8.000000 -1.000000 "melody" 0.000000 -1.000000 1.000000 10.000000 0.000000 
 i 4.100000 0.230769 0.076923 16.000000 8.000000 -1.000000 "melody" 0.000000 -1.000000 1.000000 10.000000 0.000000 
  rtevent:	   T  1.308 TT  1.308 M:  0.54209  0.53943
  rtevent:	   T  1.385 TT  1.385 M:  0.32178  0.33228
  rtevent:	   T  1.461 TT  1.461 M:  0.44432  0.43610
B  2.000 ..  2.500 T  1.538 TT  1.538 M:  0.49885  0.49272
B  2.500 ..  3.000 T  1.846 TT  1.846 M:  0.38262  0.36772
 i 4.100000 0.153846 0.153846 16.000000 8.000000 -6.000000 "melody" 0.000000 -1.000000 1.000000 10.000000 0.000000 
  rtevent:	   T  2.000 TT  2.000 M:  0.28285  0.28978
B  3.000 ..  3.500 T  2.154 TT  2.154 M:  0.27127  0.27744
 i 4.100000 0.153846 0.153846 16.000000 8.000000 -5.000000 "melody" 0.000000 -1.000000 1.000000 10.000000 0.000000 
  rtevent:	   T  2.309 TT  2.309 M:  0.24771  0.24755
B  3.500 ..  4.000 T  2.462 TT  2.462 M:  0.21554  0.19917
B  4.000 ..  4.500 T  2.770 TT  2.770 M:  0.38423  0.37484
 i 4.100000 0.076923 0.076923 16.000000 8.000000 -9.000000 "melody" 0.000000 -1.000000 1.000000 10.000000 0.000000 
 i 4.100000 0.153846 0.076923 16.000000 8.000000 -9.000000 "melody" 0.000000 -1.000000 1.000000 10.000000 0.000000 
 i 4.100000 0.230769 0.076923 16.000000 8.000000 -9.000000 "melody" 0.000000 -1.000000 1.000000 10.000000 0.000000 
  rtevent:	   T  2.847 TT  2.847 M:  0.43163  0.42697
  rtevent:	   T  2.924 TT  2.924 M:  0.44496  0.44293
  rtevent:	   T  3.000 TT  3.000 M:  0.34884  0.35627
B  4.500 ..  5.000 T  3.077 TT  3.077 M:  0.23344  0.22909
 i 4.100000 0.076923 0.076923 16.000000 8.000000 -10.000000 "melody" 0.000000 -1.000000 1.000000 10.000000 0.000000 
 i 4.100000 0.153846 0.076923 16.000000 8.000000 -10.000000 "melody" 0.000000 -1.000000 1.000000 10.000000 0.000000 
 i 4.100000 0.230769 0.076923 16.000000 8.000000 -10.000000 "melody" 0.000000 -1.000000 1.000000 10.000000 0.000000 
  rtevent:	   T  3.154 TT  3.154 M:  0.34196  0.32930
  rtevent:	   T  3.231 TT  3.231 M:  0.25019  0.25880
  rtevent:	   T  3.308 TT  3.308 M:  0.42527  0.41455
B  5.000 ..  5.500 T  3.385 TT  3.385 M:  0.29464  0.29753
B  5.500 ..  6.000 T  3.692 TT  3.692 M:  0.39388  0.39819
 i 4.100000 0.153846 0.153846 16.000000 8.000000 -6.000000 "melody" 0.000000 -1.000000 1.000000 10.000000 0.000000 
  rtevent:	   T  3.847 TT  3.847 M:  0.37104  0.37364
B  6.000 ..  6.500 T  4.000 TT  4.000 M:  0.33830  0.33949
 i 4.100000 0.076923 0.076923 16.000000 8.000000 -5.000000 "melody" 0.000000 -1.000000 1.000000 10.000000 0.000000 
 i 4.100000 0.153846 0.076923 16.000000 8.000000 -5.000000 "melody" 0.000000 -1.000000 1.000000 10.000000 0.000000 
 i 4.100000 0.230769 0.076923 16.000000 8.000000 -5.000000 "melody" 0.000000 -1.000000 1.000000 10.000000 0.000000 
  rtevent:	   T  4.077 TT  4.077 M:  0.42812  0.42349
  rtevent:	   T  4.154 TT  4.154 M:  0.34213  0.32739
  rtevent:	   T  4.230 TT  4.230 M:  0.44819  0.46108
B  6.500 ..  7.000 T  4.308 TT  4.308 M:  0.45369  0.43980
inactive allocs returned to freespace
end of score.		   overall amps:  0.76678  0.77246
	   overall samples out of range:        0        0
0 errors in performance
Elapsed time at end of performance: real: 69.340s, CPU: 5.478s
8840 512 sample blks of 64-bit floats written to dac
