0dBFS level = 32768.0
--Csound version 6.14 (double samples) 2020-11-20
[commit: none]
libsndfile-1.0.31
UnifiedCSD:  oscilla.csd
STARTING FILE
Creating options
Creating orchestra
closing tag
Creating score
rtaudio: ALSA module enabled
rtmidi: ALSA Raw MIDI module enabled
instr room uses instrument number 10
instr mixer uses instrument number 11
instr loopback uses instrument number 12
instr dom uses instrument number 13
instr tak uses instrument number 14
instr sak uses instrument number 15
instr sik uses instrument number 16
instr sagat uses instrument number 17
instr strings uses instrument number 18
Elapsed time at end of orchestra compile: real: 0.007s, CPU: 0.007s
sorting score ...
Warp_factor = 2.000000
Warp_factor = 2.000000
	... done
Elapsed time at end of score sort: real: 0.014s, CPU: 0.014s
graphics suppressed, ascii substituted
0dBFS level = 1.0
ftable 101:
WARNING: prerequisites/marmstk1.wav sr = 22050, orch sr = 32768.0
audio sr = 22050, monaural
opening WAV infile prerequisites/marmstk1.wav
ftable 101:	256 points, scalemax 1.000
      _

           _



                    .
     _            .
   -      .    _           _             -      _
 -                       '      . - -  _    _        -
__._'____.______'_____-_______.____________-__.___.-___'________
             .       .         .   - .  .      _    .
                       '  ' .                '   -    _
                        '        .    .   '
              '  . .
            -

       _
        _
ftable 102:
ftable 102:	128 points, scalemax 1.000
                _
            _-'' ''-_
          .'         '.
        _-             -_
       .                 .
      -                   -
     -                     -
    '                       '
   '                         '
  '                           '
_'_____________________________'________________________________
                                 _                             _
                                  _                           _
                                   _                         _
                                    _                       _
                                     .                     .
                                      .                   .
                                       -                 -
                                        '.             .'
                                          -_         _-
                                            '._____.'
orch now loaded
audio buffered in 256 sample-frame blocks
ALSA output: total buffer size: 1024, period size: 256
writing 512 sample blks of 64-bit floats to dac
SECTION 1:
new alloc for instr room:
new alloc for instr room:
new alloc for instr mixer:
new alloc for instr strings:
WARNING: Division by zero
 i 9.100000 0.000000 0.000000 16.000000 7.000000 0.000000 "melody" 0.000000 0.000000 -1.000000 1.000000 10.000000 0.000000 
WARNING: Division by zero
 i 9.100000 0.000000 0.000000 16.000000 9.000000 0.000000 "melody" 1.000000 0.000000 -1.000000 1.000000 10.000000 0.000000 
WARNING: Division by zero
new alloc for instr strings:
 i 9.100000 0.157895 0.157895 16.000000 7.000000 7.000000 "melody" 0.000000 0.000000 -1.000000 1.000000 10.000000 0.000000 
new alloc for instr strings:
new alloc for instr strings:
WARNING: Division by zero
WARNING: Division by zero
  rtevent:	   T  0.158 TT  0.158 M:  0.81400  0.81400
B  0.000 ..  0.500 T  0.315 TT  0.315 M:  0.39343  0.38645
 i 9.100000 0.157895 0.157895 16.000000 8.000000 7.000000 "melody" 0.000000 0.000000 -1.000000 1.000000 10.000000 0.000000 
new alloc for instr strings:
new alloc for instr strings:
 i 9.100000 0.078947 0.078947 16.000000 9.000000 7.000000 "melody" 1.000000 0.000000 -1.000000 1.000000 10.000000 0.000000 
 i 9.100000 0.157895 0.078947 16.000000 9.000000 7.000000 "melody" 1.000000 0.000000 -1.000000 1.000000 10.000000 0.000000 
 i 9.100000 0.236842 0.078947 16.000000 9.000000 7.000000 "melody" 1.000000 0.000000 -1.000000 1.000000 10.000000 0.000000 
  rtevent:	   T  0.395 TT  0.395 M:  0.63972  0.64346
new alloc for instr strings:
  rtevent:	   T  0.474 TT  0.474 M:  0.58057  0.59026
  rtevent:	   T  0.553 TT  0.553 M:  0.69448  0.68558
B  0.500 ..  1.000 T  0.632 TT  0.632 M:  0.35862  0.34874
 i 9.100000 0.078947 0.078947 16.000000 7.000000 7.000000 "melody" 0.000000 0.000000 -1.000000 1.000000 10.000000 0.000000 
 i 9.100000 0.157895 0.078947 16.000000 7.000000 7.000000 "melody" 0.000000 0.000000 -1.000000 1.000000 10.000000 0.000000 
 i 9.100000 0.236842 0.078947 16.000000 7.000000 7.000000 "melody" 0.000000 0.000000 -1.000000 1.000000 10.000000 0.000000 
  rtevent:	   T  0.711 TT  0.711 M:  0.61954  0.62441
  rtevent:	   T  0.790 TT  0.790 M:  0.50391  0.49341
  rtevent:	   T  0.869 TT  0.869 M:  0.36287  0.36343
B  1.000 ..  1.500 T  0.947 TT  0.947 M:  0.45344  0.47719
 i 9.100000 0.157895 0.157895 16.000000 8.000000 7.000000 "melody" 0.000000 0.000000 -1.000000 1.000000 10.000000 0.000000 
 i 9.100000 0.157895 0.157895 16.000000 7.000000 7.000000 "melody" 0.000000 0.000000 -1.000000 1.000000 10.000000 0.000000 
  rtevent:	   T  1.105 TT  1.105 M:  0.63346  0.63617
B  1.500 ..  2.000 T  1.263 TT  1.263 M:  0.69655  0.69557
 i 9.100000 0.315789 0.315789 16.000000 8.000000 7.000000 "melody" 0.000000 0.000000 -1.000000 1.000000 10.000000 0.000000 
  rtevent:	   T  1.578 TT  1.578 M:  0.58379  0.57680
B  2.000 ..  3.000 T  1.895 TT  1.895 M:  0.38208  0.38034
 i 9.100000 0.315789 0.315789 16.000000 8.000000 10.000000 "melody" 0.000000 0.000000 -1.000000 1.000000 10.000000 0.000000 
 i 9.100000 0.315789 0.315789 16.000000 9.000000 10.000000 "melody" 1.000000 0.000000 -1.000000 1.000000 10.000000 0.000000 
  rtevent:	   T  2.210 TT  2.210 M:  0.74798  0.74997
B  3.000 ..  4.000 T  2.526 TT  2.526 M:  0.61221  0.61656
 i 9.100000 0.157895 0.157895 16.000000 9.000000 7.000000 "melody" 1.000000 0.000000 -1.000000 1.000000 10.000000 0.000000 
 i 9.100000 0.315789 0.157895 16.000000 9.000000 7.000000 "melody" 1.000000 0.000000 -1.000000 1.000000 10.000000 0.000000 
 i 9.100000 0.473684 0.157895 16.000000 9.000000 7.000000 "melody" 1.000000 0.000000 -1.000000 1.000000 10.000000 0.000000 
  rtevent:	   T  2.685 TT  2.685 M:  0.90408  0.90860
  rtevent:	   T  2.842 TT  2.842 M:  0.66046  0.66157
  rtevent:	   T  3.000 TT  3.000 M:  0.48812  0.49375
B  4.000 ..  5.000 T  3.158 TT  3.158 M:  0.44123  0.44906
 i 9.100000 0.078947 0.078947 16.000000 8.000000 7.000000 "melody" 0.000000 0.000000 -1.000000 1.000000 10.000000 0.000000 
 i 9.100000 0.157895 0.078947 16.000000 8.000000 7.000000 "melody" 0.000000 0.000000 -1.000000 1.000000 10.000000 0.000000 
 i 9.100000 0.236842 0.078947 16.000000 8.000000 7.000000 "melody" 0.000000 0.000000 -1.000000 1.000000 10.000000 0.000000 
 i 9.100000 0.157895 0.157895 16.000000 9.000000 7.000000 "melody" 1.000000 0.000000 -1.000000 1.000000 10.000000 0.000000 
  rtevent:	   T  3.237 TT  3.237 M:  0.59286  0.59680
  rtevent:	   T  3.316 TT  3.316 M:  0.29748  0.28756
  rtevent:	   T  3.396 TT  3.396 M:  0.38551  0.38425
B  5.000 ..  5.500 T  3.474 TT  3.474 M:  0.51282  0.51312
 i 9.100000 0.157895 0.157895 16.000000 8.000000 10.000000 "melody" 0.000000 0.000000 -1.000000 1.000000 10.000000 0.000000 
 i 9.100000 0.078947 0.078947 16.000000 7.000000 10.000000 "melody" 0.000000 0.000000 -1.000000 1.000000 10.000000 0.000000 
 i 9.100000 0.157895 0.078947 16.000000 7.000000 10.000000 "melody" 0.000000 0.000000 -1.000000 1.000000 10.000000 0.000000 
 i 9.100000 0.236842 0.078947 16.000000 7.000000 10.000000 "melody" 0.000000 0.000000 -1.000000 1.000000 10.000000 0.000000 
new alloc for instr strings:
  rtevent:	   T  3.553 TT  3.553 M:  0.50474  0.49774
  rtevent:	   T  3.632 TT  3.632 M:  0.33292  0.33871
  rtevent:	   T  3.711 TT  3.711 M:  0.62015  0.64493
B  5.500 ..  6.000 T  3.789 TT  3.789 M:  0.36751  0.36857
 i 9.100000 0.315789 0.315789 16.000000 8.000000 13.000000 "melody" 0.000000 0.000000 -1.000000 1.000000 10.000000 0.000000 
 i 9.100000 0.315789 0.315789 16.000000 7.000000 13.000000 "melody" 0.000000 0.000000 -1.000000 1.000000 10.000000 0.000000 
  rtevent:	   T  4.104 TT  4.104 M:  0.65722  0.62805
B  6.000 ..  7.000 T  4.421 TT  4.421 M:  0.60286  0.58923
 i 9.100000 0.315789 0.315789 16.000000 8.000000 10.000000 "melody" 0.000000 0.000000 -1.000000 1.000000 10.000000 0.000000 
 i 9.100000 0.157895 0.157895 16.000000 7.000000 10.000000 "melody" 0.000000 0.000000 -1.000000 1.000000 10.000000 0.000000 
 i 9.100000 0.315789 0.157895 16.000000 7.000000 10.000000 "melody" 0.000000 0.000000 -1.000000 1.000000 10.000000 0.000000 
 i 9.100000 0.473684 0.157895 16.000000 7.000000 10.000000 "melody" 0.000000 0.000000 -1.000000 1.000000 10.000000 0.000000 
  rtevent:	   T  4.579 TT  4.579 M:  0.61010  0.60256
  rtevent:	   T  4.736 TT  4.736 M:  0.36669  0.38020
  rtevent:	   T  4.895 TT  4.895 M:  0.67372  0.65346
B  7.000 ..  8.000 T  5.053 TT  5.053 M:  0.61637  0.59455
 i 9.100000 0.315789 0.315789 16.000000 8.000000 7.000000 "melody" 0.000000 0.000000 -1.000000 1.000000 10.000000 0.000000 
 i 9.100000 0.157895 0.157895 16.000000 7.000000 7.000000 "melody" 0.000000 0.000000 -1.000000 1.000000 10.000000 0.000000 
 i 9.100000 0.315789 0.157895 16.000000 7.000000 7.000000 "melody" 0.000000 0.000000 -1.000000 1.000000 10.000000 0.000000 
 i 9.100000 0.473684 0.157895 16.000000 7.000000 7.000000 "melody" 0.000000 0.000000 -1.000000 1.000000 10.000000 0.000000 
 i 9.100000 0.315789 0.315789 16.000000 9.000000 7.000000 "melody" 1.000000 0.000000 -1.000000 1.000000 10.000000 0.000000 
  rtevent:	   T  5.211 TT  5.211 M:  0.54010  0.54696
  rtevent:	   T  5.368 TT  5.368 M:  0.36532  0.35889
  rtevent:	   T  5.526 TT  5.526 M:  0.56859  0.57249
B  8.000 ..  9.000 T  5.685 TT  5.685 M:  0.52621  0.50571
 i 9.100000 0.157895 0.157895 16.000000 7.000000 10.000000 "melody" 0.000000 0.000000 -1.000000 1.000000 10.000000 0.000000 
 i 9.100000 0.315789 0.157895 16.000000 7.000000 10.000000 "melody" 0.000000 0.000000 -1.000000 1.000000 10.000000 0.000000 
 i 9.100000 0.473684 0.157895 16.000000 7.000000 10.000000 "melody" 0.000000 0.000000 -1.000000 1.000000 10.000000 0.000000 
 i 9.100000 0.157895 0.157895 16.000000 9.000000 10.000000 "melody" 1.000000 0.000000 -1.000000 1.000000 10.000000 0.000000 
 i 9.100000 0.315789 0.157895 16.000000 9.000000 10.000000 "melody" 1.000000 0.000000 -1.000000 1.000000 10.000000 0.000000 
 i 9.100000 0.473684 0.157895 16.000000 9.000000 10.000000 "melody" 1.000000 0.000000 -1.000000 1.000000 10.000000 0.000000 
  rtevent:	   T  5.843 TT  5.843 M:  0.66176  0.67006
inactive allocs returned to freespace
end of score.		   overall amps:  0.90408  0.90860
	   overall samples out of range:        0        0
0 errors in performance
Elapsed time at end of performance: real: 5.869s, CPU: 0.393s
755 512 sample blks of 64-bit floats written to dac
