0dBFS level = 32768.0
--Csound version 6.14 (double samples) 2020-11-20
[commit: none]
libsndfile-1.0.31
UnifiedCSD:  oscilla.csd
STARTING FILE
Creating options
Creating orchestra
closing tag
Creating score
rtaudio: ALSA module enabled
rtmidi: ALSA Raw MIDI module enabled
instr room uses instrument number 13
instr mixer uses instrument number 14
instr loopback uses instrument number 15
instr recorder uses instrument number 16
instr dom uses instrument number 17
instr tak uses instrument number 18
instr sak uses instrument number 19
instr sik uses instrument number 20
instr sagat uses instrument number 21
instr claps uses instrument number 22
instr tin uses instrument number 23
instr tew uses instrument number 24
Elapsed time at end of orchestra compile: real: 0.017s, CPU: 0.017s
sorting score ...
	... done
Elapsed time at end of score sort: real: 0.017s, CPU: 0.017s
graphics suppressed, ascii substituted
0dBFS level = 1.0
ftable 101:
WARNING: prerequisites/marmstk1.wav sr = 22050, orch sr = 48000.0
audio sr = 22050, monaural
opening WAV infile prerequisites/marmstk1.wav
ftable 101:	256 points, scalemax 1.000
      _

           _



                    .
     _            .
   -      .    _           _             -      _
 -                       '      . - -  _    _        -
__._'____.______'_____-_______.____________-__.___.-___'________
             .       .         .   - .  .      _    .
                       '  ' .                '   -    _
                        '        .    .   '
              '  . .
            -

       _
        _
ftable 102:
ftable 102:	128 points, scalemax 1.000
                _
            _-'' ''-_
          .'         '.
        _-             -_
       .                 .
      -                   -
     -                     -
    '                       '
   '                         '
  '                           '
_'_____________________________'________________________________
                                 _                             _
                                  _                           _
                                   _                         _
                                    _                       _
                                     .                     .
                                      .                   .
                                       -                 -
                                        '.             .'
                                          -_         _-
                                            '._____.'
orch now loaded
audio buffered in 256 sample-frame blocks
ALSA output: total buffer size: 1024, period size: 256
writing 512 sample blks of 64-bit floats to dac
SECTION 1:
new alloc for instr room:
new alloc for instr mixer:
Score finished in csoundPerform().
inactive allocs returned to freespace
end of score.		   overall amps:  0.00000  0.00000
	   overall samples out of range:        0        0
0 errors in performance
Elapsed time at end of performance: real: 0.328s, CPU: 0.023s
0 512 sample blks of 64-bit floats written to dac
