0dBFS level = 32768.0
--Csound version 6.14 (double samples) 2020-11-20
[commit: none]
libsndfile-1.0.31
UnifiedCSD:  oscilla.csd
STARTING FILE
Creating options
Creating orchestra
closing tag
Creating score
rtaudio: ALSA module enabled
rtmidi: ALSA Raw MIDI module enabled
instr mixer uses instrument number 10
instr loopback uses instrument number 11
instr _player uses instrument number 12
instr player uses instrument number 13
instr dom uses instrument number 14
instr tak uses instrument number 15
instr sak uses instrument number 16
instr sik uses instrument number 17
instr sagat uses instrument number 18
instr _tin uses instrument number 19
instr tin uses instrument number 20
Elapsed time at end of orchestra compile: real: 0.009s, CPU: 0.009s
sorting score ...
Warp_factor = 4.000000
Clockbase = 0.655000
Clockbase = 4.655000
Clockbase = 8.655000
Clockbase = 12.655000
Clockbase = 16.655000
Clockbase = 20.655000
Clockbase = 24.655000
Clockbase = 28.655000
Clockbase = 32.655000
Clockbase = 36.655000
Clockbase = 0.655000
Clockbase = 4.655000
Clockbase = 8.655000
Clockbase = 12.655000
Clockbase = 16.655000
Clockbase = 20.655000
Clockbase = 24.655000
Clockbase = 28.655000
Clockbase = 32.655000
Clockbase = 36.655000
	... done
Elapsed time at end of score sort: real: 0.017s, CPU: 0.017s
graphics suppressed, ascii substituted
0dBFS level = 1.0
ftable 101:
WARNING: prerequisites/marmstk1.wav sr = 22050, orch sr = 48000.0
audio sr = 22050, monaural
opening WAV infile prerequisites/marmstk1.wav
ftable 101:	256 points, scalemax 1.000
      _

           _



                    .
     _            .
   -      .    _           _             -      _
 -                       '      . - -  _    _        -
__._'____.______'_____-_______.____________-__.___.-___'________
             .       .         .   - .  .      _    .
                       '  ' .                '   -    _
                        '        .    .   '
              '  . .
            -

       _
        _
ftable 102:
ftable 102:	128 points, scalemax 1.000
                _
            _-'' ''-_
          .'         '.
        _-             -_
       .                 .
      -                   -
     -                     -
    '                       '
   '                         '
  '                           '
_'_____________________________'________________________________
                                 _                             _
                                  _                           _
                                   _                         _
                                    _                       _
                                     .                     .
                                      .                   .
                                       -                 -
                                        '.             .'
                                          -_         _-
                                            '._____.'
orch now loaded
audio buffered in 256 sample-frame blocks
ALSA: -B 1024 not allowed on this device; using 2048 instead
ALSA: -b 256 not allowed on this device; using 1024 instead
ALSA output: total buffer size: 2048, period size: 1024
writing 512 sample blks of 64-bit floats to dac
SECTION 1:
new alloc for instr mixer:
new alloc for instr mixer:
new alloc for instr _player:
WARNING: Seeding from current time 1949747673

new alloc for instr _tin:
WARNING: Seeding from current time 1949747797

time advanced 3.345 beats by score request
B  0.000 ..  0.655 T  0.614 TT  0.614 M:  0.00000  0.00000
B  0.655 ..  0.905 T  0.849 TT  0.849 M:  0.00000  0.00000
B  0.905 ..  0.907 T  0.850 TT  0.850 M:  0.00000  0.00000
B  0.907 ..  0.909 T  0.852 TT  0.852 M:  0.00000  0.00000
B  0.909 ..  1.155 T  1.083 TT  1.083 M:  0.00000  0.00000
B  1.155 ..  1.157 T  1.085 TT  1.085 M:  0.00000  0.00000
B  1.157 ..  1.159 T  1.087 TT  1.087 M:  0.00000  0.00000
B  1.159 ..  1.405 T  1.317 TT  1.317 M:  0.00000  0.00000
B  1.405 ..  1.413 T  1.325 TT  1.325 M:  0.00000  0.00000
B  1.413 ..  1.421 T  1.332 TT  1.332 M:  0.00000  0.00000
B  1.421 ..  1.655 T  1.551 TT  1.551 M:  0.00000  0.00000
B  1.655 ..  1.657 T  1.553 TT  1.553 M:  0.00000  0.00000
B  1.657 ..  1.659 T  1.555 TT  1.555 M:  0.00000  0.00000
B  1.659 ..  1.905 T  1.786 TT  1.786 M:  0.00000  0.00000
B  1.905 ..  1.907 T  1.788 TT  1.788 M:  0.00000  0.00000
B  1.907 ..  1.909 T  1.789 TT  1.789 M:  0.00000  0.00000
B  1.909 ..  2.155 T  2.020 TT  2.020 M:  0.00000  0.00000
B  2.155 ..  2.163 T  2.027 TT  2.027 M:  0.00000  0.00000
B  2.163 ..  2.171 T  2.035 TT  2.035 M:  0.00000  0.00000
B  2.171 ..  2.405 T  2.255 TT  2.255 M:  0.00000  0.00000
B  2.405 ..  2.407 T  2.257 TT  2.257 M:  0.00000  0.00000
B  2.407 ..  2.409 T  2.259 TT  2.259 M:  0.00000  0.00000
B  2.409 ..  2.655 T  2.489 TT  2.489 M:  0.00000  0.00000
B  2.655 ..  2.657 T  2.491 TT  2.491 M:  0.00000  0.00000
B  2.657 ..  2.659 T  2.493 TT  2.493 M:  0.00000  0.00000
B  2.659 ..  2.905 T  2.723 TT  2.723 M:  0.00000  0.00000
B  2.905 ..  2.907 T  2.725 TT  2.725 M:  0.00000  0.00000
B  2.907 ..  2.909 T  2.727 TT  2.727 M:  0.00000  0.00000
B  2.909 ..  3.155 T  2.958 TT  2.958 M:  0.00000  0.00000
B  3.155 ..  3.405 T  3.192 TT  3.192 M:  0.00000  0.00000
new alloc for instr sak:
new alloc for instr sak:
B  3.405 ..  3.407 T  3.194 TT  3.194 M:  0.38268  0.38268
new alloc for instr sak:
new alloc for instr sak:
B  3.407 ..  3.409 T  3.196 TT  3.196 M:  0.40644  0.42378
new alloc for instr sak:
new alloc for instr sak:
B  3.409 ..  3.655 T  3.427 TT  3.427 M:  0.45868  0.44286
new alloc for instr tak:
new alloc for instr tak:
new alloc for instr tin:
new alloc for instr tin:
B  3.655 ..  3.663 T  3.434 TT  3.434 M:  0.50000  0.49491
new alloc for instr tak:
new alloc for instr tak:
B  3.663 ..  3.671 T  3.441 TT  3.441 M:  0.66645  0.82416
new alloc for instr tak:
new alloc for instr tak:
B  3.671 ..  3.905 T  3.661 TT  3.661 M:  0.90616  0.77036
B  3.905 ..  3.907 T  3.663 TT  3.663 M:  0.38268  0.38268
B  3.907 ..  3.909 T  3.665 TT  3.665 M:  0.41577  0.41574
B  3.909 ..  4.000 T  3.750 TT  3.750 M:  0.42938  0.45044
new alloc for instr player:
diskin2: opened 'vocal.wav':
         48000 Hz, 1 channel(s), 16783872 sample frames

new alloc for instr player:
diskin2: opened 'vocal.wav':
         48000 Hz, 1 channel(s), 16783872 sample frames

new alloc for instr player:
diskin2: opened 'vocal.wav':
         48000 Hz, 1 channel(s), 16783872 sample frames

new alloc for instr player:
diskin2: opened 'vocal.wav':
         48000 Hz, 1 channel(s), 16783872 sample frames

new alloc for instr player:
diskin2: opened 'vocal.wav':
         48000 Hz, 1 channel(s), 16783872 sample frames

new alloc for instr player:
diskin2: opened 'vocal.wav':
         48000 Hz, 1 channel(s), 16783872 sample frames

new alloc for instr player:
diskin2: opened 'vocal.wav':
         48000 Hz, 1 channel(s), 16783872 sample frames

new alloc for instr player:
diskin2: opened 'vocal.wav':
         48000 Hz, 1 channel(s), 16783872 sample frames

new alloc for instr player:
diskin2: opened 'vocal.wav':
         48000 Hz, 1 channel(s), 16783872 sample frames

B  4.000 ..  4.155 T  3.895 TT  3.895 M:  0.17303  0.17338
B  4.155 ..  4.157 T  3.897 TT  3.897 M:  0.46378  0.45990
B  4.157 ..  4.159 T  3.899 TT  3.899 M:  0.35306  0.37815
B  4.159 ..  4.405 T  4.130 TT  4.130 M:  0.54024  0.53635
B  4.405 ..  4.407 T  4.131 TT  4.131 M:  0.44441  0.37227
B  4.407 ..  4.409 T  4.133 TT  4.133 M:  0.46913  0.44732
B  4.409 ..  4.655 T  4.364 TT  4.364 M:  0.55231  0.57474
new alloc for instr dom:
new alloc for instr dom:
B  4.655 ..  4.905 T  4.599 TT  4.599 M:  1.00000  1.00000
B  4.905 ..  4.907 T  4.600 TT  4.600 M:  0.37354  0.41925
B  4.907 ..  4.909 T  4.602 TT  4.602 M:  0.55690  0.59230
B  4.909 ..  5.155 T  4.833 TT  4.833 M:  0.77627  0.76170
B  5.155 ..  5.157 T  4.835 TT  4.835 M:  0.56062  0.55950
B  5.157 ..  5.159 T  4.837 TT  4.837 M:  0.57849  0.59974
B  5.159 ..  5.405 T  5.067 TT  5.067 M:  0.61819  0.62905
B  5.405 ..  5.413 T  5.075 TT  5.075 M:  0.68731  0.68976
B  5.413 ..  5.421 T  5.082 TT  5.082 M:  0.88640  0.87633
B  5.421 ..  5.655 T  5.301 TT  5.301 M:  0.92071  0.94693
B  5.655 ..  5.657 T  5.303 TT  5.303 M:  0.41003  0.41156
B  5.657 ..  5.659 T  5.305 TT  5.305 M:  0.46357  0.46652
B  5.659 ..  5.905 T  5.536 TT  5.536 M:  0.43344  0.46219
B  5.905 ..  5.907 T  5.538 TT  5.538 M:  0.45045  0.44739
B  5.907 ..  5.909 T  5.539 TT  5.539 M:  0.45483  0.43058
B  5.909 ..  6.155 T  5.770 TT  5.770 M:  0.44717  0.48312
B  6.155 ..  6.163 T  5.777 TT  5.777 M:  0.71996  0.68988
B  6.163 ..  6.171 T  5.785 TT  5.785 M:  0.90698  0.81752
B  6.171 ..  6.405 T  6.005 TT  6.005 M:  0.88503  0.91739
B  6.405 ..  6.407 T  6.007 TT  6.007 M:  0.47382  0.47486
B  6.407 ..  6.409 T  6.009 TT  6.009 M:  0.42792  0.45798
B  6.409 ..  6.655 T  6.239 TT  6.239 M:  0.51595  0.52979
B  6.655 ..  6.657 T  6.241 TT  6.241 M:  0.22797  0.24319
B  6.657 ..  6.659 T  6.243 TT  6.243 M:  0.44722  0.42690
B  6.659 ..  6.905 T  6.473 TT  6.473 M:  0.49273  0.49024
B  6.905 ..  6.907 T  6.475 TT  6.475 M:  0.53071  0.54702
B  6.907 ..  6.909 T  6.477 TT  6.477 M:  0.52605  0.48157
B  6.909 ..  7.155 T  6.708 TT  6.708 M:  0.51372  0.57030
B  7.155 ..  7.405 T  6.942 TT  6.942 M:  1.00000  1.00000
B  7.405 ..  7.407 T  6.944 TT  6.944 M:  0.33268  0.32433
B  7.407 ..  7.409 T  6.946 TT  6.946 M:  0.58393  0.45744
B  7.409 ..  7.655 T  7.177 TT  7.177 M:  0.72715  0.74846
B  7.655 ..  7.663 T  7.184 TT  7.184 M:  0.67361  0.63952
B  7.663 ..  7.671 T  7.191 TT  7.191 M:  0.86712  0.90891
B  7.671 ..  7.905 T  7.411 TT  7.411 M:  0.76959  0.83924
B  7.905 ..  7.907 T  7.413 TT  7.413 M:  0.38519  0.38682
B  7.907 ..  7.909 T  7.415 TT  7.415 M:  0.42030  0.42571
B  7.909 ..  8.155 T  7.645 TT  7.645 M:  0.43600  0.40560
B  8.155 ..  8.157 T  7.647 TT  7.647 M:  0.66110  0.67817
B  8.157 ..  8.159 T  7.649 TT  7.649 M:  0.65735  0.61943
B  8.159 ..  8.405 T  7.880 TT  7.880 M:  0.61895  0.61329
B  8.405 ..  8.407 T  7.881 TT  7.881 M:  0.38319  0.42357
B  8.407 ..  8.409 T  7.883 TT  7.883 M:  0.71428  0.61564
B  8.409 ..  8.655 T  8.114 TT  8.114 M:  0.61026  0.62308
new alloc for instr dom:
new alloc for instr dom:
B  8.655 ..  8.905 T  8.349 TT  8.349 M:  1.00000  1.00000
B  8.905 ..  8.907 T  8.350 TT  8.350 M:  0.26233  0.29235
B  8.907 ..  8.909 T  8.352 TT  8.352 M:  0.55653  0.38005
B  8.909 ..  9.155 T  8.583 TT  8.583 M:  0.76828  0.71918
B  9.155 ..  9.157 T  8.585 TT  8.585 M:  0.60199  0.60790
B  9.157 ..  9.159 T  8.587 TT  8.587 M:  0.57939  0.58687
B  9.159 ..  9.405 T  8.817 TT  8.817 M:  0.76104  0.72334
B  9.405 ..  9.413 T  8.825 TT  8.825 M:  0.50730  0.50457
B  9.413 ..  9.421 T  8.832 TT  8.832 M:  0.84680  0.70066
B  9.421 ..  9.655 T  9.051 TT  9.051 M:  0.91743  0.89657
B  9.655 ..  9.657 T  9.053 TT  9.053 M:  0.56432  0.52102
B  9.657 ..  9.659 T  9.055 TT  9.055 M:  0.42509  0.43230
B  9.659 ..  9.905 T  9.286 TT  9.286 M:  0.59236  0.59174
B  9.905 ..  9.907 T  9.288 TT  9.288 M:  0.45887  0.45684
B  9.907 ..  9.909 T  9.289 TT  9.289 M:  0.44839  0.38194
B  9.909 .. 10.155 T  9.520 TT  9.520 M:  0.53523  0.53514
B 10.155 .. 10.163 T  9.527 TT  9.527 M:  0.46208  0.56999
B 10.163 .. 10.171 T  9.535 TT  9.535 M:  0.90983  0.87888
B 10.171 .. 10.405 T  9.755 TT  9.755 M:  0.96362  0.93014
B 10.405 .. 10.407 T  9.757 TT  9.757 M:  0.37887  0.39097
B 10.407 .. 10.409 T  9.759 TT  9.759 M:  0.39221  0.38688
B 10.409 .. 10.655 T  9.989 TT  9.989 M:  0.45756  0.46925
B 10.655 .. 10.657 T  9.991 TT  9.991 M:  0.37481  0.34739
B 10.657 .. 10.659 T  9.993 TT  9.993 M:  0.46651  0.43842
B 10.659 .. 10.905 T 10.223 TT 10.223 M:  0.51102  0.44382
B 10.905 .. 10.907 T 10.225 TT 10.225 M:  0.67517  0.66107
B 10.907 .. 10.909 T 10.227 TT 10.227 M:  0.51020  0.53077
B 10.909 .. 11.155 T 10.458 TT 10.458 M:  0.60949  0.55697
B 11.155 .. 11.405 T 10.692 TT 10.692 M:  1.00000  1.00000
B 11.405 .. 11.407 T 10.694 TT 10.694 M:  0.31792  0.31444
B 11.407 .. 11.409 T 10.696 TT 10.696 M:  0.56427  0.51366
B 11.409 .. 11.655 T 10.927 TT 10.927 M:  0.74479  0.73192
B 11.655 .. 11.663 T 10.934 TT 10.934 M:  0.67118  0.59075
B 11.663 .. 11.671 T 10.941 TT 10.941 M:  0.87433  0.92256
B 11.671 .. 11.905 T 11.161 TT 11.161 M:  0.93114  0.91790
B 11.905 .. 11.907 T 11.163 TT 11.163 M:  0.38614  0.38247
B 11.907 .. 11.909 T 11.165 TT 11.165 M:  0.42157  0.41798
B 11.909 .. 12.155 T 11.395 TT 11.395 M:  0.46266  0.41666
B 12.155 .. 12.157 T 11.397 TT 11.397 M:  0.38332  0.38645
B 12.157 .. 12.159 T 11.399 TT 11.399 M:  0.31482  0.38336
B 12.159 .. 12.405 T 11.630 TT 11.630 M:  0.50592  0.50783
B 12.405 .. 12.407 T 11.631 TT 11.631 M:  0.25709  0.25602
B 12.407 .. 12.409 T 11.633 TT 11.633 M:  0.46876  0.38507
B 12.409 .. 12.655 T 11.864 TT 11.864 M:  0.44100  0.50626
B 12.655 .. 12.905 T 12.099 TT 12.099 M:  1.00000  1.00000
B 12.905 .. 12.907 T 12.100 TT 12.100 M:  0.38879  0.44471
B 12.907 .. 12.909 T 12.102 TT 12.102 M:  0.54674  0.66537
B 12.909 .. 13.155 T 12.333 TT 12.333 M:  0.74953  0.77485
B 13.155 .. 13.157 T 12.335 TT 12.335 M:  0.48066  0.49054
B 13.157 .. 13.159 T 12.337 TT 12.337 M:  0.62930  0.64203
B 13.159 .. 13.405 T 12.567 TT 12.567 M:  0.66046  0.64194
B 13.405 .. 13.413 T 12.575 TT 12.575 M:  0.51137  0.47463
B 13.413 .. 13.421 T 12.582 TT 12.582 M:  0.78143  0.79125
B 13.421 .. 13.655 T 12.801 TT 12.801 M:  0.94136  0.92289
B 13.655 .. 13.657 T 12.803 TT 12.803 M:  0.46998  0.46158
B 13.657 .. 13.659 T 12.805 TT 12.805 M:  0.43767  0.41915
B 13.659 .. 13.905 T 13.036 TT 13.036 M:  0.53789  0.52415
B 13.905 .. 13.907 T 13.038 TT 13.038 M:  0.54299  0.52921
B 13.907 .. 13.909 T 13.039 TT 13.039 M:  0.57011  0.55417
B 13.909 .. 14.155 T 13.270 TT 13.270 M:  0.51180  0.52411
B 14.155 .. 14.163 T 13.277 TT 13.277 M:  0.60761  0.67117
B 14.163 .. 14.171 T 13.285 TT 13.285 M:  0.69783  0.80849
B 14.171 .. 14.405 T 13.505 TT 13.505 M:  0.96712  0.89588
B 14.405 .. 14.407 T 13.507 TT 13.507 M:  0.50982  0.50680
B 14.407 .. 14.409 T 13.509 TT 13.509 M:  0.54068  0.55723
B 14.409 .. 14.655 T 13.739 TT 13.739 M:  0.48604  0.50084
B 14.655 .. 14.657 T 13.741 TT 13.741 M:  0.29188  0.22418
B 14.657 .. 14.659 T 13.743 TT 13.743 M:  0.38634  0.49156
B 14.659 .. 14.905 T 13.973 TT 13.973 M:  0.48261  0.54928
B 14.905 .. 14.907 T 13.975 TT 13.975 M:  0.55370  0.55420
B 14.907 .. 14.909 T 13.977 TT 13.977 M:  0.52815  0.52719
B 14.909 .. 15.155 T 14.208 TT 14.208 M:  0.55704  0.54264
B 15.155 .. 15.405 T 14.442 TT 14.442 M:  1.00000  1.00000
B 15.405 .. 15.407 T 14.444 TT 14.444 M:  0.33185  0.31289
B 15.407 .. 15.409 T 14.446 TT 14.446 M:  0.61005  0.55680
B 15.409 .. 15.655 T 14.677 TT 14.677 M:  0.73071  0.74214
B 15.655 .. 15.663 T 14.684 TT 14.684 M:  0.57106  0.62863
B 15.663 .. 15.671 T 14.691 TT 14.691 M:  0.84379  0.79183
B 15.671 .. 15.905 T 14.911 TT 14.911 M:  0.94015  0.96290
B 15.905 .. 15.907 T 14.913 TT 14.913 M:  0.41336  0.41263
B 15.907 .. 15.909 T 14.915 TT 14.915 M:  0.46989  0.46509
B 15.909 .. 16.155 T 15.145 TT 15.145 M:  0.42847  0.43266
B 16.155 .. 16.157 T 15.147 TT 15.147 M:  0.40440  0.41594
B 16.157 .. 16.159 T 15.149 TT 15.149 M:  0.44260  0.44415
B 16.159 .. 16.405 T 15.380 TT 15.380 M:  0.48371  0.51761
B 16.405 .. 16.407 T 15.381 TT 15.381 M:  0.28445  0.24810
B 16.407 .. 16.409 T 15.383 TT 15.383 M:  0.47836  0.48290
B 16.409 .. 16.655 T 15.614 TT 15.614 M:  0.56756  0.61202
B 16.655 .. 16.905 T 15.849 TT 15.849 M:  1.00000  1.00000
B 16.905 .. 16.907 T 15.850 TT 15.850 M:  0.35056  0.25556
B 16.907 .. 16.909 T 15.852 TT 15.852 M:  0.56824  0.57664
B 16.909 .. 17.155 T 16.083 TT 16.083 M:  0.85535  0.86061
B 17.155 .. 17.157 T 16.085 TT 16.085 M:  0.45699  0.57592
B 17.157 .. 17.159 T 16.087 TT 16.087 M:  0.66069  0.63880
B 17.159 .. 17.405 T 16.317 TT 16.317 M:  0.66904  0.64082
B 17.405 .. 17.413 T 16.325 TT 16.325 M:  0.74474  0.79596
B 17.413 .. 17.421 T 16.332 TT 16.332 M:  0.88403  0.94034
B 17.421 .. 17.655 T 16.551 TT 16.551 M:  0.96283  0.87609
B 17.655 .. 17.657 T 16.553 TT 16.553 M:  0.53673  0.50025
B 17.657 .. 17.659 T 16.555 TT 16.555 M:  0.63840  0.58464
B 17.659 .. 17.905 T 16.786 TT 16.786 M:  0.55222  0.57702
B 17.905 .. 17.907 T 16.788 TT 16.788 M:  0.62740  0.65266
B 17.907 .. 17.909 T 16.789 TT 16.789 M:  0.59719  0.52563
B 17.909 .. 18.155 T 17.020 TT 17.020 M:  0.54557  0.52291
B 18.155 .. 18.163 T 17.027 TT 17.027 M:  0.64563  0.61531
B 18.163 .. 18.171 T 17.035 TT 17.035 M:  0.90222  0.77689
B 18.171 .. 18.405 T 17.255 TT 17.255 M:  0.84624  0.93639
B 18.405 .. 18.407 T 17.257 TT 17.257 M:  0.55348  0.53101
B 18.407 .. 18.409 T 17.259 TT 17.259 M:  0.51477  0.45182
B 18.409 .. 18.655 T 17.489 TT 17.489 M:  0.52058  0.54890
B 18.655 .. 18.657 T 17.491 TT 17.491 M:  0.35231  0.31437
B 18.657 .. 18.659 T 17.493 TT 17.493 M:  0.44348  0.51704
B 18.659 .. 18.905 T 17.723 TT 17.723 M:  0.54466  0.52253
B 18.905 .. 18.907 T 17.725 TT 17.725 M:  0.46680  0.50783
B 18.907 .. 18.909 T 17.727 TT 17.727 M:  0.47231  0.49421
inactive allocs returned to freespace
end of score.		   overall amps:  1.00000  1.00000
	   overall samples out of range:        0        0
0 errors in performance
Elapsed time at end of performance: real: 14.589s, CPU: 1.865s
2738 512 sample blks of 64-bit floats written to dac
