0dBFS level = 32768.0
--Csound version 6.14 (double samples) 2020-11-20
[commit: none]
libsndfile-1.0.31
UnifiedCSD:  oscilla.csd
STARTING FILE
Creating options
Creating orchestra
closing tag
Creating score
rtaudio: ALSA module enabled
rtmidi: ALSA Raw MIDI module enabled
instr mixer uses instrument number 4
instr loopback uses instrument number 5
instr _tin uses instrument number 6
instr tin uses instrument number 7
Elapsed time at end of orchestra compile: real: 0.003s, CPU: 0.003s
sorting score ...
Warp_factor = 4.000000
Clockbase = 0.000000
Clockbase = 5.000000
Clockbase = 8.000000
Clockbase = 12.000000
Clockbase = 15.000000
Clockbase = 18.500000
Clockbase = 20.500000
Clockbase = 23.000000
Clockbase = 0.000000
Clockbase = 5.000000
Clockbase = 8.000000
Clockbase = 12.000000
Clockbase = 15.000000
Clockbase = 18.500000
Clockbase = 20.500000
Clockbase = 23.000000
	... done
Elapsed time at end of score sort: real: 0.004s, CPU: 0.004s
midi channel 1 using instr 1
midi channel 2 using instr 2
midi channel 3 using instr 3
midi channel 4 using instr 4
midi channel 5 using instr 5
midi channel 6 using instr 6
midi channel 7 using instr 7
midi channel 8 using instr 1
midi channel 9 using instr 1
midi channel 10 using instr 1
midi channel 11 using instr 1
midi channel 12 using instr 1
midi channel 13 using instr 1
midi channel 14 using instr 1
midi channel 15 using instr 1
midi channel 16 using instr 1
midi channel 17 using instr 1
midi channel 18 using instr 1
midi channel 19 using instr 1
midi channel 20 using instr 1
midi channel 21 using instr 1
midi channel 22 using instr 1
midi channel 23 using instr 1
midi channel 24 using instr 1
midi channel 25 using instr 1
midi channel 26 using instr 1
midi channel 27 using instr 1
midi channel 28 using instr 1
midi channel 29 using instr 1
midi channel 30 using instr 1
midi channel 31 using instr 1
midi channel 32 using instr 1
midi channel 33 using instr 1
midi channel 34 using instr 1
midi channel 35 using instr 1
midi channel 36 using instr 1
midi channel 37 using instr 1
midi channel 38 using instr 1
midi channel 39 using instr 1
midi channel 40 using instr 1
midi channel 41 using instr 1
midi channel 42 using instr 1
midi channel 43 using instr 1
midi channel 44 using instr 1
midi channel 45 using instr 1
midi channel 46 using instr 1
midi channel 47 using instr 1
midi channel 48 using instr 1
midi channel 49 using instr 1
midi channel 50 using instr 1
midi channel 51 using instr 1
midi channel 52 using instr 1
midi channel 53 using instr 1
midi channel 54 using instr 1
midi channel 55 using instr 1
midi channel 56 using instr 1
midi channel 57 using instr 1
midi channel 58 using instr 1
midi channel 59 using instr 1
midi channel 60 using instr 1
midi channel 61 using instr 1
midi channel 62 using instr 1
midi channel 63 using instr 1
midi channel 64 using instr 1
graphics suppressed, ascii substituted
0dBFS level = 1.0
chnl 1 using instr 7
chnl 2 using instr 7
chnl 3 using instr 7
chnl 4 using instr 7
chnl 5 using instr 7
chnl 6 using instr 7
chnl 7 using instr 7
chnl 8 using instr 7
chnl 9 using instr 7
chnl 10 using instr 7
chnl 11 using instr 7
chnl 12 using instr 7
chnl 13 using instr 7
chnl 14 using instr 7
chnl 15 using instr 7
chnl 16 using instr 7
ALSA midi: Using all devices.
ALSA: opened MIDI input device 'hw:2,0'
orch now loaded
audio buffered in 256 sample-frame blocks
ALSA output: total buffer size: 1024, period size: 256
writing 512 sample blks of 64-bit floats to dac
SECTION 1:
new alloc for instr mixer:
new alloc for instr mixer:
new alloc for instr tin:
new alloc for instr tin:
new alloc for instr _tin:
WARNING: Seeding from current time 1253172214

B  0.000 ..  0.500 T  0.200 TT  0.200 M:  0.17044  0.18500
B  0.500 ..  1.000 T  0.400 TT  0.400 M:  0.10619  0.22568
B  1.000 ..  2.000 T  0.800 TT  0.800 M:  0.20412  0.20413
B  2.000 ..  3.000 T  1.200 TT  1.200 M:  0.21591  0.23980
B  3.000 ..  5.000 T  2.000 TT  2.000 M:  0.20303  0.13954
B  5.000 ..  5.500 T  2.200 TT  2.200 M:  0.14718  0.20899
B  5.500 ..  6.000 T  2.400 TT  2.400 M:  0.15032  0.28865
B  6.000 ..  7.000 T  2.800 TT  2.800 M:  0.25467  0.16444
B  7.000 ..  8.000 T  3.200 TT  3.200 M:  0.18667  0.20617
new alloc for instr tin:
new alloc for instr tin:
B  8.000 ..  9.000 T  3.600 TT  3.600 M:  0.20937  0.22806
B  9.000 .. 10.000 T  4.000 TT  4.000 M:  0.16109  0.25949
B 10.000 .. 11.000 T  4.400 TT  4.400 M:  0.25872  0.32409
B 11.000 .. 11.500 T  4.600 TT  4.600 M:  0.24355  0.21943
B 11.500 .. 12.000 T  4.800 TT  4.800 M:  0.13645  0.22525
B 12.000 .. 12.500 T  5.000 TT  5.000 M:  0.14346  0.21179
B 12.500 .. 13.000 T  5.200 TT  5.200 M:  0.23441  0.16857
B 13.000 .. 15.000 T  6.000 TT  6.000 M:  0.20512  0.10030
B 15.000 .. 16.000 T  6.400 TT  6.400 M:  0.31794  0.15739
B 16.000 .. 16.500 T  6.600 TT  6.600 M:  0.27491  0.17727
B 16.500 .. 17.000 T  6.800 TT  6.800 M:  0.25388  0.30051
B 17.000 .. 18.500 T  7.400 TT  7.400 M:  0.17400  0.22545
B 18.500 .. 19.000 T  7.600 TT  7.600 M:  0.15210  0.20034
B 19.000 .. 20.500 T  8.200 TT  8.200 M:  0.13610  0.34098
B 20.500 .. 21.000 T  8.400 TT  8.400 M:  0.13824  0.18338
B 21.000 .. 22.000 T  8.800 TT  8.800 M:  0.15252  0.23471
B 22.000 .. 23.000 T  9.200 TT  9.200 M:  0.23724  0.19092
B 23.000 .. 23.500 T  9.400 TT  9.400 M:  0.15694  0.19650
B 23.500 .. 24.000 T  9.600 TT  9.600 M:  0.23176  0.31897
B 24.000 .. 28.000 T 11.200 TT 11.200 M:  0.19068  0.34111
end of section 1	 sect peak amps:  0.31794  0.34111
inactive allocs returned to freespace
SECTION 2:
new alloc for instr loopback:
end of section 2	 sect peak amps:  0.00000  0.00000
SECTION 1:
new alloc for instr tin:
new alloc for instr tin:
WARNING: Seeding from current time 1264335620

B  0.000 ..  0.500 T  0.200 TT  0.200 M:  0.14800  0.18354
B  0.500 ..  1.000 T  0.400 TT  0.400 M:  0.18449  0.20359
B  1.000 ..  2.000 T  0.800 TT  0.800 M:  0.24767  0.20210
B  2.000 ..  3.000 T  1.200 TT  1.200 M:  0.21918  0.23968
B  3.000 ..  5.000 T  2.000 TT  2.000 M:  0.29581  0.37530
B  5.000 ..  5.500 T  2.200 TT  2.200 M:  0.23645  0.17038
B  5.500 ..  6.000 T  2.400 TT  2.400 M:  0.24082  0.25642
B  6.000 ..  7.000 T  2.800 TT  2.800 M:  0.26915  0.16190
B  7.000 ..  8.000 T  3.200 TT  3.200 M:  0.20470  0.19974
new alloc for instr tin:
new alloc for instr tin:
B  8.000 ..  9.000 T  3.600 TT  3.600 M:  0.16809  0.21323
B  9.000 .. 10.000 T  4.000 TT  4.000 M:  0.27305  0.25258
B 10.000 .. 11.000 T  4.400 TT  4.400 M:  0.25801  0.19964
B 11.000 .. 11.500 T  4.600 TT  4.600 M:  0.28538  0.26426
B 11.500 .. 12.000 T  4.800 TT  4.800 M:  0.23186  0.15830
B 12.000 .. 12.500 T  5.000 TT  5.000 M:  0.21019  0.18638
B 12.500 .. 13.000 T  5.200 TT  5.200 M:  0.26790  0.26655
B 13.000 .. 15.000 T  6.000 TT  6.000 M:  0.25518  0.28056
inactive allocs returned to freespace
end of score.		   overall amps:  0.31794  0.37530
	   overall samples out of range:        0        0
0 errors in performance
Elapsed time at end of performance: real: 17.451s, CPU: 1.581s
3278 512 sample blks of 64-bit floats written to dac
