0dBFS level = 32768.0
--Csound version 6.14 (double samples) 2020-11-20
[commit: none]
libsndfile-1.0.31
UnifiedCSD:  oscilla.csd
STARTING FILE
Creating options
Creating orchestra
closing tag
Creating score
rtaudio: ALSA module enabled
rtmidi: ALSA Raw MIDI module enabled
instr _tin uses instrument number 3
instr tin uses instrument number 4
instr sequencer uses instrument number 5
WARNING: cngoto: perf-time code in global space, ignored
Elapsed time at end of orchestra compile: real: 0.004s, CPU: 0.004s
sorting score ...
	... done
Elapsed time at end of score sort: real: 0.004s, CPU: 0.004s
graphics suppressed, ascii substituted
0dBFS level = 1.0
orch now loaded
audio buffered in 256 sample-frame blocks
ALSA output: total buffer size: 1024, period size: 256
writing 512 sample blks of 64-bit floats to dac
SECTION 1:
new alloc for instr sequencer:
new alloc for instr _tin:
WARNING: Seeding from current time 4062655363

inactive allocs returned to freespace
end of score.		   overall amps:  0.00000  0.00000
	   overall samples out of range:        0        0
0 errors in performance
Elapsed time at end of performance: real: 1.143s, CPU: 0.088s
162 512 sample blks of 64-bit floats written to dac
