0dBFS level = 32768.0
--Csound version 6.14 (double samples) 2020-11-20
[commit: none]
libsndfile-1.0.31
UnifiedCSD:  oscilla.csd
STARTING FILE
Creating options
Creating orchestra
closing tag
scoreless operation
rtaudio: ALSA module enabled
rtmidi: ALSA Raw MIDI module enabled
instr recorder uses instrument number 1
Elapsed time at end of orchestra compile: real: 0.002s, CPU: 0.002s
sorting score ...
	... done
Elapsed time at end of score sort: real: 0.002s, CPU: 0.002s
graphics suppressed, ascii substituted
0dBFS level = 1.0
orch now loaded
audio buffered in 256 sample-frame blocks
ALSA input: total buffer size: 1024, period size: 256
reading 1024-byte blks of shorts from adc (RAW)
writing 1024-byte blks of shorts to test.wav (WAV)
SECTION 1:
new alloc for instr recorder:
Closing file 'mix.1763165412.wav'...
Closing file 'channel2.1763165412.wav'...
Closing file 'channel1.1763165412.wav'...
inactive allocs returned to freespace
end of score.		   overall amps:  0.00000  0.00000
	   overall samples out of range:        0        0
0 errors in performance
Elapsed time at end of performance: real: 65.661s, CPU: 4.816s
512 1024 sample blks of shorts written to test.wav (WAV)
