0dBFS level = 32768.0
--Csound version 6.14 (double samples) 2020-11-20
[commit: none]
libsndfile-1.0.31
UnifiedCSD:  oscilla.csd
STARTING FILE
Creating options
Creating orchestra
closing tag
Creating score
rtaudio: ALSA module enabled
rtmidi: ALSA Raw MIDI module enabled
instr room uses instrument number 4
instr mixer uses instrument number 5
instr tin uses instrument number 6
Elapsed time at end of orchestra compile: real: 0.003s, CPU: 0.003s
sorting score ...
Warp_factor = 4.000000
	... done
Elapsed time at end of score sort: real: 0.005s, CPU: 0.005s
graphics suppressed, ascii substituted
0dBFS level = 1.0
ftable 101:
WARNING: prerequisites/marmstk1.wav sr = 22050, orch sr = 32768.0
audio sr = 22050, monaural
opening WAV infile prerequisites/marmstk1.wav
ftable 101:	256 points, scalemax 1.000
      _

           _



                    .
     _            .
   -      .    _           _             -      _
 -                       '      . - -  _    _        -
__._'____.______'_____-_______.____________-__.___.-___'________
             .       .         .   - .  .      _    .
                       '  ' .                '   -    _
                        '        .    .   '
              '  . .
            -

       _
        _
orch now loaded
audio buffered in 256 sample-frame blocks
ALSA output: total buffer size: 1024, period size: 256
writing 512 sample blks of 64-bit floats to dac
SECTION 1:
new alloc for instr room:
new alloc for instr room:
new alloc for instr room:
new alloc for instr mixer:
new alloc for instr tin:
WARNING: Division by zero
B  0.000 ..  0.500 T  0.250 TT  0.250 M:  0.47465  0.47465
new alloc for instr tin:
B  0.500 ..  1.000 T  0.500 TT  0.500 M:  0.37977  0.37545
B  1.000 ..  1.500 T  0.750 TT  0.750 M:  0.44460  0.44124
B  1.500 ..  2.000 T  1.000 TT  1.000 M:  0.51359  0.50915
B  2.000 ..  2.500 T  1.250 TT  1.250 M:  0.54324  0.54524
B  2.500 ..  3.000 T  1.500 TT  1.500 M:  0.48301  0.48779
B  3.000 ..  3.500 T  1.750 TT  1.750 M:  0.46048  0.44553
B  3.500 ..  4.000 T  2.000 TT  2.000 M:  0.55364  0.54742
B  4.000 ..  4.500 T  2.250 TT  2.250 M:  0.61723  0.61957
B  4.500 ..  5.000 T  2.500 TT  2.500 M:  0.59478  0.61265
B  5.000 ..  5.500 T  2.750 TT  2.750 M:  0.44285  0.46357
B  5.500 ..  6.000 T  3.000 TT  3.000 M:  0.42273  0.41645
B  6.000 ..  6.500 T  3.250 TT  3.250 M:  0.39318  0.39562
B  6.500 ..  7.000 T  3.500 TT  3.500 M:  0.40041  0.39671
B  7.000 ..  7.500 T  3.750 TT  3.750 M:  0.70233  0.70339
B  7.500 ..  8.000 T  4.000 TT  4.000 M:  0.65706  0.64488
B  8.000 ..  8.500 T  4.250 TT  4.250 M:  0.65328  0.60844
B  8.500 ..  9.000 T  4.500 TT  4.500 M:  0.26978  0.28952
B  9.000 ..  9.500 T  4.750 TT  4.750 M:  0.64210  0.65364
B  9.500 .. 10.000 T  5.000 TT  5.000 M:  0.54466  0.55007
B 10.000 .. 10.500 T  5.250 TT  5.250 M:  0.52471  0.51740
B 10.500 .. 11.000 T  5.500 TT  5.500 M:  0.50239  0.50718
B 11.000 .. 11.500 T  5.750 TT  5.750 M:  0.54119  0.53794
B 11.500 .. 12.000 T  6.000 TT  6.000 M:  0.49713  0.50052
B 12.000 .. 12.500 T  6.250 TT  6.250 M:  0.59072  0.59489
inactive allocs returned to freespace
end of score.		   overall amps:  0.70233  0.70339
	   overall samples out of range:        0        0
0 errors in performance
Elapsed time at end of performance: real: 6.352s, CPU: 0.465s
819 512 sample blks of 64-bit floats written to dac
