0dBFS level = 32768.0
--Csound version 6.14 (double samples) 2020-11-20
[commit: none]
libsndfile-1.0.31
UnifiedCSD:  oscilla.csd
STARTING FILE
Creating options
Creating orchestra
closing tag
Creating score
rtaudio: ALSA module enabled
rtmidi: ALSA Raw MIDI module enabled
instr room uses instrument number 11
instr mixer uses instrument number 12
instr loopback uses instrument number 13
instr dom uses instrument number 14
instr tak uses instrument number 15
instr sak uses instrument number 16
instr sik uses instrument number 17
instr sagat uses instrument number 18
instr tin uses instrument number 19
instr bow uses instrument number 20
Elapsed time at end of orchestra compile: real: 0.015s, CPU: 0.015s
sorting score ...
defining argument `bar``time as...#0#
defining argument `bar``time as...#1#
defining argument `bar``time as...#2#
defining argument `bar``time as...#3#
defining argument `bar``time as...#4#
defining argument `bar``time as...#5#
defining argument `bar``time as...#6#
defining argument `bar``time as...#7#
defining argument `bar``time as...#8#
defining argument `bar``time as...#9#
defining argument `bar``time as...#10#
defining argument `bar``time as...#11#
defining argument `bar``time as...#12#
defining argument `bar``time as...#13#
defining argument `bar``time as...#14#
defining argument `bar``time as...#15#
defining argument `bar``time as...#16#
defining argument `bar``time as...#17#
defining argument `bar``time as...#18#
defining argument `bar``time as...#19#
defining argument `bar``time as...#20#
defining argument `bar``time as...#21#
defining argument `bar``time as...#22#
defining argument `bar``time as...#23#
defining argument `bar``time as...#24#
defining argument `bar``time as...#25#
defining argument `bar``time as...#26#
defining argument `bar``time as...#27#
defining argument `bar``time as...#28#
defining argument `bar``time as...#29#
defining argument `bar``time as...#30#
defining argument `bar``time as...#31#
defining argument `bar``time as...#32#
defining argument `bar``time as...#33#
defining argument `bar``time as...#34#
defining argument `bar``time as...#35#
defining argument `bar``time as...#36#
defining argument `bar``time as...#37#
defining argument `bar``time as...#38#
defining argument `bar``time as...#39#
defining argument `bar``time as...#40#
defining argument `bar``time as...#41#
defining argument `bar``time as...#42#
defining argument `bar``time as...#43#
defining argument `bar``time as...#44#
defining argument `bar``time as...#45#
defining argument `bar``time as...#46#
defining argument `bar``time as...#47#
defining argument `bar``time as...#48#
defining argument `bar``time as...#49#
defining argument `bar``time as...#50#
defining argument `bar``time as...#0#
defining argument `bar``time as...#1#
defining argument `bar``time as...#2#
defining argument `bar``time as...#3#
defining argument `bar``time as...#4#
defining argument `bar``time as...#5#
defining argument `bar``time as...#6#
defining argument `bar``time as...#7#
defining argument `bar``time as...#8#
defining argument `bar``time as...#9#
defining argument `bar``time as...#10#
defining argument `bar``time as...#11#
defining argument `bar``time as...#12#
defining argument `bar``time as...#13#
defining argument `bar``time as...#14#
defining argument `bar``time as...#15#
defining argument `bar``time as...#16#
defining argument `bar``time as...#17#
defining argument `bar``time as...#18#
defining argument `bar``time as...#19#
defining argument `bar``time as...#20#
defining argument `bar``time as...#21#
defining argument `bar``time as...#22#
defining argument `bar``time as...#23#
defining argument `bar``time as...#24#
defining argument `bar``time as...#25#
defining argument `bar``time as...#26#
defining argument `bar``time as...#27#
defining argument `bar``time as...#28#
defining argument `bar``time as...#29#
defining argument `bar``time as...#30#
defining argument `bar``time as...#31#
defining argument `bar``time as...#32#
defining argument `bar``time as...#33#
defining argument `bar``time as...#34#
defining argument `bar``time as...#35#
defining argument `bar``time as...#36#
defining argument `bar``time as...#37#
defining argument `bar``time as...#38#
defining argument `bar``time as...#39#
defining argument `bar``time as...#40#
defining argument `bar``time as...#41#
defining argument `bar``time as...#42#
defining argument `bar``time as...#43#
defining argument `bar``time as...#44#
defining argument `bar``time as...#45#
defining argument `bar``time as...#46#
defining argument `bar``time as...#47#
defining argument `bar``time as...#48#
defining argument `bar``time as...#49#
defining argument `bar``time as...#50#
defining argument `bar``time as...#0#
defining argument `bar``time as...#1#
defining argument `bar``time as...#2#
defining argument `bar``time as...#3#
Warp_factor = 2.000000
Clockbase = 2.000000
Clockbase = 2.000000
Warp_factor = 2.000000
Clockbase = 0.000000
Clockbase = 0.000000
Clockbase = 2.000000
Clockbase = 4.000000
Clockbase = 6.000000
Clockbase = 8.000000
Clockbase = 10.000000
Clockbase = 12.000000
Clockbase = 14.000000
Clockbase = 16.000000
Clockbase = 18.000000
Clockbase = 20.000000
Clockbase = 22.000000
Clockbase = 24.000000
Clockbase = 26.000000
Clockbase = 28.000000
Clockbase = 30.000000
Clockbase = 32.000000
Clockbase = 34.000000
Clockbase = 36.000000
Clockbase = 38.000000
Clockbase = 40.000000
Clockbase = 42.000000
Clockbase = 44.000000
Clockbase = 46.000000
Clockbase = 48.000000
Clockbase = 50.000000
Clockbase = 52.000000
Clockbase = 54.000000
Clockbase = 56.000000
Clockbase = 58.000000
Clockbase = 60.000000
Clockbase = 62.000000
Clockbase = 64.000000
Clockbase = 66.000000
Clockbase = 68.000000
Clockbase = 70.000000
Clockbase = 72.000000
Clockbase = 74.000000
Clockbase = 76.000000
Clockbase = 78.000000
Clockbase = 80.000000
Clockbase = 82.000000
Clockbase = 84.000000
Clockbase = 86.000000
Clockbase = 88.000000
Clockbase = 90.000000
Clockbase = 92.000000
Clockbase = 94.000000
Clockbase = 96.000000
Clockbase = 98.000000
Clockbase = 100.000000
Clockbase = 0.000000
Clockbase = 2.000000
Clockbase = 4.000000
Clockbase = 6.000000
Clockbase = 8.000000
Clockbase = 10.000000
Clockbase = 12.000000
Clockbase = 14.000000
Clockbase = 16.000000
Clockbase = 18.000000
Clockbase = 20.000000
Clockbase = 22.000000
Clockbase = 24.000000
Clockbase = 26.000000
Clockbase = 28.000000
Clockbase = 30.000000
Clockbase = 32.000000
Clockbase = 34.000000
Clockbase = 36.000000
Clockbase = 38.000000
Clockbase = 40.000000
Clockbase = 42.000000
Clockbase = 44.000000
Clockbase = 46.000000
Clockbase = 48.000000
Clockbase = 50.000000
Clockbase = 52.000000
Clockbase = 54.000000
Clockbase = 56.000000
Clockbase = 58.000000
Clockbase = 60.000000
Clockbase = 62.000000
Clockbase = 64.000000
Clockbase = 66.000000
Clockbase = 68.000000
Clockbase = 70.000000
Clockbase = 72.000000
Clockbase = 74.000000
Clockbase = 76.000000
Clockbase = 78.000000
Clockbase = 80.000000
Clockbase = 82.000000
Clockbase = 84.000000
Clockbase = 86.000000
Clockbase = 88.000000
Clockbase = 90.000000
Clockbase = 92.000000
Clockbase = 94.000000
Clockbase = 96.000000
Clockbase = 98.000000
Clockbase = 100.000000
Clockbase = 0.000000
Clockbase = 2.000000
Clockbase = 4.000000
Clockbase = 6.000000
Clockbase = 8.000000
Clockbase = 10.000000
Clockbase = 12.000000
Clockbase = 14.000000
Clockbase = 16.000000
Clockbase = 18.000000
Clockbase = 20.000000
Clockbase = 22.000000
Clockbase = 24.000000
Clockbase = 26.000000
Clockbase = 28.000000
Clockbase = 30.000000
Clockbase = 32.000000
Clockbase = 34.000000
Clockbase = 36.000000
Clockbase = 38.000000
Clockbase = 40.000000
Clockbase = 42.000000
Clockbase = 44.000000
Clockbase = 46.000000
Clockbase = 48.000000
Clockbase = 50.000000
Clockbase = 52.000000
Clockbase = 54.000000
Clockbase = 56.000000
Clockbase = 58.000000
Clockbase = 60.000000
Clockbase = 62.000000
Clockbase = 64.000000
Clockbase = 66.000000
Clockbase = 68.000000
Clockbase = 70.000000
Clockbase = 72.000000
Clockbase = 74.000000
Clockbase = 76.000000
Clockbase = 78.000000
Clockbase = 80.000000
Clockbase = 82.000000
Clockbase = 84.000000
Clockbase = 86.000000
Clockbase = 88.000000
Clockbase = 90.000000
Clockbase = 92.000000
Clockbase = 94.000000
Clockbase = 96.000000
Clockbase = 98.000000
Clockbase = 100.000000
Clockbase = 0.000000
Clockbase = 2.000000
Clockbase = 4.000000
Clockbase = 6.000000
Clockbase = 8.000000
Clockbase = 10.000000
Clockbase = 12.000000
Clockbase = 14.000000
Clockbase = 16.000000
Clockbase = 18.000000
Clockbase = 20.000000
Clockbase = 22.000000
Clockbase = 24.000000
Clockbase = 26.000000
Clockbase = 28.000000
Clockbase = 30.000000
Clockbase = 32.000000
Clockbase = 34.000000
Clockbase = 36.000000
Clockbase = 38.000000
Clockbase = 40.000000
Clockbase = 42.000000
Clockbase = 44.000000
Clockbase = 46.000000
Clockbase = 48.000000
Clockbase = 50.000000
Clockbase = 52.000000
Clockbase = 54.000000
Clockbase = 56.000000
Clockbase = 58.000000
Clockbase = 60.000000
Clockbase = 62.000000
Clockbase = 64.000000
Clockbase = 66.000000
Clockbase = 68.000000
Clockbase = 70.000000
Clockbase = 72.000000
Clockbase = 74.000000
Clockbase = 76.000000
Clockbase = 78.000000
Clockbase = 80.000000
Clockbase = 82.000000
Clockbase = 84.000000
Clockbase = 86.000000
Clockbase = 88.000000
Clockbase = 90.000000
Clockbase = 92.000000
Clockbase = 94.000000
Clockbase = 96.000000
Clockbase = 98.000000
Clockbase = 100.000000
Warp_factor = 2.000000
Clockbase = 0.000000
Clockbase = 0.000000
Clockbase = 2.000000
Clockbase = 4.000000
Clockbase = 6.000000
Clockbase = 8.000000
Clockbase = 10.000000
Clockbase = 12.000000
Clockbase = 14.000000
Clockbase = 16.000000
Clockbase = 18.000000
Clockbase = 20.000000
Clockbase = 22.000000
Clockbase = 24.000000
Clockbase = 26.000000
Clockbase = 28.000000
Clockbase = 30.000000
Clockbase = 32.000000
Clockbase = 34.000000
Clockbase = 36.000000
Clockbase = 38.000000
Clockbase = 40.000000
Clockbase = 42.000000
Clockbase = 44.000000
Clockbase = 46.000000
Clockbase = 48.000000
Clockbase = 50.000000
Clockbase = 52.000000
Clockbase = 54.000000
Clockbase = 56.000000
Clockbase = 58.000000
Clockbase = 60.000000
Clockbase = 62.000000
Clockbase = 64.000000
Clockbase = 66.000000
Clockbase = 68.000000
Clockbase = 70.000000
Clockbase = 72.000000
Clockbase = 74.000000
Clockbase = 76.000000
Clockbase = 78.000000
Clockbase = 80.000000
Clockbase = 82.000000
Clockbase = 84.000000
Clockbase = 86.000000
Clockbase = 88.000000
Clockbase = 90.000000
Clockbase = 92.000000
Clockbase = 94.000000
Clockbase = 96.000000
Clockbase = 98.000000
Clockbase = 100.000000
Clockbase = 0.000000
Clockbase = 2.000000
Clockbase = 4.000000
Clockbase = 6.000000
Clockbase = 8.000000
Clockbase = 10.000000
Clockbase = 12.000000
Clockbase = 14.000000
Clockbase = 16.000000
Clockbase = 18.000000
Clockbase = 20.000000
Clockbase = 22.000000
Clockbase = 24.000000
Clockbase = 26.000000
Clockbase = 28.000000
Clockbase = 30.000000
Clockbase = 32.000000
Clockbase = 34.000000
Clockbase = 36.000000
Clockbase = 38.000000
Clockbase = 40.000000
Clockbase = 42.000000
Clockbase = 44.000000
Clockbase = 46.000000
Clockbase = 48.000000
Clockbase = 50.000000
Clockbase = 52.000000
Clockbase = 54.000000
Clockbase = 56.000000
Clockbase = 58.000000
Clockbase = 60.000000
Clockbase = 62.000000
Clockbase = 64.000000
Clockbase = 66.000000
Clockbase = 68.000000
Clockbase = 70.000000
Clockbase = 72.000000
Clockbase = 74.000000
Clockbase = 76.000000
Clockbase = 78.000000
Clockbase = 80.000000
Clockbase = 82.000000
Clockbase = 84.000000
Clockbase = 86.000000
Clockbase = 88.000000
Clockbase = 90.000000
Clockbase = 92.000000
Clockbase = 94.000000
Clockbase = 96.000000
Clockbase = 98.000000
Clockbase = 100.000000
Clockbase = 0.000000
Clockbase = 2.000000
Clockbase = 4.000000
Clockbase = 6.000000
Clockbase = 8.000000
Clockbase = 10.000000
Clockbase = 12.000000
Clockbase = 14.000000
Clockbase = 16.000000
Clockbase = 18.000000
Clockbase = 20.000000
Clockbase = 22.000000
Clockbase = 24.000000
Clockbase = 26.000000
Clockbase = 28.000000
Clockbase = 30.000000
Clockbase = 32.000000
Clockbase = 34.000000
Clockbase = 36.000000
Clockbase = 38.000000
Clockbase = 40.000000
Clockbase = 42.000000
Clockbase = 44.000000
Clockbase = 46.000000
Clockbase = 48.000000
Clockbase = 50.000000
Clockbase = 52.000000
Clockbase = 54.000000
Clockbase = 56.000000
Clockbase = 58.000000
Clockbase = 60.000000
Clockbase = 62.000000
Clockbase = 64.000000
Clockbase = 66.000000
Clockbase = 68.000000
Clockbase = 70.000000
Clockbase = 72.000000
Clockbase = 74.000000
Clockbase = 76.000000
Clockbase = 78.000000
Clockbase = 80.000000
Clockbase = 82.000000
Clockbase = 84.000000
Clockbase = 86.000000
Clockbase = 88.000000
Clockbase = 90.000000
Clockbase = 92.000000
Clockbase = 94.000000
Clockbase = 96.000000
Clockbase = 98.000000
Clockbase = 100.000000
Clockbase = 0.000000
Clockbase = 2.000000
Clockbase = 4.000000
Clockbase = 6.000000
Clockbase = 8.000000
Clockbase = 10.000000
Clockbase = 12.000000
Clockbase = 14.000000
Clockbase = 16.000000
Clockbase = 18.000000
Clockbase = 20.000000
Clockbase = 22.000000
Clockbase = 24.000000
Clockbase = 26.000000
Clockbase = 28.000000
Clockbase = 30.000000
Clockbase = 32.000000
Clockbase = 34.000000
Clockbase = 36.000000
Clockbase = 38.000000
Clockbase = 40.000000
Clockbase = 42.000000
Clockbase = 44.000000
Clockbase = 46.000000
Clockbase = 48.000000
Clockbase = 50.000000
Clockbase = 52.000000
Clockbase = 54.000000
Clockbase = 56.000000
Clockbase = 58.000000
Clockbase = 60.000000
Clockbase = 62.000000
Clockbase = 64.000000
Clockbase = 66.000000
Clockbase = 68.000000
Clockbase = 70.000000
Clockbase = 72.000000
Clockbase = 74.000000
Clockbase = 76.000000
Clockbase = 78.000000
Clockbase = 80.000000
Clockbase = 82.000000
Clockbase = 84.000000
Clockbase = 86.000000
Clockbase = 88.000000
Clockbase = 90.000000
Clockbase = 92.000000
Clockbase = 94.000000
Clockbase = 96.000000
Clockbase = 98.000000
Clockbase = 100.000000
Warp_factor = 2.000000
Clockbase = 0.000000
Clockbase = 2.000000
Clockbase = 4.000000
Clockbase = 6.000000
Clockbase = 0.000000
Clockbase = 2.000000
Clockbase = 4.000000
Clockbase = 6.000000
	... done
Elapsed time at end of score sort: real: 0.032s, CPU: 0.032s
graphics suppressed, ascii substituted
0dBFS level = 1.0
ftable 101:
WARNING: prerequisites/marmstk1.wav sr = 22050, orch sr = 24000.0
audio sr = 22050, monaural
opening WAV infile prerequisites/marmstk1.wav
ftable 101:	256 points, scalemax 1.000
      _

           _



                    .
     _            .
   -      .    _           _             -      _
 -                       '      . - -  _    _        -
__._'____.______'_____-_______.____________-__.___.-___'________
             .       .         .   - .  .      _    .
                       '  ' .                '   -    _
                        '        .    .   '
              '  . .
            -

       _
        _
ftable 102:
ftable 102:	128 points, scalemax 1.000
                _
            _-'' ''-_
          .'         '.
        _-             -_
       .                 .
      -                   -
     -                     -
    '                       '
   '                         '
  '                           '
_'_____________________________'________________________________
                                 _                             _
                                  _                           _
                                   _                         _
                                    _                       _
                                     .                     .
                                      .                   .
                                       -                 -
                                        '.             .'
                                          -_         _-
                                            '._____.'
orch now loaded
audio buffered in 256 sample-frame blocks
ALSA output: total buffer size: 1024, period size: 256
writing 512 sample blks of 64-bit floats to dac
SECTION 1:
new alloc for instr room:
new alloc for instr room:
new alloc for instr room:
new alloc for instr mixer:
B  0.000 ..  2.000 T  1.263 TT  1.263 M:  0.00000  0.00000
new alloc for instr tin:
 i 9.000000 0.157895 0.157895 16.000000 7.000000 7.000000 "chord" 1.000000 -1.000000 2.000000 5.000000 0.000000 
new alloc for instr tin:
new alloc for instr bow:
 i 10.000000 0.157895 0.157895 16.000000 6.000000 7.000000 "drone" 0.000000 -1.000000 2.000000 2.000000 0.000000 
new alloc for instr bow:
  rtevent:	   T  1.420 TT  1.420 M:  0.55928  0.55928
new alloc for instr tin:
new alloc for instr bow:
B  2.000 ..  2.500 T  1.579 TT  1.579 M:  0.52181  0.50431
 i 9.000000 0.078947 0.078947 16.000000 7.000000 7.000000 "chord" 1.000000 -1.000000 2.000000 5.000000 0.000000 
 i 9.000000 0.157895 0.078947 16.000000 7.000000 7.000000 "chord" 1.000000 -1.000000 2.000000 5.000000 0.000000 
 i 9.000000 0.236842 0.078947 16.000000 7.000000 7.000000 "chord" 1.000000 -1.000000 2.000000 5.000000 0.000000 
new alloc for instr tin:
 i 9.000000 0.157895 0.157895 16.000000 8.000000 7.000000 "chord" 1.000000 -1.000000 2.000000 5.000000 0.000000 
 i 10.000000 0.157895 0.157895 16.000000 7.000000 7.000000 "drone" 0.000000 -1.000000 2.000000 2.000000 0.000000 
  rtevent:	   T  1.657 TT  1.657 M:  0.65855  0.69471
  rtevent:	   T  1.736 TT  1.736 M:  0.61732  0.62795
  rtevent:	   T  1.816 TT  1.816 M:  0.54691  0.54047
B  2.500 ..  3.000 T  1.895 TT  1.895 M:  0.52145  0.51239
 i 10.000000 0.078947 0.078947 16.000000 6.000000 7.000000 "drone" 0.000000 -1.000000 2.000000 2.000000 0.000000 
 i 10.000000 0.157895 0.078947 16.000000 6.000000 7.000000 "drone" 0.000000 -1.000000 2.000000 2.000000 0.000000 
 i 10.000000 0.236842 0.078947 16.000000 6.000000 7.000000 "drone" 0.000000 -1.000000 2.000000 2.000000 0.000000 
  rtevent:	   T  1.973 TT  1.973 M:  0.72213  0.73937
  rtevent:	   T  2.052 TT  2.052 M:  0.58867  0.60334
  rtevent:	   T  2.132 TT  2.132 M:  0.58267  0.58536
B  3.000 ..  3.500 T  2.211 TT  2.211 M:  0.37641  0.34572
 i 9.000000 0.078947 0.078947 16.000000 8.000000 7.000000 "chord" 1.000000 -1.000000 2.000000 5.000000 0.000000 
 i 9.000000 0.157895 0.078947 16.000000 8.000000 7.000000 "chord" 1.000000 -1.000000 2.000000 5.000000 0.000000 
 i 9.000000 0.236842 0.078947 16.000000 8.000000 7.000000 "chord" 1.000000 -1.000000 2.000000 5.000000 0.000000 
 i 10.000000 0.078947 0.078947 16.000000 7.000000 7.000000 "drone" 0.000000 -1.000000 2.000000 2.000000 0.000000 
 i 10.000000 0.157895 0.078947 16.000000 7.000000 7.000000 "drone" 0.000000 -1.000000 2.000000 2.000000 0.000000 
 i 10.000000 0.236842 0.078947 16.000000 7.000000 7.000000 "drone" 0.000000 -1.000000 2.000000 2.000000 0.000000 
  rtevent:	   T  2.289 TT  2.289 M:  0.81511  0.80333
new alloc for instr tin:
  rtevent:	   T  2.368 TT  2.368 M:  0.69128  0.73355
  rtevent:	   T  2.448 TT  2.448 M:  0.67774  0.69304
B  3.500 ..  4.000 T  2.527 TT  2.527 M:  0.62327  0.60886
B  4.000 ..  4.003 T  2.528 TT  2.528 M:  0.13995  0.13862
B  4.003 ..  4.053 T  2.560 TT  2.560 M:  0.14985  0.12989
B  4.053 ..  4.231 T  2.672 TT  2.672 M:  0.11046  0.07706
end of section 1	 sect peak amps:  0.81511  0.80333
inactive allocs returned to freespace
SECTION 2:
new alloc for instr tin:
new alloc for instr tin:
new alloc for instr bow:
 i 10.000000 0.315789 0.315789 16.000000 6.000000 7.000000 "drone" 0.000000 -1.000000 2.000000 2.000000 0.000000 
new alloc for instr bow:
 i 10.000000 0.315789 0.315789 16.000000 7.000000 7.000000 "drone" 0.000000 -1.000000 2.000000 2.000000 0.000000 
  rtevent:	   T  0.316 TT  2.988 M:  0.60711  0.59384
new alloc for instr bow:
new alloc for instr bow:
B  0.000 ..  1.000 T  0.632 TT  3.304 M:  0.38714  0.36310
new alloc for instr tin:
new alloc for instr tin:
 i 9.000000 0.315789 0.315789 16.000000 8.000000 10.000000 "chord" 1.000000 -1.000000 2.000000 5.000000 0.000000 
 i 10.000000 0.157895 0.157895 16.000000 6.000000 10.000000 "drone" 0.000000 -1.000000 2.000000 2.000000 0.000000 
 i 10.000000 0.315789 0.157895 16.000000 6.000000 10.000000 "drone" 0.000000 -1.000000 2.000000 2.000000 0.000000 
 i 10.000000 0.473684 0.157895 16.000000 6.000000 10.000000 "drone" 0.000000 -1.000000 2.000000 2.000000 0.000000 
  rtevent:	   T  0.789 TT  3.461 M:  0.79135  0.80912
  rtevent:	   T  0.948 TT  3.620 M:  0.62233  0.62914
  rtevent:	   T  1.105 TT  3.777 M:  0.70845  0.73708
B  1.000 ..  2.000 T  1.263 TT  3.935 M:  0.68188  0.66371
 i 9.000000 0.315789 0.315789 16.000000 7.000000 7.000000 "chord" 1.000000 -1.000000 2.000000 5.000000 0.000000 
 i 10.000000 0.315789 0.315789 16.000000 7.000000 7.000000 "drone" 0.000000 -1.000000 2.000000 2.000000 0.000000 
  rtevent:	   T  1.579 TT  4.251 M:  0.79520  0.81143
B  2.000 ..  3.000 T  1.895 TT  4.567 M:  0.53153  0.52112
 i 9.000000 0.078947 0.078947 16.000000 7.000000 7.000000 "chord" 1.000000 -1.000000 2.000000 5.000000 0.000000 
 i 9.000000 0.157895 0.078947 16.000000 7.000000 7.000000 "chord" 1.000000 -1.000000 2.000000 5.000000 0.000000 
 i 9.000000 0.236842 0.078947 16.000000 7.000000 7.000000 "chord" 1.000000 -1.000000 2.000000 5.000000 0.000000 
 i 9.000000 0.078947 0.078947 16.000000 8.000000 7.000000 "chord" 1.000000 -1.000000 2.000000 5.000000 0.000000 
 i 9.000000 0.157895 0.078947 16.000000 8.000000 7.000000 "chord" 1.000000 -1.000000 2.000000 5.000000 0.000000 
 i 9.000000 0.236842 0.078947 16.000000 8.000000 7.000000 "chord" 1.000000 -1.000000 2.000000 5.000000 0.000000 
 i 10.000000 0.078947 0.078947 16.000000 6.000000 7.000000 "drone" 0.000000 -1.000000 2.000000 2.000000 0.000000 
 i 10.000000 0.157895 0.078947 16.000000 6.000000 7.000000 "drone" 0.000000 -1.000000 2.000000 2.000000 0.000000 
 i 10.000000 0.236842 0.078947 16.000000 6.000000 7.000000 "drone" 0.000000 -1.000000 2.000000 2.000000 0.000000 
 i 10.000000 0.078947 0.078947 16.000000 7.000000 7.000000 "drone" 0.000000 -1.000000 2.000000 2.000000 0.000000 
 i 10.000000 0.157895 0.078947 16.000000 7.000000 7.000000 "drone" 0.000000 -1.000000 2.000000 2.000000 0.000000 
 i 10.000000 0.236842 0.078947 16.000000 7.000000 7.000000 "drone" 0.000000 -1.000000 2.000000 2.000000 0.000000 
  rtevent:	   T  1.973 TT  4.645 M:  0.65596  0.67926
new alloc for instr tin:
new alloc for instr tin:
  rtevent:	   T  2.052 TT  4.724 M:  0.70003  0.69273
  rtevent:	   T  2.132 TT  4.804 M:  0.52150  0.51532
B  3.000 ..  3.500 T  2.211 TT  4.883 M:  0.66635  0.67103
 i 9.000000 0.157895 0.157895 16.000000 7.000000 10.000000 "chord" 1.000000 -1.000000 2.000000 5.000000 0.000000 
 i 9.000000 0.157895 0.157895 16.000000 8.000000 10.000000 "chord" 1.000000 -1.000000 2.000000 5.000000 0.000000 
  rtevent:	   T  2.368 TT  5.040 M:  0.84270  0.84909
B  3.500 ..  4.000 T  2.527 TT  5.199 M:  0.75214  0.77557
 i 9.000000 0.157895 0.157895 16.000000 7.000000 13.000000 "chord" 1.000000 -1.000000 2.000000 5.000000 0.000000 
 i 9.000000 0.315789 0.157895 16.000000 7.000000 13.000000 "chord" 1.000000 -1.000000 2.000000 5.000000 0.000000 
 i 9.000000 0.473684 0.157895 16.000000 7.000000 13.000000 "chord" 1.000000 -1.000000 2.000000 5.000000 0.000000 
 i 9.000000 0.157895 0.157895 16.000000 8.000000 13.000000 "chord" 1.000000 -1.000000 2.000000 5.000000 0.000000 
 i 9.000000 0.315789 0.157895 16.000000 8.000000 13.000000 "chord" 1.000000 -1.000000 2.000000 5.000000 0.000000 
 i 9.000000 0.473684 0.157895 16.000000 8.000000 13.000000 "chord" 1.000000 -1.000000 2.000000 5.000000 0.000000 
 i 10.000000 0.315789 0.315789 16.000000 6.000000 13.000000 "drone" 0.000000 -1.000000 2.000000 2.000000 0.000000 
 i 10.000000 0.157895 0.157895 16.000000 7.000000 13.000000 "drone" 0.000000 -1.000000 2.000000 2.000000 0.000000 
 i 10.000000 0.315789 0.157895 16.000000 7.000000 13.000000 "drone" 0.000000 -1.000000 2.000000 2.000000 0.000000 
 i 10.000000 0.473684 0.157895 16.000000 7.000000 13.000000 "drone" 0.000000 -1.000000 2.000000 2.000000 0.000000 
  rtevent:	   T  2.684 TT  5.356 M:  0.78791  0.81039
  rtevent:	   T  2.843 TT  5.515 M:  0.67833  0.67048
  rtevent:	   T  3.000 TT  5.672 M:  0.74170  0.70388
B  4.000 ..  5.000 T  3.157 TT  5.829 M:  0.65481  0.66866
 i 9.000000 0.157895 0.157895 16.000000 7.000000 10.000000 "chord" 1.000000 -1.000000 2.000000 5.000000 0.000000 
 i 9.000000 0.315789 0.157895 16.000000 7.000000 10.000000 "chord" 1.000000 -1.000000 2.000000 5.000000 0.000000 
 i 9.000000 0.473684 0.157895 16.000000 7.000000 10.000000 "chord" 1.000000 -1.000000 2.000000 5.000000 0.000000 
 i 10.000000 0.315789 0.315789 16.000000 6.000000 10.000000 "drone" 0.000000 -1.000000 2.000000 2.000000 0.000000 
 i 10.000000 0.315789 0.315789 16.000000 7.000000 10.000000 "drone" 0.000000 -1.000000 2.000000 2.000000 0.000000 
  rtevent:	   T  3.315 TT  5.987 M:  0.77066  0.76045
  rtevent:	   T  3.473 TT  6.145 M:  0.67535  0.67389
  rtevent:	   T  3.631 TT  6.303 M:  0.55661  0.56512
B  5.000 ..  6.000 T  3.789 TT  6.461 M:  0.40132  0.44845
 i 9.000000 0.315789 0.315789 16.000000 7.000000 7.000000 "chord" 1.000000 -1.000000 2.000000 5.000000 0.000000 
 i 10.000000 0.315789 0.315789 16.000000 7.000000 7.000000 "drone" 0.000000 -1.000000 2.000000 2.000000 0.000000 
  rtevent:	   T  4.105 TT  6.777 M:  0.61691  0.62728
B  6.000 ..  7.000 T  4.421 TT  7.093 M:  0.55835  0.53158
 i 9.000000 0.315789 0.315789 16.000000 7.000000 10.000000 "chord" 1.000000 -1.000000 2.000000 5.000000 0.000000 
 i 9.000000 0.315789 0.315789 16.000000 8.000000 10.000000 "chord" 1.000000 -1.000000 2.000000 5.000000 0.000000 
 i 10.000000 0.315789 0.315789 16.000000 6.000000 10.000000 "drone" 0.000000 -1.000000 2.000000 2.000000 0.000000 
 i 10.000000 0.315789 0.315789 16.000000 7.000000 10.000000 "drone" 0.000000 -1.000000 2.000000 2.000000 0.000000 
  rtevent:	   T  4.737 TT  7.409 M:  0.64288  0.63117
B  7.000 ..  8.000 T  5.052 TT  7.724 M:  0.57684  0.57504
 i 9.000000 0.157895 0.157895 16.000000 7.000000 10.000000 "chord" 1.000000 -1.000000 2.000000 5.000000 0.000000 
 i 10.000000 0.157895 0.157895 16.000000 6.000000 10.000000 "drone" 0.000000 -1.000000 2.000000 2.000000 0.000000 
 i 10.000000 0.078947 0.078947 16.000000 7.000000 10.000000 "drone" 0.000000 -1.000000 2.000000 2.000000 0.000000 
 i 10.000000 0.157895 0.078947 16.000000 7.000000 10.000000 "drone" 0.000000 -1.000000 2.000000 2.000000 0.000000 
 i 10.000000 0.236842 0.078947 16.000000 7.000000 10.000000 "drone" 0.000000 -1.000000 2.000000 2.000000 0.000000 
  rtevent:	   T  5.131 TT  7.803 M:  0.71846  0.72567
  rtevent:	   T  5.209 TT  7.881 M:  0.60346  0.60551
  rtevent:	   T  5.289 TT  7.961 M:  0.49987  0.49117
B  8.000 ..  8.500 T  5.368 TT  8.040 M:  0.51188  0.53032
 i 9.000000 0.078947 0.078947 16.000000 7.000000 7.000000 "chord" 1.000000 -1.000000 2.000000 5.000000 0.000000 
 i 9.000000 0.157895 0.078947 16.000000 7.000000 7.000000 "chord" 1.000000 -1.000000 2.000000 5.000000 0.000000 
 i 9.000000 0.236842 0.078947 16.000000 7.000000 7.000000 "chord" 1.000000 -1.000000 2.000000 5.000000 0.000000 
 i 9.000000 0.078947 0.078947 16.000000 8.000000 7.000000 "chord" 1.000000 -1.000000 2.000000 5.000000 0.000000 
 i 9.000000 0.157895 0.078947 16.000000 8.000000 7.000000 "chord" 1.000000 -1.000000 2.000000 5.000000 0.000000 
 i 9.000000 0.236842 0.078947 16.000000 8.000000 7.000000 "chord" 1.000000 -1.000000 2.000000 5.000000 0.000000 
 i 10.000000 0.078947 0.078947 16.000000 6.000000 7.000000 "drone" 0.000000 -1.000000 2.000000 2.000000 0.000000 
 i 10.000000 0.157895 0.078947 16.000000 6.000000 7.000000 "drone" 0.000000 -1.000000 2.000000 2.000000 0.000000 
 i 10.000000 0.236842 0.078947 16.000000 6.000000 7.000000 "drone" 0.000000 -1.000000 2.000000 2.000000 0.000000 
 i 10.000000 0.078947 0.078947 16.000000 7.000000 7.000000 "drone" 0.000000 -1.000000 2.000000 2.000000 0.000000 
 i 10.000000 0.157895 0.078947 16.000000 7.000000 7.000000 "drone" 0.000000 -1.000000 2.000000 2.000000 0.000000 
 i 10.000000 0.236842 0.078947 16.000000 7.000000 7.000000 "drone" 0.000000 -1.000000 2.000000 2.000000 0.000000 
  rtevent:	   T  5.447 TT  8.119 M:  0.78339  0.80087
  rtevent:	   T  5.447 TT  8.119 M:  0.00000  0.00000
  rtevent:	   T  5.447 TT  8.119 M:  0.00000  0.00000
  rtevent:	   T  5.447 TT  8.119 M:  0.00000  0.00000
  rtevent:	   T  5.525 TT  8.197 M:  0.70591  0.71604
  rtevent:	   T  5.605 TT  8.277 M:  0.72882  0.70306
B  8.500 ..  9.000 T  5.684 TT  8.356 M:  0.59962  0.56222
 i 9.000000 0.157895 0.157895 16.000000 7.000000 5.000000 "chord" 1.000000 -1.000000 2.000000 5.000000 0.000000 
 i 10.000000 0.157895 0.157895 16.000000 7.000000 5.000000 "drone" 0.000000 -1.000000 2.000000 2.000000 0.000000 
  rtevent:	   T  5.841 TT  8.513 M:  0.64779  0.63595
B  9.000 ..  9.500 T  6.000 TT  8.672 M:  0.40371  0.39937
 i 9.000000 0.157895 0.157895 16.000000 7.000000 3.000000 "chord" 1.000000 -1.000000 2.000000 5.000000 0.000000 
 i 9.000000 0.157895 0.157895 16.000000 8.000000 3.000000 "chord" 1.000000 -1.000000 2.000000 5.000000 0.000000 
 i 10.000000 0.078947 0.078947 16.000000 6.000000 3.000000 "drone" 0.000000 -1.000000 2.000000 2.000000 0.000000 
 i 10.000000 0.157895 0.078947 16.000000 6.000000 3.000000 "drone" 0.000000 -1.000000 2.000000 2.000000 0.000000 
 i 10.000000 0.236842 0.078947 16.000000 6.000000 3.000000 "drone" 0.000000 -1.000000 2.000000 2.000000 0.000000 
 i 10.000000 0.157895 0.157895 16.000000 7.000000 3.000000 "drone" 0.000000 -1.000000 2.000000 2.000000 0.000000 
  rtevent:	   T  6.079 TT  8.751 M:  0.67652  0.67302
  rtevent:	   T  6.157 TT  8.829 M:  0.58082  0.56708
  rtevent:	   T  6.157 TT  8.829 M:  0.00000  0.00000
  rtevent:	   T  6.157 TT  8.829 M:  0.00000  0.00000
  rtevent:	   T  6.157 TT  8.829 M:  0.00000  0.00000
  rtevent:	   T  6.237 TT  8.909 M:  0.54360  0.56065
B  9.500 .. 10.000 T  6.316 TT  8.988 M:  0.30926  0.31983
 i 9.000000 0.078947 0.078947 16.000000 7.000000 7.000000 "chord" 1.000000 -1.000000 2.000000 5.000000 0.000000 
 i 9.000000 0.157895 0.078947 16.000000 7.000000 7.000000 "chord" 1.000000 -1.000000 2.000000 5.000000 0.000000 
 i 9.000000 0.236842 0.078947 16.000000 7.000000 7.000000 "chord" 1.000000 -1.000000 2.000000 5.000000 0.000000 
 i 9.000000 0.157895 0.157895 16.000000 8.000000 7.000000 "chord" 1.000000 -1.000000 2.000000 5.000000 0.000000 
 i 10.000000 0.157895 0.157895 16.000000 6.000000 7.000000 "drone" 0.000000 -1.000000 2.000000 2.000000 0.000000 
 i 10.000000 0.078947 0.078947 16.000000 7.000000 7.000000 "drone" 0.000000 -1.000000 2.000000 2.000000 0.000000 
 i 10.000000 0.157895 0.078947 16.000000 7.000000 7.000000 "drone" 0.000000 -1.000000 2.000000 2.000000 0.000000 
 i 10.000000 0.236842 0.078947 16.000000 7.000000 7.000000 "drone" 0.000000 -1.000000 2.000000 2.000000 0.000000 
  rtevent:	   T  6.395 TT  9.067 M:  0.61880  0.61492
  rtevent:	   T  6.473 TT  9.145 M:  0.50117  0.48495
  rtevent:	   T  6.553 TT  9.225 M:  0.63000  0.67106
B 10.000 .. 10.500 T  6.632 TT  9.304 M:  0.61781  0.61681
 i 9.000000 0.157895 0.157895 16.000000 7.000000 10.000000 "chord" 1.000000 -1.000000 2.000000 5.000000 0.000000 
 i 10.000000 0.078947 0.078947 16.000000 6.000000 10.000000 "drone" 0.000000 -1.000000 2.000000 2.000000 0.000000 
 i 10.000000 0.157895 0.078947 16.000000 6.000000 10.000000 "drone" 0.000000 -1.000000 2.000000 2.000000 0.000000 
 i 10.000000 0.236842 0.078947 16.000000 6.000000 10.000000 "drone" 0.000000 -1.000000 2.000000 2.000000 0.000000 
 i 10.000000 0.078947 0.078947 16.000000 7.000000 10.000000 "drone" 0.000000 -1.000000 2.000000 2.000000 0.000000 
 i 10.000000 0.157895 0.078947 16.000000 7.000000 10.000000 "drone" 0.000000 -1.000000 2.000000 2.000000 0.000000 
 i 10.000000 0.236842 0.078947 16.000000 7.000000 10.000000 "drone" 0.000000 -1.000000 2.000000 2.000000 0.000000 
  rtevent:	   T  6.711 TT  9.383 M:  0.75065  0.73762
  rtevent:	   T  6.789 TT  9.461 M:  0.51222  0.48117
  rtevent:	   T  6.869 TT  9.541 M:  0.55796  0.56302
B 10.500 .. 11.000 T  6.948 TT  9.620 M:  0.37841  0.36892
 i 9.000000 0.078947 0.078947 16.000000 7.000000 7.000000 "chord" 1.000000 -1.000000 2.000000 5.000000 0.000000 
 i 9.000000 0.157895 0.078947 16.000000 7.000000 7.000000 "chord" 1.000000 -1.000000 2.000000 5.000000 0.000000 
 i 9.000000 0.236842 0.078947 16.000000 7.000000 7.000000 "chord" 1.000000 -1.000000 2.000000 5.000000 0.000000 
 i 9.000000 0.078947 0.078947 16.000000 8.000000 7.000000 "chord" 1.000000 -1.000000 2.000000 5.000000 0.000000 
 i 9.000000 0.157895 0.078947 16.000000 8.000000 7.000000 "chord" 1.000000 -1.000000 2.000000 5.000000 0.000000 
 i 9.000000 0.236842 0.078947 16.000000 8.000000 7.000000 "chord" 1.000000 -1.000000 2.000000 5.000000 0.000000 
 i 10.000000 0.157895 0.157895 16.000000 6.000000 7.000000 "drone" 0.000000 -1.000000 2.000000 2.000000 0.000000 
 i 10.000000 0.078947 0.078947 16.000000 7.000000 7.000000 "drone" 0.000000 -1.000000 2.000000 2.000000 0.000000 
 i 10.000000 0.157895 0.078947 16.000000 7.000000 7.000000 "drone" 0.000000 -1.000000 2.000000 2.000000 0.000000 
 i 10.000000 0.236842 0.078947 16.000000 7.000000 7.000000 "drone" 0.000000 -1.000000 2.000000 2.000000 0.000000 
  rtevent:	   T  7.027 TT  9.699 M:  0.76715  0.76321
  rtevent:	   T  7.105 TT  9.777 M:  0.79178  0.78106
  rtevent:	   T  7.185 TT  9.857 M:  0.69355  0.66813
B 11.000 .. 11.500 T  7.263 TT  9.935 M:  0.61260  0.59588
 i 9.000000 0.078947 0.078947 16.000000 8.000000 10.000000 "chord" 1.000000 -1.000000 2.000000 5.000000 0.000000 
 i 9.000000 0.157895 0.078947 16.000000 8.000000 10.000000 "chord" 1.000000 -1.000000 2.000000 5.000000 0.000000 
 i 9.000000 0.236842 0.078947 16.000000 8.000000 10.000000 "chord" 1.000000 -1.000000 2.000000 5.000000 0.000000 
 i 10.000000 0.157895 0.157895 16.000000 7.000000 10.000000 "drone" 0.000000 -1.000000 2.000000 2.000000 0.000000 
  rtevent:	   T  7.341 TT 10.013 M:  0.77105  0.77810
  rtevent:	   T  7.420 TT 10.092 M:  0.69870  0.69859
  rtevent:	   T  7.500 TT 10.172 M:  0.64550  0.63984
B 11.500 .. 12.000 T  7.579 TT 10.251 M:  0.73108  0.73001
 i 9.000000 0.157895 0.157895 16.000000 7.000000 10.000000 "chord" 1.000000 -1.000000 2.000000 5.000000 0.000000 
 i 9.000000 0.315789 0.157895 16.000000 7.000000 10.000000 "chord" 1.000000 -1.000000 2.000000 5.000000 0.000000 
 i 9.000000 0.473684 0.157895 16.000000 7.000000 10.000000 "chord" 1.000000 -1.000000 2.000000 5.000000 0.000000 
 i 9.000000 0.315789 0.315789 16.000000 8.000000 10.000000 "chord" 1.000000 -1.000000 2.000000 5.000000 0.000000 
 i 10.000000 0.315789 0.315789 16.000000 7.000000 10.000000 "drone" 0.000000 -1.000000 2.000000 2.000000 0.000000 
  rtevent:	   T  7.736 TT 10.408 M:  0.81062  0.82888
  rtevent:	   T  7.895 TT 10.567 M:  0.41392  0.40049
  rtevent:	   T  8.052 TT 10.724 M:  0.74646  0.75179
B 12.000 .. 13.000 T  8.211 TT 10.883 M:  0.62320  0.65362
 i 9.000000 0.157895 0.157895 16.000000 7.000000 7.000000 "chord" 1.000000 -1.000000 2.000000 5.000000 0.000000 
 i 9.000000 0.315789 0.157895 16.000000 7.000000 7.000000 "chord" 1.000000 -1.000000 2.000000 5.000000 0.000000 
 i 9.000000 0.473684 0.157895 16.000000 7.000000 7.000000 "chord" 1.000000 -1.000000 2.000000 5.000000 0.000000 
 i 9.000000 0.315789 0.315789 16.000000 8.000000 7.000000 "chord" 1.000000 -1.000000 2.000000 5.000000 0.000000 
 i 10.000000 0.157895 0.157895 16.000000 6.000000 7.000000 "drone" 0.000000 -1.000000 2.000000 2.000000 0.000000 
 i 10.000000 0.315789 0.157895 16.000000 6.000000 7.000000 "drone" 0.000000 -1.000000 2.000000 2.000000 0.000000 
 i 10.000000 0.473684 0.157895 16.000000 6.000000 7.000000 "drone" 0.000000 -1.000000 2.000000 2.000000 0.000000 
  rtevent:	   T  8.368 TT 11.040 M:  0.61849  0.59160
  rtevent:	   T  8.527 TT 11.199 M:  0.55067  0.56374
  rtevent:	   T  8.684 TT 11.356 M:  0.70239  0.69067
B 13.000 .. 14.000 T  8.843 TT 11.515 M:  0.59536  0.55892
 i 10.000000 0.157895 0.157895 16.000000 6.000000 5.000000 "drone" 0.000000 -1.000000 2.000000 2.000000 0.000000 
 i 10.000000 0.078947 0.078947 16.000000 7.000000 5.000000 "drone" 0.000000 -1.000000 2.000000 2.000000 0.000000 
 i 10.000000 0.157895 0.078947 16.000000 7.000000 5.000000 "drone" 0.000000 -1.000000 2.000000 2.000000 0.000000 
 i 10.000000 0.236842 0.078947 16.000000 7.000000 5.000000 "drone" 0.000000 -1.000000 2.000000 2.000000 0.000000 
  rtevent:	   T  8.921 TT 11.593 M:  0.53624  0.52463
  rtevent:	   T  9.000 TT 11.672 M:  0.58640  0.58085
  rtevent:	   T  9.080 TT 11.752 M:  0.45440  0.46135
B 14.000 .. 14.500 T  9.157 TT 11.829 M:  0.39264  0.43521
 i 9.000000 0.157895 0.157895 16.000000 7.000000 3.000000 "chord" 1.000000 -1.000000 2.000000 5.000000 0.000000 
 i 9.000000 0.157895 0.157895 16.000000 8.000000 3.000000 "chord" 1.000000 -1.000000 2.000000 5.000000 0.000000 
  rtevent:	   T  9.315 TT 11.987 M:  0.71086  0.73314
B 14.500 .. 15.000 T  9.473 TT 12.145 M:  0.67300  0.66927
 i 9.000000 0.078947 0.078947 16.000000 7.000000 3.000000 "chord" 1.000000 -1.000000 2.000000 5.000000 0.000000 
 i 9.000000 0.157895 0.078947 16.000000 7.000000 3.000000 "chord" 1.000000 -1.000000 2.000000 5.000000 0.000000 
 i 9.000000 0.236842 0.078947 16.000000 7.000000 3.000000 "chord" 1.000000 -1.000000 2.000000 5.000000 0.000000 
 i 9.000000 0.157895 0.157895 16.000000 8.000000 3.000000 "chord" 1.000000 -1.000000 2.000000 5.000000 0.000000 
 i 10.000000 0.157895 0.157895 16.000000 6.000000 3.000000 "drone" 0.000000 -1.000000 2.000000 2.000000 0.000000 
 i 10.000000 0.078947 0.078947 16.000000 7.000000 3.000000 "drone" 0.000000 -1.000000 2.000000 2.000000 0.000000 
 i 10.000000 0.157895 0.078947 16.000000 7.000000 3.000000 "drone" 0.000000 -1.000000 2.000000 2.000000 0.000000 
 i 10.000000 0.236842 0.078947 16.000000 7.000000 3.000000 "drone" 0.000000 -1.000000 2.000000 2.000000 0.000000 
  rtevent:	   T  9.552 TT 12.224 M:  0.66021  0.66283
  rtevent:	   T  9.631 TT 12.303 M:  0.47172  0.44265
  rtevent:	   T  9.711 TT 12.383 M:  0.66742  0.64698
B 15.000 .. 15.500 T  9.789 TT 12.461 M:  0.42473  0.42894
 i 9.000000 0.078947 0.078947 16.000000 8.000000 5.000000 "chord" 1.000000 -1.000000 2.000000 5.000000 0.000000 
 i 9.000000 0.157895 0.078947 16.000000 8.000000 5.000000 "chord" 1.000000 -1.000000 2.000000 5.000000 0.000000 
 i 9.000000 0.236842 0.078947 16.000000 8.000000 5.000000 "chord" 1.000000 -1.000000 2.000000 5.000000 0.000000 
 i 10.000000 0.157895 0.157895 16.000000 6.000000 5.000000 "drone" 0.000000 -1.000000 2.000000 2.000000 0.000000 
 i 10.000000 0.078947 0.078947 16.000000 7.000000 5.000000 "drone" 0.000000 -1.000000 2.000000 2.000000 0.000000 
 i 10.000000 0.157895 0.078947 16.000000 7.000000 5.000000 "drone" 0.000000 -1.000000 2.000000 2.000000 0.000000 
 i 10.000000 0.236842 0.078947 16.000000 7.000000 5.000000 "drone" 0.000000 -1.000000 2.000000 2.000000 0.000000 
  rtevent:	   T  9.868 TT 12.540 M:  0.68291  0.69904
  rtevent:	   T  9.947 TT 12.619 M:  0.49252  0.51434
  rtevent:	   T 10.027 TT 12.699 M:  0.49758  0.49634
B 15.500 .. 16.000 T 10.105 TT 12.777 M:  0.45309  0.45195
 i 9.000000 0.157895 0.157895 16.000000 7.000000 7.000000 "chord" 1.000000 -1.000000 2.000000 5.000000 0.000000 
 i 9.000000 0.315789 0.157895 16.000000 7.000000 7.000000 "chord" 1.000000 -1.000000 2.000000 5.000000 0.000000 
 i 9.000000 0.473684 0.157895 16.000000 7.000000 7.000000 "chord" 1.000000 -1.000000 2.000000 5.000000 0.000000 
 i 9.000000 0.157895 0.157895 16.000000 8.000000 7.000000 "chord" 1.000000 -1.000000 2.000000 5.000000 0.000000 
 i 9.000000 0.315789 0.157895 16.000000 8.000000 7.000000 "chord" 1.000000 -1.000000 2.000000 5.000000 0.000000 
 i 9.000000 0.473684 0.157895 16.000000 8.000000 7.000000 "chord" 1.000000 -1.000000 2.000000 5.000000 0.000000 
  rtevent:	   T 10.263 TT 12.935 M:  0.72546  0.73751
  rtevent:	   T 10.421 TT 13.093 M:  0.74324  0.73446
  rtevent:	   T 10.579 TT 13.251 M:  0.54406  0.56928
B 16.000 .. 17.000 T 10.737 TT 13.409 M:  0.72599  0.73451
 i 9.000000 0.157895 0.157895 16.000000 7.000000 5.000000 "chord" 1.000000 -1.000000 2.000000 5.000000 0.000000 
 i 9.000000 0.078947 0.078947 16.000000 8.000000 5.000000 "chord" 1.000000 -1.000000 2.000000 5.000000 0.000000 
 i 9.000000 0.157895 0.078947 16.000000 8.000000 5.000000 "chord" 1.000000 -1.000000 2.000000 5.000000 0.000000 
 i 9.000000 0.236842 0.078947 16.000000 8.000000 5.000000 "chord" 1.000000 -1.000000 2.000000 5.000000 0.000000 
 i 10.000000 0.157895 0.157895 16.000000 6.000000 5.000000 "drone" 0.000000 -1.000000 2.000000 2.000000 0.000000 
 i 10.000000 0.157895 0.157895 16.000000 7.000000 5.000000 "drone" 0.000000 -1.000000 2.000000 2.000000 0.000000 
  rtevent:	   T 10.816 TT 13.488 M:  0.58881  0.61093
  rtevent:	   T 10.895 TT 13.567 M:  0.64785  0.66490
  rtevent:	   T 10.975 TT 13.647 M:  0.86899  0.86661
B 17.000 .. 17.500 T 11.052 TT 13.724 M:  0.59862  0.60310
 i 9.000000 0.078947 0.078947 16.000000 7.000000 3.000000 "chord" 1.000000 -1.000000 2.000000 5.000000 0.000000 
 i 9.000000 0.157895 0.078947 16.000000 7.000000 3.000000 "chord" 1.000000 -1.000000 2.000000 5.000000 0.000000 
 i 9.000000 0.236842 0.078947 16.000000 7.000000 3.000000 "chord" 1.000000 -1.000000 2.000000 5.000000 0.000000 
 i 10.000000 0.078947 0.078947 16.000000 6.000000 3.000000 "drone" 0.000000 -1.000000 2.000000 2.000000 0.000000 
 i 10.000000 0.157895 0.078947 16.000000 6.000000 3.000000 "drone" 0.000000 -1.000000 2.000000 2.000000 0.000000 
 i 10.000000 0.236842 0.078947 16.000000 6.000000 3.000000 "drone" 0.000000 -1.000000 2.000000 2.000000 0.000000 
  rtevent:	   T 11.131 TT 13.803 M:  0.68236  0.68305
  rtevent:	   T 11.209 TT 13.881 M:  0.49434  0.51609
  rtevent:	   T 11.289 TT 13.961 M:  0.45673  0.46042
B 17.500 .. 18.000 T 11.368 TT 14.040 M:  0.35627  0.33653
 i 10.000000 0.157895 0.157895 16.000000 7.000000 10.000000 "drone" 0.000000 -1.000000 2.000000 2.000000 0.000000 
 i 10.000000 0.315789 0.157895 16.000000 7.000000 10.000000 "drone" 0.000000 -1.000000 2.000000 2.000000 0.000000 
 i 10.000000 0.473684 0.157895 16.000000 7.000000 10.000000 "drone" 0.000000 -1.000000 2.000000 2.000000 0.000000 
  rtevent:	   T 11.525 TT 14.197 M:  0.93331  0.94027
  rtevent:	   T 11.684 TT 14.356 M:  0.67508  0.68729
  rtevent:	   T 11.841 TT 14.513 M:  0.65860  0.64186
B 18.000 .. 19.000 T 12.000 TT 14.672 M:  0.38216  0.41358
 i 10.000000 0.315789 0.315789 16.000000 7.000000 7.000000 "drone" 0.000000 -1.000000 2.000000 2.000000 0.000000 
  rtevent:	   T 12.316 TT 14.988 M:  0.66575  0.65630
B 19.000 .. 20.000 T 12.632 TT 15.304 M:  0.43036  0.38956
 i 9.000000 0.157895 0.157895 16.000000 7.000000 5.000000 "chord" 1.000000 -1.000000 2.000000 5.000000 0.000000 
 i 9.000000 0.315789 0.157895 16.000000 7.000000 5.000000 "chord" 1.000000 -1.000000 2.000000 5.000000 0.000000 
 i 9.000000 0.473684 0.157895 16.000000 7.000000 5.000000 "chord" 1.000000 -1.000000 2.000000 5.000000 0.000000 
 i 9.000000 0.157895 0.157895 16.000000 8.000000 5.000000 "chord" 1.000000 -1.000000 2.000000 5.000000 0.000000 
 i 9.000000 0.315789 0.157895 16.000000 8.000000 5.000000 "chord" 1.000000 -1.000000 2.000000 5.000000 0.000000 
 i 9.000000 0.473684 0.157895 16.000000 8.000000 5.000000 "chord" 1.000000 -1.000000 2.000000 5.000000 0.000000 
 i 10.000000 0.315789 0.315789 16.000000 6.000000 5.000000 "drone" 0.000000 -1.000000 2.000000 2.000000 0.000000 
  rtevent:	   T 12.789 TT 15.461 M:  0.60069  0.59429
  rtevent:	   T 12.948 TT 15.620 M:  0.64410  0.63230
  rtevent:	   T 13.105 TT 15.777 M:  0.69988  0.69322
B 20.000 .. 21.000 T 13.263 TT 15.935 M:  0.63953  0.63504
 i 9.000000 0.157895 0.157895 16.000000 7.000000 7.000000 "chord" 1.000000 -1.000000 2.000000 5.000000 0.000000 
 i 10.000000 0.157895 0.157895 16.000000 6.000000 7.000000 "drone" 0.000000 -1.000000 2.000000 2.000000 0.000000 
 i 10.000000 0.078947 0.078947 16.000000 7.000000 7.000000 "drone" 0.000000 -1.000000 2.000000 2.000000 0.000000 
 i 10.000000 0.157895 0.078947 16.000000 7.000000 7.000000 "drone" 0.000000 -1.000000 2.000000 2.000000 0.000000 
 i 10.000000 0.236842 0.078947 16.000000 7.000000 7.000000 "drone" 0.000000 -1.000000 2.000000 2.000000 0.000000 
  rtevent:	   T 13.341 TT 16.013 M:  0.63559  0.62744
  rtevent:	   T 13.420 TT 16.092 M:  0.40195  0.42188
  rtevent:	   T 13.420 TT 16.092 M:  0.00000  0.00000
  rtevent:	   T 13.420 TT 16.092 M:  0.00000  0.00000
  rtevent:	   T 13.500 TT 16.172 M:  0.47590  0.51935
B 21.000 .. 21.500 T 13.579 TT 16.251 M:  0.50084  0.48452
 i 10.000000 0.078947 0.078947 16.000000 6.000000 5.000000 "drone" 0.000000 -1.000000 2.000000 2.000000 0.000000 
 i 10.000000 0.157895 0.078947 16.000000 6.000000 5.000000 "drone" 0.000000 -1.000000 2.000000 2.000000 0.000000 
 i 10.000000 0.236842 0.078947 16.000000 6.000000 5.000000 "drone" 0.000000 -1.000000 2.000000 2.000000 0.000000 
 i 10.000000 0.157895 0.157895 16.000000 7.000000 5.000000 "drone" 0.000000 -1.000000 2.000000 2.000000 0.000000 
  rtevent:	   T 13.657 TT 16.329 M:  0.75959  0.74313
  rtevent:	   T 13.736 TT 16.408 M:  0.74501  0.71636
  rtevent:	   T 13.816 TT 16.488 M:  0.46966  0.43347
B 21.500 .. 22.000 T 13.895 TT 16.567 M:  0.39084  0.38103
 i 9.000000 0.157895 0.157895 16.000000 7.000000 3.000000 "chord" 1.000000 -1.000000 2.000000 5.000000 0.000000 
 i 9.000000 0.078947 0.078947 16.000000 8.000000 3.000000 "chord" 1.000000 -1.000000 2.000000 5.000000 0.000000 
 i 9.000000 0.157895 0.078947 16.000000 8.000000 3.000000 "chord" 1.000000 -1.000000 2.000000 5.000000 0.000000 
 i 9.000000 0.236842 0.078947 16.000000 8.000000 3.000000 "chord" 1.000000 -1.000000 2.000000 5.000000 0.000000 
 i 10.000000 0.078947 0.078947 16.000000 6.000000 3.000000 "drone" 0.000000 -1.000000 2.000000 2.000000 0.000000 
 i 10.000000 0.157895 0.078947 16.000000 6.000000 3.000000 "drone" 0.000000 -1.000000 2.000000 2.000000 0.000000 
 i 10.000000 0.236842 0.078947 16.000000 6.000000 3.000000 "drone" 0.000000 -1.000000 2.000000 2.000000 0.000000 
 i 10.000000 0.157895 0.157895 16.000000 7.000000 3.000000 "drone" 0.000000 -1.000000 2.000000 2.000000 0.000000 
  rtevent:	   T 13.973 TT 16.645 M:  0.73502  0.72886
  rtevent:	   T 14.052 TT 16.724 M:  0.65901  0.66758
  rtevent:	   T 14.132 TT 16.804 M:  0.56494  0.53923
  rtevent:	   T 14.132 TT 16.804 M:  0.00000  0.00000
B 22.000 .. 22.500 T 14.211 TT 16.883 M:  0.70506  0.70709
 i 9.000000 0.157895 0.157895 16.000000 8.000000 0.000000 "chord" 1.000000 -1.000000 2.000000 5.000000 0.000000 
 i 10.000000 0.078947 0.078947 16.000000 6.000000 0.000000 "drone" 0.000000 -1.000000 2.000000 2.000000 0.000000 
 i 10.000000 0.157895 0.078947 16.000000 6.000000 0.000000 "drone" 0.000000 -1.000000 2.000000 2.000000 0.000000 
 i 10.000000 0.236842 0.078947 16.000000 6.000000 0.000000 "drone" 0.000000 -1.000000 2.000000 2.000000 0.000000 
 i 10.000000 0.157895 0.157895 16.000000 7.000000 0.000000 "drone" 0.000000 -1.000000 2.000000 2.000000 0.000000 
  rtevent:	   T 14.289 TT 16.961 M:  0.54671  0.52268
  rtevent:	   T 14.368 TT 17.040 M:  0.41632  0.39049
  rtevent:	   T 14.448 TT 17.120 M:  0.47866  0.47881
B 22.500 .. 23.000 T 14.527 TT 17.199 M:  0.38464  0.37708
 i 9.000000 0.157895 0.157895 16.000000 7.000000 3.000000 "chord" 1.000000 -1.000000 2.000000 5.000000 0.000000 
 i 9.000000 0.078947 0.078947 16.000000 8.000000 3.000000 "chord" 1.000000 -1.000000 2.000000 5.000000 0.000000 
 i 9.000000 0.157895 0.078947 16.000000 8.000000 3.000000 "chord" 1.000000 -1.000000 2.000000 5.000000 0.000000 
 i 9.000000 0.236842 0.078947 16.000000 8.000000 3.000000 "chord" 1.000000 -1.000000 2.000000 5.000000 0.000000 
 i 10.000000 0.078947 0.078947 16.000000 6.000000 3.000000 "drone" 0.000000 -1.000000 2.000000 2.000000 0.000000 
 i 10.000000 0.157895 0.078947 16.000000 6.000000 3.000000 "drone" 0.000000 -1.000000 2.000000 2.000000 0.000000 
 i 10.000000 0.236842 0.078947 16.000000 6.000000 3.000000 "drone" 0.000000 -1.000000 2.000000 2.000000 0.000000 
  rtevent:	   T 14.605 TT 17.277 M:  0.60321  0.59163
  rtevent:	   T 14.684 TT 17.356 M:  0.58448  0.57128
  rtevent:	   T 14.764 TT 17.436 M:  0.52093  0.52462
B 23.000 .. 23.500 T 14.843 TT 17.515 M:  0.44233  0.44661
 i 9.000000 0.157895 0.157895 16.000000 7.000000 5.000000 "chord" 1.000000 -1.000000 2.000000 5.000000 0.000000 
 i 10.000000 0.157895 0.157895 16.000000 6.000000 5.000000 "drone" 0.000000 -1.000000 2.000000 2.000000 0.000000 
 i 10.000000 0.157895 0.157895 16.000000 7.000000 5.000000 "drone" 0.000000 -1.000000 2.000000 2.000000 0.000000 
  rtevent:	   T 15.000 TT 17.672 M:  0.58140  0.59211
B 23.500 .. 24.000 T 15.157 TT 17.829 M:  0.36515  0.37123
 i 9.000000 0.157895 0.157895 16.000000 7.000000 7.000000 "chord" 1.000000 -1.000000 2.000000 5.000000 0.000000 
 i 9.000000 0.315789 0.157895 16.000000 7.000000 7.000000 "chord" 1.000000 -1.000000 2.000000 5.000000 0.000000 
 i 9.000000 0.473684 0.157895 16.000000 7.000000 7.000000 "chord" 1.000000 -1.000000 2.000000 5.000000 0.000000 
 i 9.000000 0.315789 0.315789 16.000000 8.000000 7.000000 "chord" 1.000000 -1.000000 2.000000 5.000000 0.000000 
 i 10.000000 0.315789 0.315789 16.000000 6.000000 7.000000 "drone" 0.000000 -1.000000 2.000000 2.000000 0.000000 
 i 10.000000 0.157895 0.157895 16.000000 7.000000 7.000000 "drone" 0.000000 -1.000000 2.000000 2.000000 0.000000 
 i 10.000000 0.315789 0.157895 16.000000 7.000000 7.000000 "drone" 0.000000 -1.000000 2.000000 2.000000 0.000000 
 i 10.000000 0.473684 0.157895 16.000000 7.000000 7.000000 "drone" 0.000000 -1.000000 2.000000 2.000000 0.000000 
  rtevent:	   T 15.315 TT 17.987 M:  0.62967  0.62456
  rtevent:	   T 15.473 TT 18.145 M:  0.54090  0.50922
  rtevent:	   T 15.631 TT 18.303 M:  0.67569  0.64251
B 24.000 .. 25.000 T 15.789 TT 18.461 M:  0.58681  0.56957
 i 9.000000 0.315789 0.315789 16.000000 7.000000 10.000000 "chord" 1.000000 -1.000000 2.000000 5.000000 0.000000 
 i 9.000000 0.157895 0.157895 16.000000 8.000000 10.000000 "chord" 1.000000 -1.000000 2.000000 5.000000 0.000000 
 i 9.000000 0.315789 0.157895 16.000000 8.000000 10.000000 "chord" 1.000000 -1.000000 2.000000 5.000000 0.000000 
 i 9.000000 0.473684 0.157895 16.000000 8.000000 10.000000 "chord" 1.000000 -1.000000 2.000000 5.000000 0.000000 
 i 10.000000 0.315789 0.315789 16.000000 6.000000 10.000000 "drone" 0.000000 -1.000000 2.000000 2.000000 0.000000 
 i 10.000000 0.157895 0.157895 16.000000 7.000000 10.000000 "drone" 0.000000 -1.000000 2.000000 2.000000 0.000000 
 i 10.000000 0.315789 0.157895 16.000000 7.000000 10.000000 "drone" 0.000000 -1.000000 2.000000 2.000000 0.000000 
 i 10.000000 0.473684 0.157895 16.000000 7.000000 10.000000 "drone" 0.000000 -1.000000 2.000000 2.000000 0.000000 
  rtevent:	   T 15.947 TT 18.619 M:  0.76017  0.79040
  rtevent:	   T 16.105 TT 18.777 M:  0.70244  0.73156
  rtevent:	   T 16.263 TT 18.935 M:  0.63328  0.64071
  rtevent:	   T 16.263 TT 18.935 M:  0.00000  0.00000
B 25.000 .. 26.000 T 16.421 TT 19.093 M:  0.65314  0.69030
 i 9.000000 0.157895 0.157895 16.000000 7.000000 7.000000 "chord" 1.000000 -1.000000 2.000000 5.000000 0.000000 
 i 9.000000 0.315789 0.157895 16.000000 7.000000 7.000000 "chord" 1.000000 -1.000000 2.000000 5.000000 0.000000 
 i 9.000000 0.473684 0.157895 16.000000 7.000000 7.000000 "chord" 1.000000 -1.000000 2.000000 5.000000 0.000000 
 i 9.000000 0.157895 0.157895 16.000000 8.000000 7.000000 "chord" 1.000000 -1.000000 2.000000 5.000000 0.000000 
 i 9.000000 0.315789 0.157895 16.000000 8.000000 7.000000 "chord" 1.000000 -1.000000 2.000000 5.000000 0.000000 
 i 9.000000 0.473684 0.157895 16.000000 8.000000 7.000000 "chord" 1.000000 -1.000000 2.000000 5.000000 0.000000 
 i 10.000000 0.157895 0.157895 16.000000 6.000000 7.000000 "drone" 0.000000 -1.000000 2.000000 2.000000 0.000000 
 i 10.000000 0.315789 0.157895 16.000000 6.000000 7.000000 "drone" 0.000000 -1.000000 2.000000 2.000000 0.000000 
 i 10.000000 0.473684 0.157895 16.000000 6.000000 7.000000 "drone" 0.000000 -1.000000 2.000000 2.000000 0.000000 
 i 10.000000 0.315789 0.315789 16.000000 7.000000 7.000000 "drone" 0.000000 -1.000000 2.000000 2.000000 0.000000 
  rtevent:	   T 16.579 TT 19.251 M:  0.68349  0.68374
  rtevent:	   T 16.737 TT 19.409 M:  0.66411  0.68607
  rtevent:	   T 16.895 TT 19.567 M:  0.85644  0.85618
B 26.000 .. 27.000 T 17.052 TT 19.724 M:  0.63383  0.60956
 i 9.000000 0.157895 0.157895 16.000000 8.000000 13.000000 "chord" 1.000000 -1.000000 2.000000 5.000000 0.000000 
 i 10.000000 0.157895 0.157895 16.000000 7.000000 13.000000 "drone" 0.000000 -1.000000 2.000000 2.000000 0.000000 
  rtevent:	   T 17.209 TT 19.881 M:  0.70322  0.70271
B 27.000 .. 27.500 T 17.368 TT 20.040 M:  0.62650  0.62468
 i 10.000000 0.078947 0.078947 16.000000 6.000000 10.000000 "drone" 0.000000 -1.000000 2.000000 2.000000 0.000000 
 i 10.000000 0.039474 0.039474 16.000000 7.000000 10.000000 "drone" 0.000000 -1.000000 2.000000 2.000000 0.000000 
 i 10.000000 0.078947 0.039474 16.000000 7.000000 10.000000 "drone" 0.000000 -1.000000 2.000000 2.000000 0.000000 
 i 10.000000 0.118421 0.039474 16.000000 7.000000 10.000000 "drone" 0.000000 -1.000000 2.000000 2.000000 0.000000 
  rtevent:	   T 17.408 TT 20.080 M:  0.77316  0.74931
  rtevent:	   T 17.447 TT 20.119 M:  0.65567  0.64391
  rtevent:	   T 17.487 TT 20.159 M:  0.54051  0.53651
B 27.500 .. 27.750 T 17.527 TT 20.199 M:  0.37229  0.36659
 i 9.000000 0.039474 0.039474 16.000000 7.000000 7.000000 "chord" 1.000000 -1.000000 2.000000 5.000000 0.000000 
 i 9.000000 0.078947 0.039474 16.000000 7.000000 7.000000 "chord" 1.000000 -1.000000 2.000000 5.000000 0.000000 
 i 9.000000 0.118421 0.039474 16.000000 7.000000 7.000000 "chord" 1.000000 -1.000000 2.000000 5.000000 0.000000 
 i 9.000000 0.078947 0.078947 16.000000 8.000000 7.000000 "chord" 1.000000 -1.000000 2.000000 5.000000 0.000000 
 i 10.000000 0.039474 0.039474 16.000000 6.000000 7.000000 "drone" 0.000000 -1.000000 2.000000 2.000000 0.000000 
 i 10.000000 0.078947 0.039474 16.000000 6.000000 7.000000 "drone" 0.000000 -1.000000 2.000000 2.000000 0.000000 
 i 10.000000 0.118421 0.039474 16.000000 6.000000 7.000000 "drone" 0.000000 -1.000000 2.000000 2.000000 0.000000 
  rtevent:	   T 17.567 TT 20.239 M:  0.52705  0.55248
  rtevent:	   T 17.605 TT 20.277 M:  0.44667  0.42382
  rtevent:	   T 17.645 TT 20.317 M:  0.72223  0.68595
B 27.750 .. 28.000 T 17.684 TT 20.356 M:  0.56369  0.57544
 i 9.000000 0.315789 0.315789 16.000000 8.000000 10.000000 "chord" 1.000000 -1.000000 2.000000 5.000000 0.000000 
 i 10.000000 0.315789 0.315789 16.000000 6.000000 10.000000 "drone" 0.000000 -1.000000 2.000000 2.000000 0.000000 
 i 10.000000 0.315789 0.315789 16.000000 7.000000 10.000000 "drone" 0.000000 -1.000000 2.000000 2.000000 0.000000 
  rtevent:	   T 18.000 TT 20.672 M:  0.78885  0.78486
B 28.000 .. 29.000 T 18.316 TT 20.988 M:  0.61121  0.59535
 i 9.000000 0.315789 0.315789 16.000000 8.000000 7.000000 "chord" 1.000000 -1.000000 2.000000 5.000000 0.000000 
 i 10.000000 0.315789 0.315789 16.000000 6.000000 7.000000 "drone" 0.000000 -1.000000 2.000000 2.000000 0.000000 
  rtevent:	   T 18.632 TT 21.304 M:  0.88484  0.87459
  rtevent:	   T 18.632 TT 21.304 M:  0.00000  0.00000
B 29.000 .. 30.000 T 18.948 TT 21.620 M:  0.58057  0.60983
 i 9.000000 0.078947 0.078947 16.000000 8.000000 5.000000 "chord" 1.000000 -1.000000 2.000000 5.000000 0.000000 
 i 9.000000 0.157895 0.078947 16.000000 8.000000 5.000000 "chord" 1.000000 -1.000000 2.000000 5.000000 0.000000 
 i 9.000000 0.236842 0.078947 16.000000 8.000000 5.000000 "chord" 1.000000 -1.000000 2.000000 5.000000 0.000000 
 i 10.000000 0.078947 0.078947 16.000000 6.000000 5.000000 "drone" 0.000000 -1.000000 2.000000 2.000000 0.000000 
 i 10.000000 0.157895 0.078947 16.000000 6.000000 5.000000 "drone" 0.000000 -1.000000 2.000000 2.000000 0.000000 
 i 10.000000 0.236842 0.078947 16.000000 6.000000 5.000000 "drone" 0.000000 -1.000000 2.000000 2.000000 0.000000 
 i 10.000000 0.157895 0.157895 16.000000 7.000000 5.000000 "drone" 0.000000 -1.000000 2.000000 2.000000 0.000000 
  rtevent:	   T 19.027 TT 21.699 M:  0.73814  0.75574
  rtevent:	   T 19.105 TT 21.777 M:  0.59439  0.59869
  rtevent:	   T 19.185 TT 21.857 M:  0.36525  0.36259
B 30.000 .. 30.500 T 19.263 TT 21.935 M:  0.52392  0.53224
 i 9.000000 0.157895 0.157895 16.000000 8.000000 3.000000 "chord" 1.000000 -1.000000 2.000000 5.000000 0.000000 
 i 10.000000 0.157895 0.157895 16.000000 6.000000 3.000000 "drone" 0.000000 -1.000000 2.000000 2.000000 0.000000 
 i 10.000000 0.078947 0.078947 16.000000 7.000000 3.000000 "drone" 0.000000 -1.000000 2.000000 2.000000 0.000000 
 i 10.000000 0.157895 0.078947 16.000000 7.000000 3.000000 "drone" 0.000000 -1.000000 2.000000 2.000000 0.000000 
 i 10.000000 0.236842 0.078947 16.000000 7.000000 3.000000 "drone" 0.000000 -1.000000 2.000000 2.000000 0.000000 
  rtevent:	   T 19.341 TT 22.013 M:  0.74524  0.75675
  rtevent:	   T 19.420 TT 22.092 M:  0.59896  0.59904
  rtevent:	   T 19.500 TT 22.172 M:  0.54003  0.52626
B 30.500 .. 31.000 T 19.579 TT 22.251 M:  0.40590  0.39515
 i 9.000000 0.078947 0.078947 16.000000 7.000000 3.000000 "chord" 1.000000 -1.000000 2.000000 5.000000 0.000000 
 i 9.000000 0.157895 0.078947 16.000000 7.000000 3.000000 "chord" 1.000000 -1.000000 2.000000 5.000000 0.000000 
 i 9.000000 0.236842 0.078947 16.000000 7.000000 3.000000 "chord" 1.000000 -1.000000 2.000000 5.000000 0.000000 
 i 10.000000 0.078947 0.078947 16.000000 6.000000 3.000000 "drone" 0.000000 -1.000000 2.000000 2.000000 0.000000 
 i 10.000000 0.157895 0.078947 16.000000 6.000000 3.000000 "drone" 0.000000 -1.000000 2.000000 2.000000 0.000000 
 i 10.000000 0.236842 0.078947 16.000000 6.000000 3.000000 "drone" 0.000000 -1.000000 2.000000 2.000000 0.000000 
 i 10.000000 0.078947 0.078947 16.000000 7.000000 3.000000 "drone" 0.000000 -1.000000 2.000000 2.000000 0.000000 
 i 10.000000 0.157895 0.078947 16.000000 7.000000 3.000000 "drone" 0.000000 -1.000000 2.000000 2.000000 0.000000 
 i 10.000000 0.236842 0.078947 16.000000 7.000000 3.000000 "drone" 0.000000 -1.000000 2.000000 2.000000 0.000000 
  rtevent:	   T 19.657 TT 22.329 M:  0.67931  0.70496
  rtevent:	   T 19.736 TT 22.408 M:  0.68295  0.67085
  rtevent:	   T 19.816 TT 22.488 M:  0.46765  0.45563
B 31.000 .. 31.500 T 19.895 TT 22.567 M:  0.42671  0.43570
 i 9.000000 0.157895 0.157895 16.000000 7.000000 5.000000 "chord" 1.000000 -1.000000 2.000000 5.000000 0.000000 
 i 10.000000 0.157895 0.157895 16.000000 6.000000 5.000000 "drone" 0.000000 -1.000000 2.000000 2.000000 0.000000 
 i 10.000000 0.157895 0.157895 16.000000 7.000000 5.000000 "drone" 0.000000 -1.000000 2.000000 2.000000 0.000000 
  rtevent:	   T 20.052 TT 22.724 M:  0.61847  0.63383
B 31.500 .. 32.000 T 20.211 TT 22.883 M:  0.64735  0.65409
 i 9.000000 0.315789 0.315789 16.000000 7.000000 7.000000 "chord" 1.000000 -1.000000 2.000000 5.000000 0.000000 
 i 9.000000 0.315789 0.315789 16.000000 8.000000 7.000000 "chord" 1.000000 -1.000000 2.000000 5.000000 0.000000 
 i 10.000000 0.315789 0.315789 16.000000 6.000000 7.000000 "drone" 0.000000 -1.000000 2.000000 2.000000 0.000000 
 i 10.000000 0.157895 0.157895 16.000000 7.000000 7.000000 "drone" 0.000000 -1.000000 2.000000 2.000000 0.000000 
 i 10.000000 0.315789 0.157895 16.000000 7.000000 7.000000 "drone" 0.000000 -1.000000 2.000000 2.000000 0.000000 
 i 10.000000 0.473684 0.157895 16.000000 7.000000 7.000000 "drone" 0.000000 -1.000000 2.000000 2.000000 0.000000 
  rtevent:	   T 20.368 TT 23.040 M:  0.78173  0.77814
  rtevent:	   T 20.527 TT 23.199 M:  0.51441  0.51666
  rtevent:	   T 20.684 TT 23.356 M:  0.63673  0.62074
B 32.000 .. 33.000 T 20.843 TT 23.515 M:  0.36936  0.37289
 i 9.000000 0.078947 0.078947 16.000000 7.000000 5.000000 "chord" 1.000000 -1.000000 2.000000 5.000000 0.000000 
 i 9.000000 0.157895 0.078947 16.000000 7.000000 5.000000 "chord" 1.000000 -1.000000 2.000000 5.000000 0.000000 
 i 9.000000 0.236842 0.078947 16.000000 7.000000 5.000000 "chord" 1.000000 -1.000000 2.000000 5.000000 0.000000 
 i 9.000000 0.078947 0.078947 16.000000 8.000000 5.000000 "chord" 1.000000 -1.000000 2.000000 5.000000 0.000000 
 i 9.000000 0.157895 0.078947 16.000000 8.000000 5.000000 "chord" 1.000000 -1.000000 2.000000 5.000000 0.000000 
 i 9.000000 0.236842 0.078947 16.000000 8.000000 5.000000 "chord" 1.000000 -1.000000 2.000000 5.000000 0.000000 
 i 10.000000 0.157895 0.157895 16.000000 6.000000 5.000000 "drone" 0.000000 -1.000000 2.000000 2.000000 0.000000 
 i 10.000000 0.078947 0.078947 16.000000 7.000000 5.000000 "drone" 0.000000 -1.000000 2.000000 2.000000 0.000000 
 i 10.000000 0.157895 0.078947 16.000000 7.000000 5.000000 "drone" 0.000000 -1.000000 2.000000 2.000000 0.000000 
 i 10.000000 0.236842 0.078947 16.000000 7.000000 5.000000 "drone" 0.000000 -1.000000 2.000000 2.000000 0.000000 
  rtevent:	   T 20.921 TT 23.593 M:  0.74745  0.78278
  rtevent:	   T 21.000 TT 23.672 M:  0.63554  0.63203
  rtevent:	   T 21.080 TT 23.752 M:  0.54237  0.55011
B 33.000 .. 33.500 T 21.157 TT 23.829 M:  0.75394  0.75926
 i 9.000000 0.078947 0.078947 16.000000 7.000000 3.000000 "chord" 1.000000 -1.000000 2.000000 5.000000 0.000000 
 i 9.000000 0.157895 0.078947 16.000000 7.000000 3.000000 "chord" 1.000000 -1.000000 2.000000 5.000000 0.000000 
 i 9.000000 0.236842 0.078947 16.000000 7.000000 3.000000 "chord" 1.000000 -1.000000 2.000000 5.000000 0.000000 
 i 10.000000 0.078947 0.078947 16.000000 6.000000 3.000000 "drone" 0.000000 -1.000000 2.000000 2.000000 0.000000 
 i 10.000000 0.157895 0.078947 16.000000 6.000000 3.000000 "drone" 0.000000 -1.000000 2.000000 2.000000 0.000000 
 i 10.000000 0.236842 0.078947 16.000000 6.000000 3.000000 "drone" 0.000000 -1.000000 2.000000 2.000000 0.000000 
 i 10.000000 0.157895 0.157895 16.000000 7.000000 3.000000 "drone" 0.000000 -1.000000 2.000000 2.000000 0.000000 
  rtevent:	   T 21.236 TT 23.908 M:  0.53605  0.55639
  rtevent:	   T 21.315 TT 23.987 M:  0.71015  0.71169
  rtevent:	   T 21.395 TT 24.067 M:  0.37055  0.32917
B 33.500 .. 34.000 T 21.473 TT 24.145 M:  0.39223  0.37162
 i 9.000000 0.157895 0.157895 16.000000 7.000000 10.000000 "chord" 1.000000 -1.000000 2.000000 5.000000 0.000000 
 i 9.000000 0.315789 0.157895 16.000000 7.000000 10.000000 "chord" 1.000000 -1.000000 2.000000 5.000000 0.000000 
 i 9.000000 0.473684 0.157895 16.000000 7.000000 10.000000 "chord" 1.000000 -1.000000 2.000000 5.000000 0.000000 
 i 9.000000 0.315789 0.315789 16.000000 8.000000 10.000000 "chord" 1.000000 -1.000000 2.000000 5.000000 0.000000 
 i 10.000000 0.315789 0.315789 16.000000 6.000000 10.000000 "drone" 0.000000 -1.000000 2.000000 2.000000 0.000000 
  rtevent:	   T 21.631 TT 24.303 M:  0.68204  0.67492
  rtevent:	   T 21.789 TT 24.461 M:  0.59825  0.58323
  rtevent:	   T 21.947 TT 24.619 M:  0.89692  0.89160
B 34.000 .. 35.000 T 22.105 TT 24.777 M:  0.54108  0.55839
 i 9.000000 0.315789 0.315789 16.000000 8.000000 7.000000 "chord" 1.000000 -1.000000 2.000000 5.000000 0.000000 
 i 10.000000 0.315789 0.315789 16.000000 6.000000 7.000000 "drone" 0.000000 -1.000000 2.000000 2.000000 0.000000 
 i 10.000000 0.157895 0.157895 16.000000 7.000000 7.000000 "drone" 0.000000 -1.000000 2.000000 2.000000 0.000000 
 i 10.000000 0.315789 0.157895 16.000000 7.000000 7.000000 "drone" 0.000000 -1.000000 2.000000 2.000000 0.000000 
 i 10.000000 0.473684 0.157895 16.000000 7.000000 7.000000 "drone" 0.000000 -1.000000 2.000000 2.000000 0.000000 
  rtevent:	   T 22.263 TT 24.935 M:  0.70320  0.73151
  rtevent:	   T 22.421 TT 25.093 M:  0.64707  0.63921
  rtevent:	   T 22.579 TT 25.251 M:  0.73987  0.74904
B 35.000 .. 36.000 T 22.737 TT 25.409 M:  0.49608  0.49079
 i 9.000000 0.315789 0.315789 16.000000 8.000000 5.000000 "chord" 1.000000 -1.000000 2.000000 5.000000 0.000000 
 i 10.000000 0.315789 0.315789 16.000000 6.000000 5.000000 "drone" 0.000000 -1.000000 2.000000 2.000000 0.000000 
 i 10.000000 0.315789 0.315789 16.000000 7.000000 5.000000 "drone" 0.000000 -1.000000 2.000000 2.000000 0.000000 
  rtevent:	   T 23.053 TT 25.725 M:  0.65869  0.64798
B 36.000 .. 37.000 T 23.368 TT 26.040 M:  0.57959  0.59525
 i 9.000000 0.157895 0.157895 16.000000 7.000000 7.000000 "chord" 1.000000 -1.000000 2.000000 5.000000 0.000000 
 i 9.000000 0.315789 0.157895 16.000000 7.000000 7.000000 "chord" 1.000000 -1.000000 2.000000 5.000000 0.000000 
 i 9.000000 0.473684 0.157895 16.000000 7.000000 7.000000 "chord" 1.000000 -1.000000 2.000000 5.000000 0.000000 
 i 9.000000 0.157895 0.157895 16.000000 8.000000 7.000000 "chord" 1.000000 -1.000000 2.000000 5.000000 0.000000 
 i 9.000000 0.315789 0.157895 16.000000 8.000000 7.000000 "chord" 1.000000 -1.000000 2.000000 5.000000 0.000000 
 i 9.000000 0.473684 0.157895 16.000000 8.000000 7.000000 "chord" 1.000000 -1.000000 2.000000 5.000000 0.000000 
 i 10.000000 0.157895 0.157895 16.000000 6.000000 7.000000 "drone" 0.000000 -1.000000 2.000000 2.000000 0.000000 
 i 10.000000 0.315789 0.157895 16.000000 6.000000 7.000000 "drone" 0.000000 -1.000000 2.000000 2.000000 0.000000 
 i 10.000000 0.473684 0.157895 16.000000 6.000000 7.000000 "drone" 0.000000 -1.000000 2.000000 2.000000 0.000000 
 i 10.000000 0.157895 0.157895 16.000000 7.000000 7.000000 "drone" 0.000000 -1.000000 2.000000 2.000000 0.000000 
 i 10.000000 0.315789 0.157895 16.000000 7.000000 7.000000 "drone" 0.000000 -1.000000 2.000000 2.000000 0.000000 
 i 10.000000 0.473684 0.157895 16.000000 7.000000 7.000000 "drone" 0.000000 -1.000000 2.000000 2.000000 0.000000 
  rtevent:	   T 23.525 TT 26.197 M:  0.67036  0.68389
  rtevent:	   T 23.684 TT 26.356 M:  0.75888  0.76151
  rtevent:	   T 23.841 TT 26.513 M:  0.56915  0.58692
B 37.000 .. 38.000 T 24.000 TT 26.672 M:  0.69751  0.68956
 i 9.000000 0.157895 0.157895 16.000000 7.000000 5.000000 "chord" 1.000000 -1.000000 2.000000 5.000000 0.000000 
 i 9.000000 0.315789 0.157895 16.000000 7.000000 5.000000 "chord" 1.000000 -1.000000 2.000000 5.000000 0.000000 
 i 9.000000 0.473684 0.157895 16.000000 7.000000 5.000000 "chord" 1.000000 -1.000000 2.000000 5.000000 0.000000 
 i 9.000000 0.315789 0.315789 16.000000 8.000000 5.000000 "chord" 1.000000 -1.000000 2.000000 5.000000 0.000000 
 i 10.000000 0.315789 0.315789 16.000000 6.000000 5.000000 "drone" 0.000000 -1.000000 2.000000 2.000000 0.000000 
 i 10.000000 0.157895 0.157895 16.000000 7.000000 5.000000 "drone" 0.000000 -1.000000 2.000000 2.000000 0.000000 
 i 10.000000 0.315789 0.157895 16.000000 7.000000 5.000000 "drone" 0.000000 -1.000000 2.000000 2.000000 0.000000 
 i 10.000000 0.473684 0.157895 16.000000 7.000000 5.000000 "drone" 0.000000 -1.000000 2.000000 2.000000 0.000000 
  rtevent:	   T 24.157 TT 26.829 M:  0.57735  0.55955
  rtevent:	   T 24.316 TT 26.988 M:  0.44182  0.44069
  rtevent:	   T 24.473 TT 27.145 M:  0.84346  0.85080
B 38.000 .. 39.000 T 24.632 TT 27.304 M:  0.73636  0.77317
 i 9.000000 0.315789 0.315789 16.000000 7.000000 7.000000 "chord" 1.000000 -1.000000 2.000000 5.000000 0.000000 
 i 10.000000 0.157895 0.157895 16.000000 6.000000 7.000000 "drone" 0.000000 -1.000000 2.000000 2.000000 0.000000 
 i 10.000000 0.315789 0.157895 16.000000 6.000000 7.000000 "drone" 0.000000 -1.000000 2.000000 2.000000 0.000000 
 i 10.000000 0.473684 0.157895 16.000000 6.000000 7.000000 "drone" 0.000000 -1.000000 2.000000 2.000000 0.000000 
  rtevent:	   T 24.789 TT 27.461 M:  0.57564  0.57756
  rtevent:	   T 24.948 TT 27.620 M:  0.48223  0.50372
  rtevent:	   T 25.105 TT 27.777 M:  0.57251  0.52251
B 39.000 .. 40.000 T 25.263 TT 27.935 M:  0.36083  0.31166
 i 9.000000 0.157895 0.157895 16.000000 8.000000 10.000000 "chord" 1.000000 -1.000000 2.000000 5.000000 0.000000 
 i 10.000000 0.078947 0.078947 16.000000 6.000000 10.000000 "drone" 0.000000 -1.000000 2.000000 2.000000 0.000000 
 i 10.000000 0.157895 0.078947 16.000000 6.000000 10.000000 "drone" 0.000000 -1.000000 2.000000 2.000000 0.000000 
 i 10.000000 0.236842 0.078947 16.000000 6.000000 10.000000 "drone" 0.000000 -1.000000 2.000000 2.000000 0.000000 
 i 10.000000 0.078947 0.078947 16.000000 7.000000 10.000000 "drone" 0.000000 -1.000000 2.000000 2.000000 0.000000 
 i 10.000000 0.157895 0.078947 16.000000 7.000000 10.000000 "drone" 0.000000 -1.000000 2.000000 2.000000 0.000000 
 i 10.000000 0.236842 0.078947 16.000000 7.000000 10.000000 "drone" 0.000000 -1.000000 2.000000 2.000000 0.000000 
  rtevent:	   T 25.341 TT 28.013 M:  0.61939  0.61101
  rtevent:	   T 25.420 TT 28.092 M:  0.55436  0.55030
  rtevent:	   T 25.500 TT 28.172 M:  0.49152  0.50096
B 40.000 .. 40.500 T 25.579 TT 28.251 M:  0.50157  0.51996
 i 9.000000 0.157895 0.157895 16.000000 7.000000 7.000000 "chord" 1.000000 -1.000000 2.000000 5.000000 0.000000 
 i 9.000000 0.157895 0.157895 16.000000 8.000000 7.000000 "chord" 1.000000 -1.000000 2.000000 5.000000 0.000000 
 i 10.000000 0.157895 0.157895 16.000000 6.000000 7.000000 "drone" 0.000000 -1.000000 2.000000 2.000000 0.000000 
 i 10.000000 0.078947 0.078947 16.000000 7.000000 7.000000 "drone" 0.000000 -1.000000 2.000000 2.000000 0.000000 
 i 10.000000 0.157895 0.078947 16.000000 7.000000 7.000000 "drone" 0.000000 -1.000000 2.000000 2.000000 0.000000 
 i 10.000000 0.236842 0.078947 16.000000 7.000000 7.000000 "drone" 0.000000 -1.000000 2.000000 2.000000 0.000000 
  rtevent:	   T 25.657 TT 28.329 M:  0.70090  0.71612
  rtevent:	   T 25.736 TT 28.408 M:  0.46988  0.49488
  rtevent:	   T 25.816 TT 28.488 M:  0.70612  0.72233
B 40.500 .. 41.000 T 25.895 TT 28.567 M:  0.56336  0.57500
 i 9.000000 0.157895 0.157895 16.000000 7.000000 5.000000 "chord" 1.000000 -1.000000 2.000000 5.000000 0.000000 
 i 9.000000 0.157895 0.157895 16.000000 8.000000 5.000000 "chord" 1.000000 -1.000000 2.000000 5.000000 0.000000 
 i 10.000000 0.078947 0.078947 16.000000 6.000000 5.000000 "drone" 0.000000 -1.000000 2.000000 2.000000 0.000000 
 i 10.000000 0.157895 0.078947 16.000000 6.000000 5.000000 "drone" 0.000000 -1.000000 2.000000 2.000000 0.000000 
 i 10.000000 0.236842 0.078947 16.000000 6.000000 5.000000 "drone" 0.000000 -1.000000 2.000000 2.000000 0.000000 
  rtevent:	   T 25.973 TT 28.645 M:  0.60920  0.61255
  rtevent:	   T 26.052 TT 28.724 M:  0.43416  0.43934
  rtevent:	   T 26.132 TT 28.804 M:  0.65909  0.65657
B 41.000 .. 41.500 T 26.211 TT 28.883 M:  0.58894  0.59279
 i 9.000000 0.078947 0.078947 16.000000 7.000000 7.000000 "chord" 1.000000 -1.000000 2.000000 5.000000 0.000000 
 i 9.000000 0.157895 0.078947 16.000000 7.000000 7.000000 "chord" 1.000000 -1.000000 2.000000 5.000000 0.000000 
 i 9.000000 0.236842 0.078947 16.000000 7.000000 7.000000 "chord" 1.000000 -1.000000 2.000000 5.000000 0.000000 
 i 9.000000 0.078947 0.078947 16.000000 8.000000 7.000000 "chord" 1.000000 -1.000000 2.000000 5.000000 0.000000 
 i 9.000000 0.157895 0.078947 16.000000 8.000000 7.000000 "chord" 1.000000 -1.000000 2.000000 5.000000 0.000000 
 i 9.000000 0.236842 0.078947 16.000000 8.000000 7.000000 "chord" 1.000000 -1.000000 2.000000 5.000000 0.000000 
 i 10.000000 0.078947 0.078947 16.000000 6.000000 7.000000 "drone" 0.000000 -1.000000 2.000000 2.000000 0.000000 
 i 10.000000 0.157895 0.078947 16.000000 6.000000 7.000000 "drone" 0.000000 -1.000000 2.000000 2.000000 0.000000 
 i 10.000000 0.236842 0.078947 16.000000 6.000000 7.000000 "drone" 0.000000 -1.000000 2.000000 2.000000 0.000000 
  rtevent:	   T 26.289 TT 28.961 M:  0.72101  0.71061
  rtevent:	   T 26.368 TT 29.040 M:  0.65945  0.67267
  rtevent:	   T 26.448 TT 29.120 M:  0.77676  0.78611
B 41.500 .. 42.000 T 26.527 TT 29.199 M:  0.70262  0.68433
 i 9.000000 0.078947 0.078947 16.000000 7.000000 5.000000 "chord" 1.000000 -1.000000 2.000000 5.000000 0.000000 
 i 9.000000 0.157895 0.078947 16.000000 7.000000 5.000000 "chord" 1.000000 -1.000000 2.000000 5.000000 0.000000 
 i 9.000000 0.236842 0.078947 16.000000 7.000000 5.000000 "chord" 1.000000 -1.000000 2.000000 5.000000 0.000000 
 i 9.000000 0.078947 0.078947 16.000000 8.000000 5.000000 "chord" 1.000000 -1.000000 2.000000 5.000000 0.000000 
 i 9.000000 0.157895 0.078947 16.000000 8.000000 5.000000 "chord" 1.000000 -1.000000 2.000000 5.000000 0.000000 
 i 9.000000 0.236842 0.078947 16.000000 8.000000 5.000000 "chord" 1.000000 -1.000000 2.000000 5.000000 0.000000 
  rtevent:	   T 26.605 TT 29.277 M:  0.61268  0.55969
  rtevent:	   T 26.684 TT 29.356 M:  0.64219  0.59128
  rtevent:	   T 26.764 TT 29.436 M:  0.78938  0.76739
B 42.000 .. 42.500 T 26.843 TT 29.515 M:  0.64494  0.65197
 i 9.000000 0.078947 0.078947 16.000000 7.000000 3.000000 "chord" 1.000000 -1.000000 2.000000 5.000000 0.000000 
 i 9.000000 0.157895 0.078947 16.000000 7.000000 3.000000 "chord" 1.000000 -1.000000 2.000000 5.000000 0.000000 
 i 9.000000 0.236842 0.078947 16.000000 7.000000 3.000000 "chord" 1.000000 -1.000000 2.000000 5.000000 0.000000 
 i 9.000000 0.078947 0.078947 16.000000 8.000000 3.000000 "chord" 1.000000 -1.000000 2.000000 5.000000 0.000000 
 i 9.000000 0.157895 0.078947 16.000000 8.000000 3.000000 "chord" 1.000000 -1.000000 2.000000 5.000000 0.000000 
 i 9.000000 0.236842 0.078947 16.000000 8.000000 3.000000 "chord" 1.000000 -1.000000 2.000000 5.000000 0.000000 
 i 10.000000 0.157895 0.157895 16.000000 6.000000 3.000000 "drone" 0.000000 -1.000000 2.000000 2.000000 0.000000 
 i 10.000000 0.157895 0.157895 16.000000 7.000000 3.000000 "drone" 0.000000 -1.000000 2.000000 2.000000 0.000000 
  rtevent:	   T 26.921 TT 29.593 M:  0.72514  0.73546
  rtevent:	   T 27.000 TT 29.672 M:  0.71968  0.70534
  rtevent:	   T 27.080 TT 29.752 M:  0.39945  0.38796
B 42.500 .. 43.000 T 27.157 TT 29.829 M:  0.66583  0.66601
 i 9.000000 0.078947 0.078947 16.000000 7.000000 0.000000 "chord" 1.000000 -1.000000 2.000000 5.000000 0.000000 
 i 9.000000 0.157895 0.078947 16.000000 7.000000 0.000000 "chord" 1.000000 -1.000000 2.000000 5.000000 0.000000 
 i 9.000000 0.236842 0.078947 16.000000 7.000000 0.000000 "chord" 1.000000 -1.000000 2.000000 5.000000 0.000000 
 i 9.000000 0.078947 0.078947 16.000000 8.000000 0.000000 "chord" 1.000000 -1.000000 2.000000 5.000000 0.000000 
 i 9.000000 0.157895 0.078947 16.000000 8.000000 0.000000 "chord" 1.000000 -1.000000 2.000000 5.000000 0.000000 
 i 9.000000 0.236842 0.078947 16.000000 8.000000 0.000000 "chord" 1.000000 -1.000000 2.000000 5.000000 0.000000 
 i 10.000000 0.078947 0.078947 16.000000 6.000000 0.000000 "drone" 0.000000 -1.000000 2.000000 2.000000 0.000000 
 i 10.000000 0.157895 0.078947 16.000000 6.000000 0.000000 "drone" 0.000000 -1.000000 2.000000 2.000000 0.000000 
 i 10.000000 0.236842 0.078947 16.000000 6.000000 0.000000 "drone" 0.000000 -1.000000 2.000000 2.000000 0.000000 
 i 10.000000 0.157895 0.157895 16.000000 7.000000 0.000000 "drone" 0.000000 -1.000000 2.000000 2.000000 0.000000 
  rtevent:	   T 27.236 TT 29.908 M:  0.56371  0.55606
  rtevent:	   T 27.315 TT 29.987 M:  0.49821  0.51823
  rtevent:	   T 27.395 TT 30.067 M:  0.58791  0.59527
B 43.000 .. 43.500 T 27.473 TT 30.145 M:  0.59455  0.58815
 i 9.000000 0.078947 0.078947 16.000000 8.000000 5.000000 "chord" 1.000000 -1.000000 2.000000 5.000000 0.000000 
 i 9.000000 0.157895 0.078947 16.000000 8.000000 5.000000 "chord" 1.000000 -1.000000 2.000000 5.000000 0.000000 
 i 9.000000 0.236842 0.078947 16.000000 8.000000 5.000000 "chord" 1.000000 -1.000000 2.000000 5.000000 0.000000 
 i 10.000000 0.078947 0.078947 16.000000 7.000000 5.000000 "drone" 0.000000 -1.000000 2.000000 2.000000 0.000000 
 i 10.000000 0.157895 0.078947 16.000000 7.000000 5.000000 "drone" 0.000000 -1.000000 2.000000 2.000000 0.000000 
 i 10.000000 0.236842 0.078947 16.000000 7.000000 5.000000 "drone" 0.000000 -1.000000 2.000000 2.000000 0.000000 
  rtevent:	   T 27.552 TT 30.224 M:  0.44931  0.45062
  rtevent:	   T 27.631 TT 30.303 M:  0.65057  0.65789
  rtevent:	   T 27.711 TT 30.383 M:  0.57997  0.56453
B 43.500 .. 44.000 T 27.789 TT 30.461 M:  0.78412  0.78171
 i 9.000000 0.631579 0.631579 16.000000 8.000000 3.000000 "chord" 1.000000 -1.000000 2.000000 5.000000 0.000000 
 i 10.000000 0.631579 0.631579 16.000000 7.000000 3.000000 "drone" 0.000000 -1.000000 2.000000 2.000000 0.000000 
  rtevent:	   T 28.421 TT 31.093 M:  0.59230  0.60883
B 44.000 .. 46.000 T 29.052 TT 31.724 M:  0.70235  0.70899
 i 9.000000 0.315789 0.315789 16.000000 7.000000 10.000000 "chord" 1.000000 -1.000000 2.000000 5.000000 0.000000 
 i 9.000000 0.631579 0.315789 16.000000 7.000000 10.000000 "chord" 1.000000 -1.000000 2.000000 5.000000 0.000000 
 i 9.000000 0.947368 0.315789 16.000000 7.000000 10.000000 "chord" 1.000000 -1.000000 2.000000 5.000000 0.000000 
 i 9.000000 0.631579 0.631579 16.000000 8.000000 10.000000 "chord" 1.000000 -1.000000 2.000000 5.000000 0.000000 
 i 10.000000 0.631579 0.631579 16.000000 7.000000 10.000000 "drone" 0.000000 -1.000000 2.000000 2.000000 0.000000 
  rtevent:	   T 29.368 TT 32.040 M:  0.78635  0.80222
  rtevent:	   T 29.684 TT 32.356 M:  0.71275  0.69947
  rtevent:	   T 30.000 TT 32.672 M:  0.74985  0.74666
B 46.000 .. 48.000 T 30.316 TT 32.988 M:  0.56514  0.59794
 i 9.000000 0.078947 0.078947 16.000000 7.000000 10.000000 "chord" 1.000000 -1.000000 2.000000 5.000000 0.000000 
 i 9.000000 0.157895 0.078947 16.000000 7.000000 10.000000 "chord" 1.000000 -1.000000 2.000000 5.000000 0.000000 
 i 9.000000 0.236842 0.078947 16.000000 7.000000 10.000000 "chord" 1.000000 -1.000000 2.000000 5.000000 0.000000 
 i 9.000000 0.157895 0.157895 16.000000 8.000000 10.000000 "chord" 1.000000 -1.000000 2.000000 5.000000 0.000000 
 i 10.000000 0.078947 0.078947 16.000000 6.000000 10.000000 "drone" 0.000000 -1.000000 2.000000 2.000000 0.000000 
 i 10.000000 0.157895 0.078947 16.000000 6.000000 10.000000 "drone" 0.000000 -1.000000 2.000000 2.000000 0.000000 
 i 10.000000 0.236842 0.078947 16.000000 6.000000 10.000000 "drone" 0.000000 -1.000000 2.000000 2.000000 0.000000 
 i 10.000000 0.078947 0.078947 16.000000 7.000000 10.000000 "drone" 0.000000 -1.000000 2.000000 2.000000 0.000000 
 i 10.000000 0.157895 0.078947 16.000000 7.000000 10.000000 "drone" 0.000000 -1.000000 2.000000 2.000000 0.000000 
 i 10.000000 0.236842 0.078947 16.000000 7.000000 10.000000 "drone" 0.000000 -1.000000 2.000000 2.000000 0.000000 
  rtevent:	   T 30.395 TT 33.067 M:  0.69730  0.70572
  rtevent:	   T 30.473 TT 33.145 M:  0.56722  0.54858
  rtevent:	   T 30.553 TT 33.225 M:  0.51786  0.50040
B 48.000 .. 48.500 T 30.632 TT 33.304 M:  0.42192  0.42507
 i 9.000000 0.078947 0.078947 16.000000 8.000000 7.000000 "chord" 1.000000 -1.000000 2.000000 5.000000 0.000000 
 i 9.000000 0.157895 0.078947 16.000000 8.000000 7.000000 "chord" 1.000000 -1.000000 2.000000 5.000000 0.000000 
 i 9.000000 0.236842 0.078947 16.000000 8.000000 7.000000 "chord" 1.000000 -1.000000 2.000000 5.000000 0.000000 
 i 10.000000 0.157895 0.157895 16.000000 7.000000 7.000000 "drone" 0.000000 -1.000000 2.000000 2.000000 0.000000 
  rtevent:	   T 30.711 TT 33.383 M:  0.44379  0.43631
  rtevent:	   T 30.789 TT 33.461 M:  0.46509  0.47400
  rtevent:	   T 30.869 TT 33.541 M:  0.57041  0.53889
B 48.500 .. 49.000 T 30.948 TT 33.620 M:  0.52097  0.51219
 i 9.000000 0.157895 0.157895 16.000000 7.000000 5.000000 "chord" 1.000000 -1.000000 2.000000 5.000000 0.000000 
 i 9.000000 0.078947 0.078947 16.000000 8.000000 5.000000 "chord" 1.000000 -1.000000 2.000000 5.000000 0.000000 
 i 9.000000 0.157895 0.078947 16.000000 8.000000 5.000000 "chord" 1.000000 -1.000000 2.000000 5.000000 0.000000 
 i 9.000000 0.236842 0.078947 16.000000 8.000000 5.000000 "chord" 1.000000 -1.000000 2.000000 5.000000 0.000000 
 i 10.000000 0.078947 0.078947 16.000000 6.000000 5.000000 "drone" 0.000000 -1.000000 2.000000 2.000000 0.000000 
 i 10.000000 0.157895 0.078947 16.000000 6.000000 5.000000 "drone" 0.000000 -1.000000 2.000000 2.000000 0.000000 
 i 10.000000 0.236842 0.078947 16.000000 6.000000 5.000000 "drone" 0.000000 -1.000000 2.000000 2.000000 0.000000 
 i 10.000000 0.157895 0.157895 16.000000 7.000000 5.000000 "drone" 0.000000 -1.000000 2.000000 2.000000 0.000000 
  rtevent:	   T 31.027 TT 33.699 M:  0.65681  0.66077
  rtevent:	   T 31.105 TT 33.777 M:  0.55846  0.54151
  rtevent:	   T 31.185 TT 33.857 M:  0.63301  0.65940
B 49.000 .. 49.500 T 31.263 TT 33.935 M:  0.55500  0.55575
 i 9.000000 0.078947 0.078947 16.000000 7.000000 3.000000 "chord" 1.000000 -1.000000 2.000000 5.000000 0.000000 
 i 9.000000 0.157895 0.078947 16.000000 7.000000 3.000000 "chord" 1.000000 -1.000000 2.000000 5.000000 0.000000 
 i 9.000000 0.236842 0.078947 16.000000 7.000000 3.000000 "chord" 1.000000 -1.000000 2.000000 5.000000 0.000000 
 i 9.000000 0.078947 0.078947 16.000000 8.000000 3.000000 "chord" 1.000000 -1.000000 2.000000 5.000000 0.000000 
 i 9.000000 0.157895 0.078947 16.000000 8.000000 3.000000 "chord" 1.000000 -1.000000 2.000000 5.000000 0.000000 
 i 9.000000 0.236842 0.078947 16.000000 8.000000 3.000000 "chord" 1.000000 -1.000000 2.000000 5.000000 0.000000 
 i 10.000000 0.157895 0.157895 16.000000 6.000000 3.000000 "drone" 0.000000 -1.000000 2.000000 2.000000 0.000000 
 i 10.000000 0.157895 0.157895 16.000000 7.000000 3.000000 "drone" 0.000000 -1.000000 2.000000 2.000000 0.000000 
  rtevent:	   T 31.341 TT 34.013 M:  0.56537  0.54776
  rtevent:	   T 31.420 TT 34.092 M:  0.48980  0.49593
  rtevent:	   T 31.500 TT 34.172 M:  0.82595  0.81673
  rtevent:	   T 31.500 TT 34.172 M:  0.00000  0.00000
B 49.500 .. 50.000 T 31.579 TT 34.251 M:  0.70950  0.69660
 i 9.000000 0.157895 0.157895 16.000000 8.000000 7.000000 "chord" 1.000000 -1.000000 2.000000 5.000000 0.000000 
 i 9.000000 0.315789 0.157895 16.000000 8.000000 7.000000 "chord" 1.000000 -1.000000 2.000000 5.000000 0.000000 
 i 9.000000 0.473684 0.157895 16.000000 8.000000 7.000000 "chord" 1.000000 -1.000000 2.000000 5.000000 0.000000 
 i 10.000000 0.157895 0.157895 16.000000 6.000000 7.000000 "drone" 0.000000 -1.000000 2.000000 2.000000 0.000000 
 i 10.000000 0.315789 0.157895 16.000000 6.000000 7.000000 "drone" 0.000000 -1.000000 2.000000 2.000000 0.000000 
 i 10.000000 0.473684 0.157895 16.000000 6.000000 7.000000 "drone" 0.000000 -1.000000 2.000000 2.000000 0.000000 
  rtevent:	   T 31.736 TT 34.408 M:  0.58277  0.57055
  rtevent:	   T 31.895 TT 34.567 M:  0.58557  0.60251
  rtevent:	   T 32.052 TT 34.724 M:  0.61997  0.56243
  rtevent:	   T 32.052 TT 34.724 M:  0.00000  0.00000
B 50.000 .. 51.000 T 32.211 TT 34.883 M:  0.48642  0.46404
 i 9.000000 0.315789 0.315789 16.000000 7.000000 5.000000 "chord" 1.000000 -1.000000 2.000000 5.000000 0.000000 
 i 10.000000 0.157895 0.157895 16.000000 6.000000 5.000000 "drone" 0.000000 -1.000000 2.000000 2.000000 0.000000 
 i 10.000000 0.315789 0.157895 16.000000 6.000000 5.000000 "drone" 0.000000 -1.000000 2.000000 2.000000 0.000000 
 i 10.000000 0.473684 0.157895 16.000000 6.000000 5.000000 "drone" 0.000000 -1.000000 2.000000 2.000000 0.000000 
  rtevent:	   T 32.368 TT 35.040 M:  0.70154  0.72908
  rtevent:	   T 32.527 TT 35.199 M:  0.46349  0.46284
  rtevent:	   T 32.684 TT 35.356 M:  0.54590  0.54664
B 51.000 .. 52.000 T 32.843 TT 35.515 M:  0.43594  0.42500
 i 9.000000 0.078947 0.078947 16.000000 8.000000 7.000000 "chord" 1.000000 -1.000000 2.000000 5.000000 0.000000 
 i 9.000000 0.157895 0.078947 16.000000 8.000000 7.000000 "chord" 1.000000 -1.000000 2.000000 5.000000 0.000000 
 i 9.000000 0.236842 0.078947 16.000000 8.000000 7.000000 "chord" 1.000000 -1.000000 2.000000 5.000000 0.000000 
 i 10.000000 0.078947 0.078947 16.000000 7.000000 7.000000 "drone" 0.000000 -1.000000 2.000000 2.000000 0.000000 
 i 10.000000 0.157895 0.078947 16.000000 7.000000 7.000000 "drone" 0.000000 -1.000000 2.000000 2.000000 0.000000 
 i 10.000000 0.236842 0.078947 16.000000 7.000000 7.000000 "drone" 0.000000 -1.000000 2.000000 2.000000 0.000000 
  rtevent:	   T 32.921 TT 35.593 M:  0.69766  0.70834
  rtevent:	   T 33.000 TT 35.672 M:  0.76212  0.76070
  rtevent:	   T 33.000 TT 35.672 M:  0.00000  0.00000
  rtevent:	   T 33.080 TT 35.752 M:  0.74936  0.73376
B 52.000 .. 52.500 T 33.157 TT 35.829 M:  0.53685  0.53982
 i 10.000000 0.157895 0.157895 16.000000 6.000000 10.000000 "drone" 0.000000 -1.000000 2.000000 2.000000 0.000000 
 i 10.000000 0.078947 0.078947 16.000000 7.000000 10.000000 "drone" 0.000000 -1.000000 2.000000 2.000000 0.000000 
 i 10.000000 0.157895 0.078947 16.000000 7.000000 10.000000 "drone" 0.000000 -1.000000 2.000000 2.000000 0.000000 
 i 10.000000 0.236842 0.078947 16.000000 7.000000 10.000000 "drone" 0.000000 -1.000000 2.000000 2.000000 0.000000 
  rtevent:	   T 33.236 TT 35.908 M:  0.69753  0.68291
  rtevent:	   T 33.315 TT 35.987 M:  0.61713  0.63585
  rtevent:	   T 33.395 TT 36.067 M:  0.37023  0.38235
B 52.500 .. 53.000 T 33.473 TT 36.145 M:  0.31254  0.27410
 i 9.000000 0.157895 0.157895 16.000000 8.000000 5.000000 "chord" 1.000000 -1.000000 2.000000 5.000000 0.000000 
 i 10.000000 0.157895 0.157895 16.000000 6.000000 5.000000 "drone" 0.000000 -1.000000 2.000000 2.000000 0.000000 
 i 10.000000 0.157895 0.157895 16.000000 7.000000 5.000000 "drone" 0.000000 -1.000000 2.000000 2.000000 0.000000 
  rtevent:	   T 33.631 TT 36.303 M:  0.58653  0.59153
B 53.000 .. 53.500 T 33.789 TT 36.461 M:  0.52440  0.51731
B 53.500 .. 54.000 T 34.105 TT 36.777 M:  0.58213  0.58451
 i 9.000000 0.315789 0.315789 16.000000 7.000000 5.000000 "chord" 1.000000 -1.000000 2.000000 5.000000 0.000000 
 i 9.000000 0.157895 0.157895 16.000000 8.000000 5.000000 "chord" 1.000000 -1.000000 2.000000 5.000000 0.000000 
 i 9.000000 0.315789 0.157895 16.000000 8.000000 5.000000 "chord" 1.000000 -1.000000 2.000000 5.000000 0.000000 
 i 9.000000 0.473684 0.157895 16.000000 8.000000 5.000000 "chord" 1.000000 -1.000000 2.000000 5.000000 0.000000 
 i 10.000000 0.315789 0.315789 16.000000 6.000000 5.000000 "drone" 0.000000 -1.000000 2.000000 2.000000 0.000000 
  rtevent:	   T 34.263 TT 36.935 M:  0.69717  0.69783
  rtevent:	   T 34.421 TT 37.093 M:  0.69367  0.72102
  rtevent:	   T 34.579 TT 37.251 M:  0.66001  0.68676
B 54.000 .. 55.000 T 34.737 TT 37.409 M:  0.66499  0.62618
 i 9.000000 0.315789 0.315789 16.000000 7.000000 0.000000 "chord" 1.000000 -1.000000 2.000000 5.000000 0.000000 
 i 10.000000 0.157895 0.157895 16.000000 6.000000 0.000000 "drone" 0.000000 -1.000000 2.000000 2.000000 0.000000 
 i 10.000000 0.315789 0.157895 16.000000 6.000000 0.000000 "drone" 0.000000 -1.000000 2.000000 2.000000 0.000000 
 i 10.000000 0.473684 0.157895 16.000000 6.000000 0.000000 "drone" 0.000000 -1.000000 2.000000 2.000000 0.000000 
  rtevent:	   T 34.895 TT 37.567 M:  0.84173  0.83861
  rtevent:	   T 35.053 TT 37.725 M:  0.61550  0.61186
  rtevent:	   T 35.211 TT 37.883 M:  0.53868  0.55509
B 55.000 .. 56.000 T 35.368 TT 38.040 M:  0.32178  0.31238
 i 9.000000 0.315789 0.315789 16.000000 8.000000 3.000000 "chord" 1.000000 -1.000000 2.000000 5.000000 0.000000 
  rtevent:	   T 35.684 TT 38.356 M:  0.66129  0.67510
B 56.000 .. 57.000 T 36.000 TT 38.672 M:  0.53017  0.53381
 i 9.000000 0.157895 0.157895 16.000000 7.000000 7.000000 "chord" 1.000000 -1.000000 2.000000 5.000000 0.000000 
 i 9.000000 0.315789 0.157895 16.000000 7.000000 7.000000 "chord" 1.000000 -1.000000 2.000000 5.000000 0.000000 
 i 9.000000 0.473684 0.157895 16.000000 7.000000 7.000000 "chord" 1.000000 -1.000000 2.000000 5.000000 0.000000 
 i 9.000000 0.157895 0.157895 16.000000 8.000000 7.000000 "chord" 1.000000 -1.000000 2.000000 5.000000 0.000000 
 i 9.000000 0.315789 0.157895 16.000000 8.000000 7.000000 "chord" 1.000000 -1.000000 2.000000 5.000000 0.000000 
 i 9.000000 0.473684 0.157895 16.000000 8.000000 7.000000 "chord" 1.000000 -1.000000 2.000000 5.000000 0.000000 
 i 10.000000 0.315789 0.315789 16.000000 7.000000 7.000000 "drone" 0.000000 -1.000000 2.000000 2.000000 0.000000 
  rtevent:	   T 36.157 TT 38.829 M:  0.68899  0.67462
  rtevent:	   T 36.157 TT 38.829 M:  0.00000  0.00000
inactive allocs returned to freespace
end of score.		   overall amps:  0.93331  0.94027
	   overall samples out of range:        0        0
0 errors in performance
Elapsed time at end of performance: real: 38.922s, CPU: 3.322s
3651 512 sample blks of 64-bit floats written to dac
