0dBFS level = 32768.0
--Csound version 6.14 (double samples) 2020-11-20
[commit: none]
libsndfile-1.0.31
UnifiedCSD:  oscilla.csd
STARTING FILE
Creating options
Creating orchestra
closing tag
Creating score
rtaudio: ALSA module enabled
rtmidi: ALSA Raw MIDI module enabled
instr room uses instrument number 4
instr mixer uses instrument number 5
instr strings uses instrument number 6
Elapsed time at end of orchestra compile: real: 0.004s, CPU: 0.004s
sorting score ...
Warp_factor = 4.000000
	... done
Elapsed time at end of score sort: real: 0.004s, CPU: 0.004s
graphics suppressed, ascii substituted
0dBFS level = 1.0
orch now loaded
audio buffered in 256 sample-frame blocks
ALSA output: total buffer size: 1024, period size: 256
writing 512 sample blks of 64-bit floats to dac
SECTION 1:
new alloc for instr room:
new alloc for instr room:
new alloc for instr mixer:
new alloc for instr strings:
WARNING: Division by zero
new alloc for instr strings:
new alloc for instr strings:
new alloc for instr strings:
B  0.000 ..  0.500 T  0.308 TT  0.308 M:  0.51298  0.51298
new alloc for instr strings:
new alloc for instr strings:
new alloc for instr strings:
new alloc for instr strings:
B  0.500 ..  1.000 T  0.615 TT  0.615 M:  0.49596  0.48643
  rtevent:	   T  0.616 TT  0.616 M:  0.14821  0.03968
B  1.000 ..  1.500 T  0.923 TT  0.923 M:  0.58223  0.62764
  rtevent:	   T  0.925 TT  0.925 M:  0.15472  0.15355
B  1.500 ..  2.000 T  1.230 TT  1.230 M:  0.66718  0.67564
  rtevent:	   T  1.233 TT  1.233 M:  0.14803  0.15856
B  2.000 ..  2.500 T  1.538 TT  1.538 M:  0.57417  0.58608
  rtevent:	   T  1.542 TT  1.542 M:  0.15649  0.16987
B  2.500 ..  3.000 T  1.846 TT  1.846 M:  0.50852  0.52763
  rtevent:	   T  1.851 TT  1.851 M:  0.15361  0.11478
inactive allocs returned to freespace
end of score.		   overall amps:  0.66718  0.67564
	   overall samples out of range:        0        0
0 errors in performance
Elapsed time at end of performance: real: 2.302s, CPU: 0.210s
261 512 sample blks of 64-bit floats written to dac
