0dBFS level = 32768.0
--Csound version 6.14 (double samples) 2020-11-20
[commit: none]
libsndfile-1.0.31
UnifiedCSD:  oscilla.csd
STARTING FILE
Creating options
Creating orchestra
closing tag
Creating score
rtaudio: ALSA module enabled
rtmidi: ALSA Raw MIDI module enabled
instr room uses instrument number 4
instr mixer uses instrument number 5
instr playback uses instrument number 6
Elapsed time at end of orchestra compile: real: 0.005s, CPU: 0.005s
sorting score ...
	... done
Elapsed time at end of score sort: real: 0.005s, CPU: 0.005s
graphics suppressed, ascii substituted
0dBFS level = 1.0
orch now loaded
audio buffered in 256 sample-frame blocks
ALSA output: total buffer size: 1024, period size: 256
writing 512 sample blks of 64-bit floats to dac
SECTION 1:
new alloc for instr room:
new alloc for instr room:
new alloc for instr mixer:
new alloc for instr playback:
diskin2: opened '../recorder/channel1.1763165412.wav':
         48000 Hz, 1 channel(s), 3136512 sample frames

new alloc for instr playback:
diskin2: opened '../recorder/channel1.1763165412.wav':
         48000 Hz, 1 channel(s), 3136512 sample frames

new alloc for instr playback:
diskin2: opened '../recorder/channel1.1763165412.wav':
         48000 Hz, 1 channel(s), 3136512 sample frames

new alloc for instr playback:
diskin2: opened '../recorder/channel1.1763165412.wav':
         48000 Hz, 1 channel(s), 3136512 sample frames

new alloc for instr playback:
diskin2: opened '../recorder/channel2.1763165412.wav':
         48000 Hz, 1 channel(s), 3136512 sample frames

WARNING: Buffer underrun in real-time audio output
inactive allocs returned to freespace
end of score.		   overall amps:  1.00000  1.00000
	   overall samples out of range:        0        0
0 errors in performance
Elapsed time at end of performance: real: 42.026s, CPU: 14.256s
7830 512 sample blks of 64-bit floats written to dac
