0dBFS level = 32768.0
--Csound version 6.14 (double samples) 2020-11-20
[commit: none]
libsndfile-1.0.31
UnifiedCSD:  oscilla.csd
STARTING FILE
Creating options
Creating orchestra
closing tag
Creating score
rtaudio: ALSA module enabled
rtmidi: ALSA Raw MIDI module enabled
instr _tin uses instrument number 11
Elapsed time at end of orchestra compile: real: 0.010s, CPU: 0.010s
sorting score ...
Warp_factor = 4.000000
Warp_factor = 8.000000
Clockbase = 0.000000
Clockbase = 8.000000
Clockbase = 0.000000
Clockbase = 8.000000
Clockbase = 0.000000
twarp: illegal opcode
Warp_factor = 4.000000
Warp_factor = 16.000000
Clockbase = 0.000000
Clockbase = 8.000000
Clockbase = 0.000000
Clockbase = 8.000000
	... done
Elapsed time at end of score sort: real: 0.012s, CPU: 0.012s
graphics suppressed, ascii substituted
0dBFS level = 1.0
ftable 101:
WARNING: prerequisites/marmstk1.wav sr = 22050, orch sr = 48000.0
audio sr = 22050, monaural
opening WAV infile prerequisites/marmstk1.wav
ftable 101:	256 points, scalemax 1.000
      _

           _



                    .
     _            .
   -      .    _           _             -      _
 -                       '      . - -  _    _        -
__._'____.______'_____-_______.____________-__.___.-___'________
             .       .         .   - .  .      _    .
                       '  ' .                '   -    _
                        '        .    .   '
              '  . .
            -

       _
        _
ftable 102:
ftable 102:	128 points, scalemax 1.000
                _
            _-'' ''-_
          .'         '.
        _-             -_
       .                 .
      -                   -
     -                     -
    '                       '
   '                         '
  '                           '
_'_____________________________'________________________________
                                 _                             _
                                  _                           _
                                   _                         _
                                    _                       _
                                     .                     .
                                      .                   .
                                       -                 -
                                        '.             .'
                                          -_         _-
                                            '._____.'
orch now loaded
audio buffered in 256 sample-frame blocks
ALSA output: total buffer size: 1024, period size: 256
writing 512 sample blks of 64-bit floats to dac
SECTION 1:
new alloc for instr 1:
new alloc for instr 3:
new alloc for instr 3:
new alloc for instr 5:
WARNING: Seeding from current time 834350325

new alloc for instr 5:
WARNING: Seeding from current time 834350454

new alloc for instr _tin:
WARNING: Seeding from current time 834350567

time advanced 16.000 beats by score request
B  0.000 ..  0.500 T  0.313 TT  0.313 M:  0.00000  0.00000
B  0.500 ..  1.000 T  0.625 TT  0.625 M:  0.00000  0.00000
B  1.000 ..  1.500 T  0.937 TT  0.937 M:  0.00000  0.00000
B  1.500 ..  2.000 T  1.250 TT  1.250 M:  0.00000  0.00000
B  2.000 ..  2.500 T  1.563 TT  1.563 M:  0.00000  0.00000
B  2.500 ..  3.000 T  1.875 TT  1.875 M:  0.00000  0.00000
B  3.000 ..  3.500 T  2.187 TT  2.187 M:  0.00000  0.00000
B  3.500 ..  4.000 T  2.500 TT  2.500 M:  0.00000  0.00000
B  4.000 ..  4.500 T  2.813 TT  2.813 M:  0.00000  0.00000
B  4.500 ..  5.000 T  3.125 TT  3.125 M:  0.00000  0.00000
B  5.000 ..  5.500 T  3.437 TT  3.437 M:  0.00000  0.00000
B  5.500 ..  6.000 T  3.750 TT  3.750 M:  0.00000  0.00000
B  6.000 ..  6.500 T  4.063 TT  4.063 M:  0.00000  0.00000
B  6.500 ..  7.000 T  4.375 TT  4.375 M:  0.00000  0.00000
B  7.000 ..  7.500 T  4.687 TT  4.687 M:  0.00000  0.00000
B  7.500 ..  8.000 T  5.000 TT  5.000 M:  0.00000  0.00000
B  8.000 ..  8.500 T  5.313 TT  5.313 M:  0.00000  0.00000
B  8.500 ..  9.000 T  5.625 TT  5.625 M:  0.00000  0.00000
B  9.000 ..  9.500 T  5.937 TT  5.937 M:  0.00000  0.00000
B  9.500 .. 10.000 T  6.250 TT  6.250 M:  0.00000  0.00000
B 10.000 .. 10.500 T  6.563 TT  6.563 M:  0.00000  0.00000
B 10.500 .. 11.000 T  6.875 TT  6.875 M:  0.00000  0.00000
B 11.000 .. 11.500 T  7.187 TT  7.187 M:  0.00000  0.00000
B 11.500 .. 12.000 T  7.500 TT  7.500 M:  0.00000  0.00000
B 12.000 .. 12.500 T  7.813 TT  7.813 M:  0.00000  0.00000
B 12.500 .. 13.000 T  8.125 TT  8.125 M:  0.00000  0.00000
B 13.000 .. 13.500 T  8.437 TT  8.437 M:  0.00000  0.00000
B 13.500 .. 14.000 T  8.750 TT  8.750 M:  0.00000  0.00000
B 14.000 .. 14.500 T  9.063 TT  9.063 M:  0.00000  0.00000
B 14.500 .. 15.000 T  9.375 TT  9.375 M:  0.00000  0.00000
B 15.000 .. 15.500 T  9.687 TT  9.687 M:  0.00000  0.00000
B 15.500 .. 16.000 T 10.000 TT 10.000 M:  0.00000  0.00000
end of section 1	 sect peak amps:  0.00000  0.00000
inactive allocs returned to freespace
SECTION 2:
new alloc for instr 10:
new alloc for instr 10:
time advanced 4.000 beats by score request
B  0.000 ..  0.016 T  0.008 TT 10.008 M:  0.00000  0.00000
B  0.016 ..  0.031 T  0.015 TT 10.015 M:  0.00000  0.00000
B  0.031 ..  0.047 T  0.023 TT 10.023 M:  0.00000  0.00000
B  0.047 ..  1.000 T  0.500 TT 10.500 M:  0.00000  0.00000
B  1.000 ..  1.016 T  0.508 TT 10.508 M:  0.00000  0.00000
B  1.016 ..  1.031 T  0.515 TT 10.515 M:  0.00000  0.00000
B  1.031 ..  1.047 T  0.523 TT 10.523 M:  0.00000  0.00000
B  1.047 ..  2.000 T  1.000 TT 11.000 M:  0.00000  0.00000
B  2.000 ..  2.016 T  1.008 TT 11.008 M:  0.00000  0.00000
B  2.016 ..  2.031 T  1.015 TT 11.015 M:  0.00000  0.00000
B  2.031 ..  2.047 T  1.023 TT 11.023 M:  0.00000  0.00000
B  2.047 ..  3.000 T  1.500 TT 11.500 M:  0.00000  0.00000
B  3.000 ..  3.016 T  1.508 TT 11.508 M:  0.00000  0.00000
B  3.016 ..  3.031 T  1.515 TT 11.515 M:  0.00000  0.00000
B  3.031 ..  3.047 T  1.523 TT 11.523 M:  0.00000  0.00000
B  3.047 ..  4.000 T  2.000 TT 12.000 M:  0.00000  0.00000
end of section 2	 sect peak amps:  0.00000  0.00000
inactive allocs returned to freespace
SECTION 3:
new alloc for instr 5:
WARNING: Seeding from current time 834353977

new alloc for instr 5:
WARNING: Seeding from current time 834354138

  rtevent:	   T  0.063 TT 12.063 M:  0.17566  0.20131
  rtevent:	   T  0.125 TT 12.125 M:  0.12784  0.16548
  rtevent:	   T  0.187 TT 12.187 M:  0.13223  0.14083
  rtevent:	   T  0.250 TT 12.250 M:  0.27249  0.24480
  rtevent:	   T  0.313 TT 12.313 M:  0.13374  0.17522
  rtevent:	   T  0.375 TT 12.375 M:  0.15604  0.13240
new alloc for instr 5:
new alloc for instr 5:
  rtevent:	   T  0.437 TT 12.437 M:  0.15011  0.13942
B  0.000 ..  1.000 T  0.500 TT 12.500 M:  0.18580  0.17150
WARNING: Seeding from current time 834822589

WARNING: Seeding from current time 834822614

B  1.000 ..  2.000 T  1.000 TT 13.000 M:  0.17413  0.22227
WARNING: Seeding from current time 835330018

WARNING: Seeding from current time 835330046

  rtevent:	   T  1.250 TT 13.250 M:  0.12405  0.14067
B  2.000 ..  3.000 T  1.500 TT 13.500 M:  0.12104  0.26114
WARNING: Seeding from current time 835831743

WARNING: Seeding from current time 835831772

  rtevent:	   T  1.750 TT 13.750 M:  0.30050  0.28651
B  3.000 ..  4.000 T  2.000 TT 14.000 M:  0.18954  0.25909
WARNING: Seeding from current time 836331060

WARNING: Seeding from current time 836331106

  rtevent:	   T  2.250 TT 14.250 M:  0.19482  0.19503
B  4.000 ..  5.000 T  2.500 TT 14.500 M:  0.12896  0.19096
WARNING: Seeding from current time 836828789

WARNING: Seeding from current time 836828815

B  5.000 ..  6.000 T  3.000 TT 15.000 M:  0.18847  0.27395
WARNING: Seeding from current time 837326376

WARNING: Seeding from current time 837326407

  rtevent:	   T  3.063 TT 15.063 M:  0.15703  0.21364
  rtevent:	   T  3.125 TT 15.125 M:  0.18212  0.29489
  rtevent:	   T  3.187 TT 15.187 M:  0.20106  0.25707
  rtevent:	   T  3.250 TT 15.250 M:  0.11254  0.16456
  rtevent:	   T  3.313 TT 15.313 M:  0.22574  0.20000
  rtevent:	   T  3.375 TT 15.375 M:  0.22413  0.17074
  rtevent:	   T  3.437 TT 15.437 M:  0.25507  0.23678
B  6.000 ..  7.000 T  3.500 TT 15.500 M:  0.21528  0.24154
WARNING: Seeding from current time 837828645

WARNING: Seeding from current time 837828701

  rtevent:	   T  3.563 TT 15.563 M:  0.30033  0.17614
  rtevent:	   T  3.625 TT 15.625 M:  0.25723  0.23977
  rtevent:	   T  3.687 TT 15.687 M:  0.25242  0.29472
  rtevent:	   T  3.750 TT 15.750 M:  0.32520  0.15793
  rtevent:	   T  3.813 TT 15.813 M:  0.15481  0.22535
  rtevent:	   T  3.875 TT 15.875 M:  0.25101  0.32638
  rtevent:	   T  3.937 TT 15.937 M:  0.32975  0.14568
B  7.000 ..  8.000 T  4.000 TT 16.000 M:  0.09797  0.23688
WARNING: Seeding from current time 838329013

WARNING: Seeding from current time 838329090

  rtevent:	   T  4.063 TT 16.063 M:  0.29206  0.25964
  rtevent:	   T  4.063 TT 16.063 M:  0.00000  0.00000
  rtevent:	   T  4.125 TT 16.125 M:  0.26368  0.16038
  rtevent:	   T  4.187 TT 16.187 M:  0.28099  0.19890
  rtevent:	   T  4.250 TT 16.250 M:  0.31994  0.27486
  rtevent:	   T  4.313 TT 16.313 M:  0.24565  0.23285
  rtevent:	   T  4.313 TT 16.313 M:  0.00000  0.00000
  rtevent:	   T  4.375 TT 16.375 M:  0.22911  0.24752
  rtevent:	   T  4.437 TT 16.437 M:  0.26636  0.23303
B  8.000 ..  9.000 T  4.500 TT 16.500 M:  0.16359  0.27264
WARNING: Seeding from current time 838827495

WARNING: Seeding from current time 838827572

  rtevent:	   T  4.563 TT 16.563 M:  0.18981  0.23516
  rtevent:	   T  4.563 TT 16.563 M:  0.00000  0.00000
  rtevent:	   T  4.625 TT 16.625 M:  0.26064  0.24235
  rtevent:	   T  4.687 TT 16.687 M:  0.27431  0.25915
  rtevent:	   T  4.750 TT 16.750 M:  0.28742  0.16748
  rtevent:	   T  4.813 TT 16.813 M:  0.35449  0.21553
  rtevent:	   T  4.813 TT 16.813 M:  0.00000  0.00000
  rtevent:	   T  4.875 TT 16.875 M:  0.15504  0.28614
  rtevent:	   T  4.937 TT 16.937 M:  0.26691  0.19504
B  9.000 .. 10.000 T  5.000 TT 17.000 M:  0.25997  0.25046
WARNING: Seeding from current time 839327780

WARNING: Seeding from current time 839327838

  rtevent:	   T  5.125 TT 17.125 M:  0.21727  0.23364
  rtevent:	   T  5.250 TT 17.250 M:  0.18339  0.28964
  rtevent:	   T  5.375 TT 17.375 M:  0.17012  0.22118
B 10.000 .. 11.000 T  5.500 TT 17.500 M:  0.14987  0.23366
WARNING: Seeding from current time 839830864

WARNING: Seeding from current time 839830911

  rtevent:	   T  5.563 TT 17.563 M:  0.17283  0.19160
  rtevent:	   T  5.563 TT 17.563 M:  0.00000  0.00000
  rtevent:	   T  5.625 TT 17.625 M:  0.23651  0.24453
  rtevent:	   T  5.687 TT 17.687 M:  0.21531  0.22951
  rtevent:	   T  5.750 TT 17.750 M:  0.21545  0.17010
  rtevent:	   T  5.813 TT 17.813 M:  0.20334  0.20209
  rtevent:	   T  5.813 TT 17.813 M:  0.00000  0.00000
  rtevent:	   T  5.875 TT 17.875 M:  0.17935  0.20837
  rtevent:	   T  5.937 TT 17.937 M:  0.19228  0.14020
B 11.000 .. 12.000 T  6.000 TT 18.000 M:  0.13141  0.13163
WARNING: Seeding from current time 840328609

WARNING: Seeding from current time 840328663

  rtevent:	   T  6.125 TT 18.125 M:  0.14434  0.09073
  rtevent:	   T  6.250 TT 18.250 M:  0.14525  0.21497
  rtevent:	   T  6.375 TT 18.375 M:  0.12037  0.18883
B 12.000 .. 13.000 T  6.500 TT 18.500 M:  0.17276  0.19458
WARNING: Seeding from current time 840829591

WARNING: Seeding from current time 840829663

  rtevent:	   T  6.625 TT 18.625 M:  0.21913  0.17615
  rtevent:	   T  6.750 TT 18.750 M:  0.15681  0.09833
  rtevent:	   T  6.875 TT 18.875 M:  0.15783  0.19341
B 13.000 .. 14.000 T  7.000 TT 19.000 M:  0.15657  0.25485
WARNING: Seeding from current time 841328023

WARNING: Seeding from current time 841328089

  rtevent:	   T  7.250 TT 19.250 M:  0.24645  0.16769
B 14.000 .. 15.000 T  7.500 TT 19.500 M:  0.22687  0.14879
WARNING: Seeding from current time 841832712

WARNING: Seeding from current time 841832778

  rtevent:	   T  7.625 TT 19.625 M:  0.13531  0.22564
  rtevent:	   T  7.750 TT 19.750 M:  0.18081  0.17337
  rtevent:	   T  7.875 TT 19.875 M:  0.19062  0.18235
B 15.000 .. 16.000 T  8.000 TT 20.000 M:  0.20518  0.23338
end of section 3	 sect peak amps:  0.35449  0.32638
inactive allocs returned to freespace
SECTION 4:
new alloc for instr 4:
end of section 4	 sect peak amps:  0.00000  0.00000
SECTION 1:
new alloc for instr 1:
new alloc for instr 5:
WARNING: Seeding from current time 842327058

new alloc for instr 5:
WARNING: Seeding from current time 842327109

WARNING: Seeding from current time 842327121

time advanced 16.000 beats by score request
B  0.000 ..  0.500 T  0.313 TT  0.313 M:  0.00000  0.00000
B  0.500 ..  1.000 T  0.625 TT  0.625 M:  0.00000  0.00000
B  1.000 ..  1.500 T  0.937 TT  0.937 M:  0.00000  0.00000
B  1.500 ..  2.000 T  1.250 TT  1.250 M:  0.00000  0.00000
B  2.000 ..  2.500 T  1.563 TT  1.563 M:  0.00000  0.00000
B  2.500 ..  3.000 T  1.875 TT  1.875 M:  0.00000  0.00000
B  3.000 ..  3.500 T  2.187 TT  2.187 M:  0.00000  0.00000
B  3.500 ..  4.000 T  2.500 TT  2.500 M:  0.00000  0.00000
B  4.000 ..  4.500 T  2.813 TT  2.813 M:  0.00000  0.00000
B  4.500 ..  5.000 T  3.125 TT  3.125 M:  0.00000  0.00000
B  5.000 ..  5.500 T  3.437 TT  3.437 M:  0.00000  0.00000
B  5.500 ..  6.000 T  3.750 TT  3.750 M:  0.00000  0.00000
B  6.000 ..  6.500 T  4.063 TT  4.063 M:  0.00000  0.00000
B  6.500 ..  7.000 T  4.375 TT  4.375 M:  0.00000  0.00000
B  7.000 ..  7.500 T  4.687 TT  4.687 M:  0.00000  0.00000
B  7.500 ..  8.000 T  5.000 TT  5.000 M:  0.00000  0.00000
B  8.000 ..  8.500 T  5.313 TT  5.313 M:  0.00000  0.00000
B  8.500 ..  9.000 T  5.625 TT  5.625 M:  0.00000  0.00000
B  9.000 ..  9.500 T  5.937 TT  5.937 M:  0.00000  0.00000
B  9.500 .. 10.000 T  6.250 TT  6.250 M:  0.00000  0.00000
B 10.000 .. 10.500 T  6.563 TT  6.563 M:  0.00000  0.00000
B 10.500 .. 11.000 T  6.875 TT  6.875 M:  0.00000  0.00000
B 11.000 .. 11.500 T  7.187 TT  7.187 M:  0.00000  0.00000
B 11.500 .. 12.000 T  7.500 TT  7.500 M:  0.00000  0.00000
B 12.000 .. 12.500 T  7.813 TT  7.813 M:  0.00000  0.00000
B 12.500 .. 13.000 T  8.125 TT  8.125 M:  0.00000  0.00000
B 13.000 .. 13.500 T  8.437 TT  8.437 M:  0.00000  0.00000
B 13.500 .. 14.000 T  8.750 TT  8.750 M:  0.00000  0.00000
B 14.000 .. 14.500 T  9.063 TT  9.063 M:  0.00000  0.00000
B 14.500 .. 15.000 T  9.375 TT  9.375 M:  0.00000  0.00000
B 15.000 .. 15.500 T  9.687 TT  9.687 M:  0.00000  0.00000
B 15.500 .. 16.000 T 10.000 TT 10.000 M:  0.00000  0.00000
end of section 1	 sect peak amps:  0.00000  0.00000
inactive allocs returned to freespace
SECTION 2:
new alloc for instr 10:
new alloc for instr 10:
time advanced 4.000 beats by score request
B  0.000 ..  0.016 T  0.008 TT 10.008 M:  0.00000  0.00000
B  0.016 ..  0.031 T  0.015 TT 10.015 M:  0.00000  0.00000
B  0.031 ..  0.047 T  0.023 TT 10.023 M:  0.00000  0.00000
B  0.047 ..  1.000 T  0.500 TT 10.500 M:  0.00000  0.00000
B  1.000 ..  1.016 T  0.508 TT 10.508 M:  0.00000  0.00000
B  1.016 ..  1.031 T  0.515 TT 10.515 M:  0.00000  0.00000
B  1.031 ..  1.047 T  0.523 TT 10.523 M:  0.00000  0.00000
B  1.047 ..  2.000 T  1.000 TT 11.000 M:  0.00000  0.00000
B  2.000 ..  2.016 T  1.008 TT 11.008 M:  0.00000  0.00000
B  2.016 ..  2.031 T  1.015 TT 11.015 M:  0.00000  0.00000
B  2.031 ..  2.047 T  1.023 TT 11.023 M:  0.00000  0.00000
B  2.047 ..  3.000 T  1.500 TT 11.500 M:  0.00000  0.00000
B  3.000 ..  3.016 T  1.508 TT 11.508 M:  0.00000  0.00000
B  3.016 ..  3.031 T  1.515 TT 11.515 M:  0.00000  0.00000
B  3.031 ..  3.047 T  1.523 TT 11.523 M:  0.00000  0.00000
B  3.047 ..  4.000 T  2.000 TT 12.000 M:  0.00000  0.00000
end of section 2	 sect peak amps:  0.00000  0.00000
inactive allocs returned to freespace
SECTION 3:
new alloc for instr 5:
WARNING: Seeding from current time 842328217

new alloc for instr 5:
WARNING: Seeding from current time 842328245

inactive allocs returned to freespace
end of score.		   overall amps:  0.35449  0.32638
	   overall samples out of range:        0        0
0 errors in performance
Elapsed time at end of performance: real: 8.408s, CPU: 0.800s
1522 512 sample blks of 64-bit floats written to dac
